2021-04-16 12:11:45.013 +02:00 [INF] Please setup your database in order to have the RabbitMq messaging backup feature
2021-04-16 12:11:46.010 +02:00 [INF] Please setup your database in order to have the RabbitMq messaging backup feature
2021-04-16 12:11:51.738 +02:00 [DBG] Hosting starting
2021-04-16 12:11:51.889 +02:00 [INF] User profile is available. Using 'C:\Users\apenahig\AppData\Local\ASP.NET\DataProtection-Keys' as key repository and Windows DPAPI to encrypt keys at rest.
2021-04-16 12:11:52.196 +02:00 [DBG] Reading data from file 'C:\Users\apenahig\AppData\Local\ASP.NET\DataProtection-Keys\key-9d073722-32c1-4422-88d8-684df3278e92.xml'.
2021-04-16 12:11:52.259 +02:00 [DBG] Found key {9d073722-32c1-4422-88d8-684df3278e92}.
2021-04-16 12:11:52.277 +02:00 [DBG] Considering key {9d073722-32c1-4422-88d8-684df3278e92} with expiration date 2021-06-21 11:20:35Z as default key.
2021-04-16 12:11:52.292 +02:00 [DBG] Forwarded activator type request from Microsoft.AspNetCore.DataProtection.XmlEncryption.DpapiXmlDecryptor, Microsoft.AspNetCore.DataProtection, Version=3.1.13.0, Culture=neutral, PublicKeyToken=adb9793829ddae60 to Microsoft.AspNetCore.DataProtection.XmlEncryption.DpapiXmlDecryptor, Microsoft.AspNetCore.DataProtection, Culture=neutral, PublicKeyToken=adb9793829ddae60
2021-04-16 12:11:52.304 +02:00 [DBG] Decrypting secret element using Windows DPAPI.
2021-04-16 12:11:52.308 +02:00 [DBG] Forwarded activator type request from Microsoft.AspNetCore.DataProtection.AuthenticatedEncryption.ConfigurationModel.AuthenticatedEncryptorDescriptorDeserializer, Microsoft.AspNetCore.DataProtection, Version=3.1.13.0, Culture=neutral, PublicKeyToken=adb9793829ddae60 to Microsoft.AspNetCore.DataProtection.AuthenticatedEncryption.ConfigurationModel.AuthenticatedEncryptorDescriptorDeserializer, Microsoft.AspNetCore.DataProtection, Culture=neutral, PublicKeyToken=adb9793829ddae60
2021-04-16 12:11:52.313 +02:00 [DBG] Opening CNG algorithm 'AES' from provider 'null' with chaining mode CBC.
2021-04-16 12:11:52.321 +02:00 [DBG] Opening CNG algorithm 'SHA256' from provider 'null' with HMAC.
2021-04-16 12:11:52.329 +02:00 [DBG] Using key {9d073722-32c1-4422-88d8-684df3278e92} as the default key.
2021-04-16 12:11:52.331 +02:00 [DBG] Key ring with default key {9d073722-32c1-4422-88d8-684df3278e92} was loaded during application startup.
2021-04-16 12:11:52.531 +02:00 [DBG] Registered model binder providers, in the following order: ["Microsoft.AspNetCore.Mvc.ModelBinding.Binders.BinderTypeModelBinderProvider","Microsoft.AspNetCore.Mvc.ModelBinding.Binders.ServicesModelBinderProvider","Microsoft.AspNetCore.Mvc.ModelBinding.Binders.BodyModelBinderProvider","Microsoft.AspNetCore.Mvc.ModelBinding.Binders.HeaderModelBinderProvider","Microsoft.AspNetCore.Mvc.ModelBinding.Binders.FloatingPointTypeModelBinderProvider","Microsoft.AspNetCore.Mvc.ModelBinding.Binders.EnumTypeModelBinderProvider","Microsoft.AspNetCore.Mvc.ModelBinding.Binders.SimpleTypeModelBinderProvider","Microsoft.AspNetCore.Mvc.ModelBinding.Binders.CancellationTokenModelBinderProvider","Microsoft.AspNetCore.Mvc.ModelBinding.Binders.ByteArrayModelBinderProvider","Microsoft.AspNetCore.Mvc.ModelBinding.Binders.FormFileModelBinderProvider","Microsoft.AspNetCore.Mvc.ModelBinding.Binders.FormCollectionModelBinderProvider","Microsoft.AspNetCore.Mvc.ModelBinding.Binders.KeyValuePairModelBinderProvider","Microsoft.AspNetCore.Mvc.ModelBinding.Binders.DictionaryModelBinderProvider","Microsoft.AspNetCore.Mvc.ModelBinding.Binders.ArrayModelBinderProvider","Microsoft.AspNetCore.Mvc.ModelBinding.Binders.CollectionModelBinderProvider","Microsoft.AspNetCore.Mvc.ModelBinding.Binders.ComplexTypeModelBinderProvider"]
2021-04-16 12:11:52.595 +02:00 [DBG] Initializing Razor view compiler with no compiled views.
2021-04-16 12:11:52.685 +02:00 [DBG] Failed to locate the development https certificate at 'null'.
2021-04-16 12:11:52.693 +02:00 [WRN] Overriding address(es) 'https://localhost:8085'. Binding to endpoints defined in UseKestrel() instead.
2021-04-16 12:11:52.773 +02:00 [INF] Now listening on: https://0.0.0.0:8085
2021-04-16 12:11:52.775 +02:00 [DBG] Loaded hosting startup assembly Devon4Net.Application.WebAPI
2021-04-16 12:11:52.777 +02:00 [INF] Application started. Press Ctrl+C to shut down.
2021-04-16 12:11:52.778 +02:00 [INF] Hosting environment: Development
2021-04-16 12:11:52.779 +02:00 [INF] Content root path: C:\Users\apenahig\source\repos\devon4net\source\Templates\WebAPI\Devon4Net.Application.WebAPI
2021-04-16 12:11:52.781 +02:00 [DBG] Hosting started
2021-04-16 12:11:52.832 +02:00 [DBG] Connection id "0HM80O079JB5E" received FIN.
2021-04-16 12:11:52.882 +02:00 [DBG] Connection id "0HM80O079JB5E" accepted.
2021-04-16 12:11:52.897 +02:00 [DBG] Connection id "0HM80O079JB5E" started.
2021-04-16 12:11:53.068 +02:00 [DBG] Failed to authenticate HTTPS connection.
System.IO.IOException: Authentication failed because the remote party has closed the transport stream.
   at System.Net.Security.SslStream.StartReadFrame(Byte[] buffer, Int32 readBytes, AsyncProtocolRequest asyncRequest)
   at System.Net.Security.SslStream.StartReceiveBlob(Byte[] buffer, AsyncProtocolRequest asyncRequest)
   at System.Net.Security.SslStream.ForceAuthentication(Boolean receiveFirst, Byte[] buffer, AsyncProtocolRequest asyncRequest)
   at System.Net.Security.SslStream.ProcessAuthentication(LazyAsyncResult lazyResult, CancellationToken cancellationToken)
   at System.Net.Security.SslStream.BeginAuthenticateAsServer(SslServerAuthenticationOptions sslServerAuthenticationOptions, CancellationToken cancellationToken, AsyncCallback asyncCallback, Object asyncState)
   at System.Net.Security.SslStream.<>c.<AuthenticateAsServerAsync>b__69_0(SslServerAuthenticationOptions arg1, CancellationToken arg2, AsyncCallback callback, Object state)
   at System.Threading.Tasks.TaskFactory`1.FromAsyncImpl[TArg1,TArg2](Func`5 beginMethod, Func`2 endFunction, Action`1 endAction, TArg1 arg1, TArg2 arg2, Object state, TaskCreationOptions creationOptions)
   at System.Threading.Tasks.TaskFactory.FromAsync[TArg1,TArg2](Func`5 beginMethod, Action`1 endMethod, TArg1 arg1, TArg2 arg2, Object state, TaskCreationOptions creationOptions)
   at System.Threading.Tasks.TaskFactory.FromAsync[TArg1,TArg2](Func`5 beginMethod, Action`1 endMethod, TArg1 arg1, TArg2 arg2, Object state)
   at System.Net.Security.SslStream.AuthenticateAsServerAsync(SslServerAuthenticationOptions sslServerAuthenticationOptions, CancellationToken cancellationToken)
   at Microsoft.AspNetCore.Server.Kestrel.Https.Internal.HttpsConnectionMiddleware.InnerOnConnectionAsync(ConnectionContext context)
2021-04-16 12:11:53.466 +02:00 [DBG] Connection id "0HM80O079JB5E" stopped.
2021-04-16 12:11:53.524 +02:00 [DBG] Connection id "0HM80O079JB5E" sending FIN because: "The Socket transport's send loop completed gracefully."
2021-04-16 12:12:00.683 +02:00 [DBG] Connection id "0HM80O079JB5F" accepted.
2021-04-16 12:12:00.742 +02:00 [DBG] Connection id "0HM80O079JB5F" started.
2021-04-16 12:12:00.914 +02:00 [DBG] Connection id "0HM80O079JB5G" accepted.
2021-04-16 12:12:01.597 +02:00 [DBG] Connection id "0HM80O079JB5G" started.
2021-04-16 12:12:02.440 +02:00 [DBG] Connection id "0HM80O079JB5F" received FIN.
2021-04-16 12:12:02.514 +02:00 [DBG] Failed to authenticate HTTPS connection.
System.Security.Authentication.AuthenticationException: Authentication failed, see inner exception.
 ---> System.ComponentModel.Win32Exception (0x80090327): An unknown error occurred while processing the certificate.
   --- End of inner exception stack trace ---
   at System.Net.Security.SslStream.StartSendAuthResetSignal(ProtocolToken message, AsyncProtocolRequest asyncRequest, ExceptionDispatchInfo exception)
   at System.Net.Security.SslStream.CheckCompletionBeforeNextReceive(ProtocolToken message, AsyncProtocolRequest asyncRequest)
   at System.Net.Security.SslStream.StartSendBlob(Byte[] incoming, Int32 count, AsyncProtocolRequest asyncRequest)
   at System.Net.Security.SslStream.ProcessReceivedBlob(Byte[] buffer, Int32 count, AsyncProtocolRequest asyncRequest)
   at System.Net.Security.SslStream.StartReadFrame(Byte[] buffer, Int32 readBytes, AsyncProtocolRequest asyncRequest)
   at System.Net.Security.SslStream.PartialFrameCallback(AsyncProtocolRequest asyncRequest)
--- End of stack trace from previous location where exception was thrown ---
   at System.Net.Security.SslStream.ThrowIfExceptional()
   at System.Net.Security.SslStream.InternalEndProcessAuthentication(LazyAsyncResult lazyResult)
   at System.Net.Security.SslStream.EndProcessAuthentication(IAsyncResult result)
   at System.Net.Security.SslStream.EndAuthenticateAsServer(IAsyncResult asyncResult)
   at System.Net.Security.SslStream.<>c.<AuthenticateAsServerAsync>b__69_1(IAsyncResult iar)
   at System.Threading.Tasks.TaskFactory`1.FromAsyncCoreLogic(IAsyncResult iar, Func`2 endFunction, Action`1 endAction, Task`1 promise, Boolean requiresSynchronization)
--- End of stack trace from previous location where exception was thrown ---
   at Microsoft.AspNetCore.Server.Kestrel.Https.Internal.HttpsConnectionMiddleware.InnerOnConnectionAsync(ConnectionContext context)
2021-04-16 12:12:02.661 +02:00 [DBG] Connection id "0HM80O079JB5H" accepted.
2021-04-16 12:12:11.667 +02:00 [DBG] Connection id "0HM80O079JB5F" sending FIN because: "The connection was aborted by the application via ConnectionContext.Abort()."
2021-04-16 12:12:10.634 +02:00 [DBG] Connection id "0HM80O079JB5G" stopped.
2021-04-16 12:12:02.442 +02:00 [DBG] Connection id "0HM80O079JB5G" received FIN.
2021-04-16 12:12:12.948 +02:00 [DBG] Connection id "0HM80O079JB5I" accepted.
2021-04-16 12:12:12.940 +02:00 [DBG] Connection id "0HM80O079JB5H" started.
2021-04-16 12:12:15.286 +02:00 [DBG] Connection id "0HM80O079JB5G" sending FIN because: "The Socket transport's send loop completed gracefully."
2021-04-16 12:12:16.329 +02:00 [DBG] Connection id "0HM80O079JB5I" started.
2021-04-16 12:12:02.525 +02:00 [DBG] Failed to authenticate HTTPS connection.
System.Security.Authentication.AuthenticationException: Authentication failed, see inner exception.
 ---> System.ComponentModel.Win32Exception (0x80090327): An unknown error occurred while processing the certificate.
   --- End of inner exception stack trace ---
   at System.Net.Security.SslStream.StartSendAuthResetSignal(ProtocolToken message, AsyncProtocolRequest asyncRequest, ExceptionDispatchInfo exception)
   at System.Net.Security.SslStream.CheckCompletionBeforeNextReceive(ProtocolToken message, AsyncProtocolRequest asyncRequest)
   at System.Net.Security.SslStream.StartSendBlob(Byte[] incoming, Int32 count, AsyncProtocolRequest asyncRequest)
   at System.Net.Security.SslStream.ProcessReceivedBlob(Byte[] buffer, Int32 count, AsyncProtocolRequest asyncRequest)
   at System.Net.Security.SslStream.StartReadFrame(Byte[] buffer, Int32 readBytes, AsyncProtocolRequest asyncRequest)
   at System.Net.Security.SslStream.PartialFrameCallback(AsyncProtocolRequest asyncRequest)
--- End of stack trace from previous location where exception was thrown ---
   at System.Net.Security.SslStream.ThrowIfExceptional()
   at System.Net.Security.SslStream.InternalEndProcessAuthentication(LazyAsyncResult lazyResult)
   at System.Net.Security.SslStream.EndProcessAuthentication(IAsyncResult result)
   at System.Net.Security.SslStream.EndAuthenticateAsServer(IAsyncResult asyncResult)
   at System.Net.Security.SslStream.<>c.<AuthenticateAsServerAsync>b__69_1(IAsyncResult iar)
   at System.Threading.Tasks.TaskFactory`1.FromAsyncCoreLogic(IAsyncResult iar, Func`2 endFunction, Action`1 endAction, Task`1 promise, Boolean requiresSynchronization)
--- End of stack trace from previous location where exception was thrown ---
   at Microsoft.AspNetCore.Server.Kestrel.Https.Internal.HttpsConnectionMiddleware.InnerOnConnectionAsync(ConnectionContext context)
2021-04-16 12:12:17.526 +02:00 [INF] Request starting HTTP/1.1 GET https://localhost:8085/swagger/index.html  
2021-04-16 12:12:17.980 +02:00 [DBG] Connection id "0HM80O079JB5F" stopped.
2021-04-16 12:12:18.083 +02:00 [DBG] Wildcard detected, all requests with hosts will be allowed.
2021-04-16 12:12:18.118 +02:00 [DBG] The host 'localhost' is excluded. Skipping HSTS header.
2021-04-16 12:12:18.350 +02:00 [DBG] The request path /swagger/index.html does not match an existing file
2021-04-16 12:12:18.415 +02:00 [DBG] AcceptLanguageHeaderRequestCultureProvider returned the following unsupported cultures '["en-US","en"]'.
2021-04-16 12:12:19.943 +02:00 [DBG] Connection id "0HM80O079JB5H" completed keep alive response.
2021-04-16 12:12:19.959 +02:00 [INF] Request finished in 2463.0542ms 200 text/html;charset=utf-8
2021-04-16 12:12:20.209 +02:00 [INF] Request starting HTTP/1.1 GET https://localhost:8085/swagger/swagger-ui-bundle.js  
2021-04-16 12:12:20.220 +02:00 [DBG] The host 'localhost' is excluded. Skipping HSTS header.
2021-04-16 12:12:20.307 +02:00 [DBG] The request path /swagger/swagger-ui-bundle.js does not match an existing file
2021-04-16 12:12:20.529 +02:00 [DBG] Connection id "0HM80O079JB5J" accepted.
2021-04-16 12:12:20.553 +02:00 [INF] Request starting HTTP/1.1 GET https://localhost:8085/swagger/swagger-ui.css  
2021-04-16 12:12:20.827 +02:00 [DBG] Connection id "0HM80O079JB5J" started.
2021-04-16 12:12:20.830 +02:00 [DBG] AcceptLanguageHeaderRequestCultureProvider returned the following unsupported cultures '["en-US","en"]'.
2021-04-16 12:12:21.041 +02:00 [DBG] The host 'localhost' is excluded. Skipping HSTS header.
2021-04-16 12:12:21.299 +02:00 [DBG] Failed to authenticate HTTPS connection.
System.Security.Authentication.AuthenticationException: Authentication failed, see inner exception.
 ---> System.ComponentModel.Win32Exception (0x80090327): An unknown error occurred while processing the certificate.
   --- End of inner exception stack trace ---
   at System.Net.Security.SslStream.StartSendAuthResetSignal(ProtocolToken message, AsyncProtocolRequest asyncRequest, ExceptionDispatchInfo exception)
   at System.Net.Security.SslStream.CheckCompletionBeforeNextReceive(ProtocolToken message, AsyncProtocolRequest asyncRequest)
   at System.Net.Security.SslStream.StartSendBlob(Byte[] incoming, Int32 count, AsyncProtocolRequest asyncRequest)
   at System.Net.Security.SslStream.ProcessReceivedBlob(Byte[] buffer, Int32 count, AsyncProtocolRequest asyncRequest)
   at System.Net.Security.SslStream.StartReadFrame(Byte[] buffer, Int32 readBytes, AsyncProtocolRequest asyncRequest)
   at System.Net.Security.SslStream.PartialFrameCallback(AsyncProtocolRequest asyncRequest)
--- End of stack trace from previous location where exception was thrown ---
   at System.Net.Security.SslStream.ThrowIfExceptional()
   at System.Net.Security.SslStream.InternalEndProcessAuthentication(LazyAsyncResult lazyResult)
   at System.Net.Security.SslStream.EndProcessAuthentication(IAsyncResult result)
   at System.Net.Security.SslStream.EndAuthenticateAsServer(IAsyncResult asyncResult)
   at System.Net.Security.SslStream.<>c.<AuthenticateAsServerAsync>b__69_1(IAsyncResult iar)
   at System.Threading.Tasks.TaskFactory`1.FromAsyncCoreLogic(IAsyncResult iar, Func`2 endFunction, Action`1 endAction, Task`1 promise, Boolean requiresSynchronization)
--- End of stack trace from previous location where exception was thrown ---
   at Microsoft.AspNetCore.Server.Kestrel.Https.Internal.HttpsConnectionMiddleware.InnerOnConnectionAsync(ConnectionContext context)
2021-04-16 12:12:22.834 +02:00 [INF] Application is shutting down...
2021-04-16 12:12:21.810 +02:00 [DBG] Connection id "0HM80O079JB5K" accepted.
2021-04-16 12:13:54.416 +02:00 [INF] Please setup your database in order to have the RabbitMq messaging backup feature
2021-04-16 12:13:55.573 +02:00 [INF] Please setup your database in order to have the RabbitMq messaging backup feature
2021-04-16 12:14:02.573 +02:00 [DBG] Hosting starting
2021-04-16 12:14:03.128 +02:00 [INF] User profile is available. Using 'C:\Users\apenahig\AppData\Local\ASP.NET\DataProtection-Keys' as key repository and Windows DPAPI to encrypt keys at rest.
2021-04-16 12:14:04.108 +02:00 [DBG] Reading data from file 'C:\Users\apenahig\AppData\Local\ASP.NET\DataProtection-Keys\key-9d073722-32c1-4422-88d8-684df3278e92.xml'.
2021-04-16 12:14:04.231 +02:00 [DBG] Found key {9d073722-32c1-4422-88d8-684df3278e92}.
2021-04-16 12:14:04.272 +02:00 [DBG] Considering key {9d073722-32c1-4422-88d8-684df3278e92} with expiration date 2021-06-21 11:20:35Z as default key.
2021-04-16 12:14:04.308 +02:00 [DBG] Forwarded activator type request from Microsoft.AspNetCore.DataProtection.XmlEncryption.DpapiXmlDecryptor, Microsoft.AspNetCore.DataProtection, Version=3.1.13.0, Culture=neutral, PublicKeyToken=adb9793829ddae60 to Microsoft.AspNetCore.DataProtection.XmlEncryption.DpapiXmlDecryptor, Microsoft.AspNetCore.DataProtection, Culture=neutral, PublicKeyToken=adb9793829ddae60
2021-04-16 12:14:04.320 +02:00 [DBG] Decrypting secret element using Windows DPAPI.
2021-04-16 12:14:04.333 +02:00 [DBG] Forwarded activator type request from Microsoft.AspNetCore.DataProtection.AuthenticatedEncryption.ConfigurationModel.AuthenticatedEncryptorDescriptorDeserializer, Microsoft.AspNetCore.DataProtection, Version=3.1.13.0, Culture=neutral, PublicKeyToken=adb9793829ddae60 to Microsoft.AspNetCore.DataProtection.AuthenticatedEncryption.ConfigurationModel.AuthenticatedEncryptorDescriptorDeserializer, Microsoft.AspNetCore.DataProtection, Culture=neutral, PublicKeyToken=adb9793829ddae60
2021-04-16 12:14:04.388 +02:00 [DBG] Opening CNG algorithm 'AES' from provider 'null' with chaining mode CBC.
2021-04-16 12:14:04.424 +02:00 [DBG] Opening CNG algorithm 'SHA256' from provider 'null' with HMAC.
2021-04-16 12:14:04.441 +02:00 [DBG] Using key {9d073722-32c1-4422-88d8-684df3278e92} as the default key.
2021-04-16 12:14:04.471 +02:00 [DBG] Key ring with default key {9d073722-32c1-4422-88d8-684df3278e92} was loaded during application startup.
2021-04-16 12:14:05.053 +02:00 [DBG] Registered model binder providers, in the following order: ["Microsoft.AspNetCore.Mvc.ModelBinding.Binders.BinderTypeModelBinderProvider","Microsoft.AspNetCore.Mvc.ModelBinding.Binders.ServicesModelBinderProvider","Microsoft.AspNetCore.Mvc.ModelBinding.Binders.BodyModelBinderProvider","Microsoft.AspNetCore.Mvc.ModelBinding.Binders.HeaderModelBinderProvider","Microsoft.AspNetCore.Mvc.ModelBinding.Binders.FloatingPointTypeModelBinderProvider","Microsoft.AspNetCore.Mvc.ModelBinding.Binders.EnumTypeModelBinderProvider","Microsoft.AspNetCore.Mvc.ModelBinding.Binders.SimpleTypeModelBinderProvider","Microsoft.AspNetCore.Mvc.ModelBinding.Binders.CancellationTokenModelBinderProvider","Microsoft.AspNetCore.Mvc.ModelBinding.Binders.ByteArrayModelBinderProvider","Microsoft.AspNetCore.Mvc.ModelBinding.Binders.FormFileModelBinderProvider","Microsoft.AspNetCore.Mvc.ModelBinding.Binders.FormCollectionModelBinderProvider","Microsoft.AspNetCore.Mvc.ModelBinding.Binders.KeyValuePairModelBinderProvider","Microsoft.AspNetCore.Mvc.ModelBinding.Binders.DictionaryModelBinderProvider","Microsoft.AspNetCore.Mvc.ModelBinding.Binders.ArrayModelBinderProvider","Microsoft.AspNetCore.Mvc.ModelBinding.Binders.CollectionModelBinderProvider","Microsoft.AspNetCore.Mvc.ModelBinding.Binders.ComplexTypeModelBinderProvider"]
2021-04-16 12:14:05.158 +02:00 [DBG] Initializing Razor view compiler with no compiled views.
2021-04-16 12:14:05.244 +02:00 [DBG] Failed to locate the development https certificate at 'null'.
2021-04-16 12:14:05.256 +02:00 [WRN] Overriding address(es) 'https://localhost:8085'. Binding to endpoints defined in UseKestrel() instead.
2021-04-16 12:14:05.322 +02:00 [INF] Now listening on: https://0.0.0.0:8085
2021-04-16 12:14:05.325 +02:00 [DBG] Loaded hosting startup assembly Devon4Net.Application.WebAPI
2021-04-16 12:14:05.333 +02:00 [INF] Application started. Press Ctrl+C to shut down.
2021-04-16 12:14:05.336 +02:00 [INF] Hosting environment: Development
2021-04-16 12:14:05.343 +02:00 [INF] Content root path: C:\Users\apenahig\source\repos\devon4net\source\Templates\WebAPI\Devon4Net.Application.WebAPI
2021-04-16 12:14:05.346 +02:00 [DBG] Hosting started
2021-04-16 12:14:05.488 +02:00 [DBG] Connection id "0HM80O1EQFALB" accepted.
2021-04-16 12:14:05.489 +02:00 [DBG] Connection id "0HM80O1EQFALB" received FIN.
2021-04-16 12:14:05.492 +02:00 [DBG] Connection id "0HM80O1EQFALB" started.
2021-04-16 12:14:05.602 +02:00 [DBG] Failed to authenticate HTTPS connection.
System.IO.IOException: Authentication failed because the remote party has closed the transport stream.
   at System.Net.Security.SslStream.StartReadFrame(Byte[] buffer, Int32 readBytes, AsyncProtocolRequest asyncRequest)
   at System.Net.Security.SslStream.StartReceiveBlob(Byte[] buffer, AsyncProtocolRequest asyncRequest)
   at System.Net.Security.SslStream.ForceAuthentication(Boolean receiveFirst, Byte[] buffer, AsyncProtocolRequest asyncRequest)
   at System.Net.Security.SslStream.ProcessAuthentication(LazyAsyncResult lazyResult, CancellationToken cancellationToken)
   at System.Net.Security.SslStream.BeginAuthenticateAsServer(SslServerAuthenticationOptions sslServerAuthenticationOptions, CancellationToken cancellationToken, AsyncCallback asyncCallback, Object asyncState)
   at System.Net.Security.SslStream.<>c.<AuthenticateAsServerAsync>b__69_0(SslServerAuthenticationOptions arg1, CancellationToken arg2, AsyncCallback callback, Object state)
   at System.Threading.Tasks.TaskFactory`1.FromAsyncImpl[TArg1,TArg2](Func`5 beginMethod, Func`2 endFunction, Action`1 endAction, TArg1 arg1, TArg2 arg2, Object state, TaskCreationOptions creationOptions)
   at System.Threading.Tasks.TaskFactory.FromAsync[TArg1,TArg2](Func`5 beginMethod, Action`1 endMethod, TArg1 arg1, TArg2 arg2, Object state, TaskCreationOptions creationOptions)
   at System.Threading.Tasks.TaskFactory.FromAsync[TArg1,TArg2](Func`5 beginMethod, Action`1 endMethod, TArg1 arg1, TArg2 arg2, Object state)
   at System.Net.Security.SslStream.AuthenticateAsServerAsync(SslServerAuthenticationOptions sslServerAuthenticationOptions, CancellationToken cancellationToken)
   at Microsoft.AspNetCore.Server.Kestrel.Https.Internal.HttpsConnectionMiddleware.InnerOnConnectionAsync(ConnectionContext context)
2021-04-16 12:14:05.811 +02:00 [DBG] Connection id "0HM80O1EQFALB" stopped.
2021-04-16 12:14:05.831 +02:00 [DBG] Connection id "0HM80O1EQFALB" sending FIN because: "The Socket transport's send loop completed gracefully."
2021-04-16 12:14:08.469 +02:00 [DBG] Connection id "0HM80O1EQFALC" accepted.
2021-04-16 12:14:09.377 +02:00 [DBG] Connection id "0HM80O1EQFALC" started.
2021-04-16 12:14:11.798 +02:00 [DBG] Connection id "0HM80O1EQFALC" received FIN.
2021-04-16 12:14:12.093 +02:00 [DBG] Failed to authenticate HTTPS connection.
System.Security.Authentication.AuthenticationException: Authentication failed, see inner exception.
 ---> System.ComponentModel.Win32Exception (0x80090327): An unknown error occurred while processing the certificate.
   --- End of inner exception stack trace ---
   at System.Net.Security.SslStream.StartSendAuthResetSignal(ProtocolToken message, AsyncProtocolRequest asyncRequest, ExceptionDispatchInfo exception)
   at System.Net.Security.SslStream.CheckCompletionBeforeNextReceive(ProtocolToken message, AsyncProtocolRequest asyncRequest)
   at System.Net.Security.SslStream.StartSendBlob(Byte[] incoming, Int32 count, AsyncProtocolRequest asyncRequest)
   at System.Net.Security.SslStream.ProcessReceivedBlob(Byte[] buffer, Int32 count, AsyncProtocolRequest asyncRequest)
   at System.Net.Security.SslStream.StartReadFrame(Byte[] buffer, Int32 readBytes, AsyncProtocolRequest asyncRequest)
   at System.Net.Security.SslStream.PartialFrameCallback(AsyncProtocolRequest asyncRequest)
--- End of stack trace from previous location where exception was thrown ---
   at System.Net.Security.SslStream.ThrowIfExceptional()
   at System.Net.Security.SslStream.InternalEndProcessAuthentication(LazyAsyncResult lazyResult)
   at System.Net.Security.SslStream.EndProcessAuthentication(IAsyncResult result)
   at System.Net.Security.SslStream.EndAuthenticateAsServer(IAsyncResult asyncResult)
   at System.Net.Security.SslStream.<>c.<AuthenticateAsServerAsync>b__69_1(IAsyncResult iar)
   at System.Threading.Tasks.TaskFactory`1.FromAsyncCoreLogic(IAsyncResult iar, Func`2 endFunction, Action`1 endAction, Task`1 promise, Boolean requiresSynchronization)
--- End of stack trace from previous location where exception was thrown ---
   at Microsoft.AspNetCore.Server.Kestrel.Https.Internal.HttpsConnectionMiddleware.InnerOnConnectionAsync(ConnectionContext context)
2021-04-16 12:14:12.098 +02:00 [DBG] Connection id "0HM80O1EQFALD" accepted.
2021-04-16 12:14:12.533 +02:00 [DBG] Connection id "0HM80O1EQFALC" stopped.
2021-04-16 12:14:12.547 +02:00 [DBG] Connection id "0HM80O1EQFALD" started.
2021-04-16 12:14:12.558 +02:00 [DBG] Connection id "0HM80O1EQFALC" sending FIN because: "The Socket transport's send loop completed gracefully."
2021-04-16 12:14:12.605 +02:00 [DBG] Connection id "0HM80O1EQFALE" accepted.
2021-04-16 12:14:12.622 +02:00 [DBG] Connection id "0HM80O1EQFALE" started.
2021-04-16 12:14:13.363 +02:00 [INF] Request starting HTTP/1.1 GET https://localhost:8085/swagger/index.html  
2021-04-16 12:14:13.415 +02:00 [DBG] Wildcard detected, all requests with hosts will be allowed.
2021-04-16 12:14:13.452 +02:00 [DBG] The host 'localhost' is excluded. Skipping HSTS header.
2021-04-16 12:14:13.674 +02:00 [DBG] The request path /swagger/index.html does not match an existing file
2021-04-16 12:14:13.765 +02:00 [DBG] AcceptLanguageHeaderRequestCultureProvider returned the following unsupported cultures '["en-US","en"]'.
2021-04-16 12:14:14.846 +02:00 [DBG] Connection id "0HM80O1EQFALE" received FIN.
2021-04-16 12:14:14.929 +02:00 [DBG] Connection id "0HM80O1EQFALE" disconnecting.
2021-04-16 12:14:14.977 +02:00 [DBG] Connection id "0HM80O1EQFALE" sending FIN because: "The client closed the connection."
2021-04-16 12:14:15.014 +02:00 [DBG] Connection id "0HM80O1EQFALE" stopped.
2021-04-16 12:14:15.344 +02:00 [DBG] Connection id "0HM80O1EQFALD" completed keep alive response.
2021-04-16 12:14:15.421 +02:00 [INF] Request finished in 2070.2997ms 200 text/html;charset=utf-8
2021-04-16 12:14:16.062 +02:00 [DBG] Connection id "0HM80O1EQFALF" accepted.
2021-04-16 12:14:16.420 +02:00 [INF] Request starting HTTP/1.1 GET https://localhost:8085/swagger/swagger-ui.css  
2021-04-16 12:14:16.498 +02:00 [DBG] Connection id "0HM80O1EQFALF" started.
2021-04-16 12:14:16.502 +02:00 [DBG] The host 'localhost' is excluded. Skipping HSTS header.
2021-04-16 12:14:16.502 +02:00 [DBG] Connection id "0HM80O1EQFALG" accepted.
2021-04-16 12:14:16.544 +02:00 [DBG] The request path /swagger/swagger-ui.css does not match an existing file
2021-04-16 12:14:16.545 +02:00 [DBG] Connection id "0HM80O1EQFALF" received FIN.
2021-04-16 12:14:16.584 +02:00 [DBG] Connection id "0HM80O1EQFALG" started.
2021-04-16 12:14:16.591 +02:00 [DBG] AcceptLanguageHeaderRequestCultureProvider returned the following unsupported cultures '["en-US","en"]'.
2021-04-16 12:14:16.595 +02:00 [DBG] Failed to authenticate HTTPS connection.
System.Security.Authentication.AuthenticationException: Authentication failed, see inner exception.
 ---> System.ComponentModel.Win32Exception (0x80090327): An unknown error occurred while processing the certificate.
   --- End of inner exception stack trace ---
   at System.Net.Security.SslStream.StartSendAuthResetSignal(ProtocolToken message, AsyncProtocolRequest asyncRequest, ExceptionDispatchInfo exception)
   at System.Net.Security.SslStream.CheckCompletionBeforeNextReceive(ProtocolToken message, AsyncProtocolRequest asyncRequest)
   at System.Net.Security.SslStream.StartSendBlob(Byte[] incoming, Int32 count, AsyncProtocolRequest asyncRequest)
   at System.Net.Security.SslStream.ProcessReceivedBlob(Byte[] buffer, Int32 count, AsyncProtocolRequest asyncRequest)
   at System.Net.Security.SslStream.StartReadFrame(Byte[] buffer, Int32 readBytes, AsyncProtocolRequest asyncRequest)
   at System.Net.Security.SslStream.PartialFrameCallback(AsyncProtocolRequest asyncRequest)
--- End of stack trace from previous location where exception was thrown ---
   at System.Net.Security.SslStream.ThrowIfExceptional()
   at System.Net.Security.SslStream.InternalEndProcessAuthentication(LazyAsyncResult lazyResult)
   at System.Net.Security.SslStream.EndProcessAuthentication(IAsyncResult result)
   at System.Net.Security.SslStream.EndAuthenticateAsServer(IAsyncResult asyncResult)
   at System.Net.Security.SslStream.<>c.<AuthenticateAsServerAsync>b__69_1(IAsyncResult iar)
   at System.Threading.Tasks.TaskFactory`1.FromAsyncCoreLogic(IAsyncResult iar, Func`2 endFunction, Action`1 endAction, Task`1 promise, Boolean requiresSynchronization)
--- End of stack trace from previous location where exception was thrown ---
   at Microsoft.AspNetCore.Server.Kestrel.Https.Internal.HttpsConnectionMiddleware.InnerOnConnectionAsync(ConnectionContext context)
2021-04-16 12:14:16.924 +02:00 [DBG] Connection id "0HM80O1EQFALH" accepted.
2021-04-16 12:14:16.793 +02:00 [DBG] Failed to authenticate HTTPS connection.
System.Security.Authentication.AuthenticationException: Authentication failed, see inner exception.
 ---> System.ComponentModel.Win32Exception (0x80090327): An unknown error occurred while processing the certificate.
   --- End of inner exception stack trace ---
   at System.Net.Security.SslStream.StartSendAuthResetSignal(ProtocolToken message, AsyncProtocolRequest asyncRequest, ExceptionDispatchInfo exception)
   at System.Net.Security.SslStream.CheckCompletionBeforeNextReceive(ProtocolToken message, AsyncProtocolRequest asyncRequest)
   at System.Net.Security.SslStream.StartSendBlob(Byte[] incoming, Int32 count, AsyncProtocolRequest asyncRequest)
   at System.Net.Security.SslStream.ProcessReceivedBlob(Byte[] buffer, Int32 count, AsyncProtocolRequest asyncRequest)
   at System.Net.Security.SslStream.StartReadFrame(Byte[] buffer, Int32 readBytes, AsyncProtocolRequest asyncRequest)
   at System.Net.Security.SslStream.PartialFrameCallback(AsyncProtocolRequest asyncRequest)
--- End of stack trace from previous location where exception was thrown ---
   at System.Net.Security.SslStream.ThrowIfExceptional()
   at System.Net.Security.SslStream.InternalEndProcessAuthentication(LazyAsyncResult lazyResult)
   at System.Net.Security.SslStream.EndProcessAuthentication(IAsyncResult result)
   at System.Net.Security.SslStream.EndAuthenticateAsServer(IAsyncResult asyncResult)
   at System.Net.Security.SslStream.<>c.<AuthenticateAsServerAsync>b__69_1(IAsyncResult iar)
   at System.Threading.Tasks.TaskFactory`1.FromAsyncCoreLogic(IAsyncResult iar, Func`2 endFunction, Action`1 endAction, Task`1 promise, Boolean requiresSynchronization)
--- End of stack trace from previous location where exception was thrown ---
   at Microsoft.AspNetCore.Server.Kestrel.Https.Internal.HttpsConnectionMiddleware.InnerOnConnectionAsync(ConnectionContext context)
2021-04-16 12:14:17.313 +02:00 [INF] Sending file. Request path: '/swagger-ui.css'. Physical path: 'N/A'
2021-04-16 12:14:17.365 +02:00 [DBG] Connection id "0HM80O1EQFALF" stopped.
2021-04-16 12:14:16.746 +02:00 [DBG] Connection id "0HM80O1EQFALG" received FIN.
2021-04-16 12:14:17.379 +02:00 [DBG] Connection id "0HM80O1EQFALI" accepted.
2021-04-16 12:14:17.464 +02:00 [DBG] Connection id "0HM80O1EQFALD" completed keep alive response.
2021-04-16 12:14:17.456 +02:00 [DBG] Connection id "0HM80O1EQFALG" stopped.
2021-04-16 12:14:17.474 +02:00 [DBG] Connection id "0HM80O1EQFALF" sending FIN because: "The Socket transport's send loop completed gracefully."
2021-04-16 12:14:17.493 +02:00 [DBG] Connection id "0HM80O1EQFALI" started.
2021-04-16 12:14:17.495 +02:00 [INF] Request finished in 1079.6105ms 200 text/css
2021-04-16 12:14:17.499 +02:00 [DBG] Connection id "0HM80O1EQFALG" sending FIN because: "The Socket transport's send loop completed gracefully."
2021-04-16 12:14:17.370 +02:00 [DBG] Connection id "0HM80O1EQFALH" started.
2021-04-16 12:14:17.526 +02:00 [INF] Request starting HTTP/1.1 GET https://localhost:8085/swagger/swagger-ui-bundle.js  
2021-04-16 12:14:17.541 +02:00 [DBG] The host 'localhost' is excluded. Skipping HSTS header.
2021-04-16 12:14:17.543 +02:00 [INF] Request starting HTTP/1.1 GET https://localhost:8085/swagger/swagger-ui-standalone-preset.js  
2021-04-16 12:14:17.544 +02:00 [DBG] The request path /swagger/swagger-ui-bundle.js does not match an existing file
2021-04-16 12:14:17.546 +02:00 [DBG] The host 'localhost' is excluded. Skipping HSTS header.
2021-04-16 12:14:17.549 +02:00 [DBG] AcceptLanguageHeaderRequestCultureProvider returned the following unsupported cultures '["en-US","en"]'.
2021-04-16 12:14:17.556 +02:00 [DBG] The request path /swagger/swagger-ui-standalone-preset.js does not match an existing file
2021-04-16 12:14:17.562 +02:00 [DBG] AcceptLanguageHeaderRequestCultureProvider returned the following unsupported cultures '["en-US","en"]'.
2021-04-16 12:14:17.657 +02:00 [INF] Sending file. Request path: '/swagger-ui-standalone-preset.js'. Physical path: 'N/A'
2021-04-16 12:14:17.661 +02:00 [DBG] Connection id "0HM80O1EQFALI" completed keep alive response.
2021-04-16 12:14:17.670 +02:00 [INF] Request finished in 120.284ms 200 application/javascript
2021-04-16 12:14:17.705 +02:00 [INF] Sending file. Request path: '/swagger-ui-bundle.js'. Physical path: 'N/A'
2021-04-16 12:14:17.708 +02:00 [DBG] Connection id "0HM80O1EQFALD" completed keep alive response.
2021-04-16 12:14:17.715 +02:00 [INF] Request finished in 188.6413ms 200 application/javascript
2021-04-16 12:14:18.180 +02:00 [INF] Request starting HTTP/1.1 GET https://localhost:8085/swagger/v1/swagger.json  
2021-04-16 12:14:18.187 +02:00 [DBG] The host 'localhost' is excluded. Skipping HSTS header.
2021-04-16 12:14:18.190 +02:00 [DBG] The request path /swagger/v1/swagger.json does not match an existing file
2021-04-16 12:14:18.194 +02:00 [DBG] AcceptLanguageHeaderRequestCultureProvider returned the following unsupported cultures '["en-US","en"]'.
2021-04-16 12:14:19.853 +02:00 [DBG] Connection id "0HM80O1EQFALH" received FIN.
2021-04-16 12:14:19.854 +02:00 [DBG] Connection id "0HM80O1EQFALI" received FIN.
2021-04-16 12:14:19.861 +02:00 [DBG] Connection id "0HM80O1EQFALI" disconnecting.
2021-04-16 12:14:19.859 +02:00 [DBG] Connection id "0HM80O1EQFALH" sending FIN because: "The client closed the connection."
2021-04-16 12:14:19.863 +02:00 [DBG] Connection id "0HM80O1EQFALI" sending FIN because: "The client closed the connection."
2021-04-16 12:14:19.868 +02:00 [DBG] Connection id "0HM80O1EQFALH" disconnecting.
2021-04-16 12:14:19.873 +02:00 [DBG] Connection id "0HM80O1EQFALH" stopped.
2021-04-16 12:14:19.886 +02:00 [DBG] Connection id "0HM80O1EQFALI" stopped.
2021-04-16 12:14:20.489 +02:00 [DBG] Connection id "0HM80O1EQFALD" completed keep alive response.
2021-04-16 12:14:20.491 +02:00 [INF] Request finished in 2311.729ms 200 application/json;charset=utf-8
2021-04-16 12:14:24.863 +02:00 [DBG] Connection id "0HM80O1EQFALD" received FIN.
2021-04-16 12:14:24.878 +02:00 [DBG] Connection id "0HM80O1EQFALD" sending FIN because: "The client closed the connection."
2021-04-16 12:14:24.881 +02:00 [DBG] Connection id "0HM80O1EQFALD" disconnecting.
2021-04-16 12:14:24.896 +02:00 [DBG] Connection id "0HM80O1EQFALD" stopped.
2021-04-16 12:14:46.794 +02:00 [DBG] Connection id "0HM80O1EQFALJ" accepted.
2021-04-16 12:14:46.807 +02:00 [DBG] Connection id "0HM80O1EQFALJ" started.
2021-04-16 12:14:46.817 +02:00 [DBG] Connection id "0HM80O1EQFALJ" received FIN.
2021-04-16 12:14:46.819 +02:00 [DBG] Failed to authenticate HTTPS connection.
System.Security.Authentication.AuthenticationException: Authentication failed, see inner exception.
 ---> System.ComponentModel.Win32Exception (0x80090327): An unknown error occurred while processing the certificate.
   --- End of inner exception stack trace ---
   at System.Net.Security.SslStream.StartSendAuthResetSignal(ProtocolToken message, AsyncProtocolRequest asyncRequest, ExceptionDispatchInfo exception)
   at System.Net.Security.SslStream.CheckCompletionBeforeNextReceive(ProtocolToken message, AsyncProtocolRequest asyncRequest)
   at System.Net.Security.SslStream.StartSendBlob(Byte[] incoming, Int32 count, AsyncProtocolRequest asyncRequest)
   at System.Net.Security.SslStream.ProcessReceivedBlob(Byte[] buffer, Int32 count, AsyncProtocolRequest asyncRequest)
   at System.Net.Security.SslStream.StartReadFrame(Byte[] buffer, Int32 readBytes, AsyncProtocolRequest asyncRequest)
   at System.Net.Security.SslStream.PartialFrameCallback(AsyncProtocolRequest asyncRequest)
--- End of stack trace from previous location where exception was thrown ---
   at System.Net.Security.SslStream.ThrowIfExceptional()
   at System.Net.Security.SslStream.InternalEndProcessAuthentication(LazyAsyncResult lazyResult)
   at System.Net.Security.SslStream.EndProcessAuthentication(IAsyncResult result)
   at System.Net.Security.SslStream.EndAuthenticateAsServer(IAsyncResult asyncResult)
   at System.Net.Security.SslStream.<>c.<AuthenticateAsServerAsync>b__69_1(IAsyncResult iar)
   at System.Threading.Tasks.TaskFactory`1.FromAsyncCoreLogic(IAsyncResult iar, Func`2 endFunction, Action`1 endAction, Task`1 promise, Boolean requiresSynchronization)
--- End of stack trace from previous location where exception was thrown ---
   at Microsoft.AspNetCore.Server.Kestrel.Https.Internal.HttpsConnectionMiddleware.InnerOnConnectionAsync(ConnectionContext context)
2021-04-16 12:14:46.841 +02:00 [DBG] Connection id "0HM80O1EQFALJ" stopped.
2021-04-16 12:14:46.845 +02:00 [DBG] Connection id "0HM80O1EQFALJ" sending FIN because: "The Socket transport's send loop completed gracefully."
2021-04-16 12:14:47.033 +02:00 [DBG] Connection id "0HM80O1EQFALK" accepted.
2021-04-16 12:14:47.043 +02:00 [DBG] Connection id "0HM80O1EQFALK" started.
2021-04-16 12:14:47.059 +02:00 [DBG] Connection id "0HM80O1EQFALK" received FIN.
2021-04-16 12:14:47.061 +02:00 [DBG] Failed to authenticate HTTPS connection.
System.Security.Authentication.AuthenticationException: Authentication failed, see inner exception.
 ---> System.ComponentModel.Win32Exception (0x80090327): An unknown error occurred while processing the certificate.
   --- End of inner exception stack trace ---
   at System.Net.Security.SslStream.StartSendAuthResetSignal(ProtocolToken message, AsyncProtocolRequest asyncRequest, ExceptionDispatchInfo exception)
   at System.Net.Security.SslStream.CheckCompletionBeforeNextReceive(ProtocolToken message, AsyncProtocolRequest asyncRequest)
   at System.Net.Security.SslStream.StartSendBlob(Byte[] incoming, Int32 count, AsyncProtocolRequest asyncRequest)
   at System.Net.Security.SslStream.ProcessReceivedBlob(Byte[] buffer, Int32 count, AsyncProtocolRequest asyncRequest)
   at System.Net.Security.SslStream.StartReadFrame(Byte[] buffer, Int32 readBytes, AsyncProtocolRequest asyncRequest)
   at System.Net.Security.SslStream.PartialFrameCallback(AsyncProtocolRequest asyncRequest)
--- End of stack trace from previous location where exception was thrown ---
   at System.Net.Security.SslStream.ThrowIfExceptional()
   at System.Net.Security.SslStream.InternalEndProcessAuthentication(LazyAsyncResult lazyResult)
   at System.Net.Security.SslStream.EndProcessAuthentication(IAsyncResult result)
   at System.Net.Security.SslStream.EndAuthenticateAsServer(IAsyncResult asyncResult)
   at System.Net.Security.SslStream.<>c.<AuthenticateAsServerAsync>b__69_1(IAsyncResult iar)
   at System.Threading.Tasks.TaskFactory`1.FromAsyncCoreLogic(IAsyncResult iar, Func`2 endFunction, Action`1 endAction, Task`1 promise, Boolean requiresSynchronization)
--- End of stack trace from previous location where exception was thrown ---
   at Microsoft.AspNetCore.Server.Kestrel.Https.Internal.HttpsConnectionMiddleware.InnerOnConnectionAsync(ConnectionContext context)
2021-04-16 12:14:47.084 +02:00 [DBG] Connection id "0HM80O1EQFALK" stopped.
2021-04-16 12:14:47.085 +02:00 [DBG] Connection id "0HM80O1EQFALK" sending FIN because: "The Socket transport's send loop completed gracefully."
2021-04-16 12:14:47.137 +02:00 [DBG] Connection id "0HM80O1EQFALL" accepted.
2021-04-16 12:14:47.139 +02:00 [DBG] Connection id "0HM80O1EQFALL" started.
2021-04-16 12:14:47.151 +02:00 [INF] Request starting HTTP/1.1 POST https://localhost:8085/v1/authormanagement/publish?authorId=b023a18f-b35a-4200-b204-198f7b5ef007 application/json 55
2021-04-16 12:14:47.152 +02:00 [DBG] The host 'localhost' is excluded. Skipping HSTS header.
2021-04-16 12:14:47.153 +02:00 [DBG] POST requests are not supported
2021-04-16 12:14:47.156 +02:00 [DBG] AcceptLanguageHeaderRequestCultureProvider returned the following unsupported cultures '["en-US","en"]'.
2021-04-16 12:14:47.158 +02:00 [DBG] POST requests are not supported
2021-04-16 12:14:47.174 +02:00 [DBG] No candidates found for the request path '/v1/authormanagement/publish'
2021-04-16 12:14:47.175 +02:00 [DBG] Request did not match any endpoints
2021-04-16 12:14:47.268 +02:00 [DBG] AuthenticationScheme: Bearer was not authenticated.
2021-04-16 12:14:47.305 +02:00 [DBG] Request successfully matched the route with name 'null' and template 'v1/authormanagement/publish'
2021-04-16 12:14:47.368 +02:00 [DBG] Connection id "0HM80O1EQFALM" accepted.
2021-04-16 12:14:47.370 +02:00 [INF] Route matched with {action = "PublishBook", controller = "Author"}. Executing controller action with signature System.Threading.Tasks.Task`1[Microsoft.AspNetCore.Mvc.ActionResult] PublishBook(System.Guid, Devon4Net.WebAPI.Implementation.Business.BookManagement.Dto.BookDto) on controller Devon4Net.WebAPI.Implementation.Business.AuthorManagement.Controllers.AuthorController (Devon4Net.WebAPI.Implementation).
2021-04-16 12:14:47.373 +02:00 [DBG] Connection id "0HM80O1EQFALM" started.
2021-04-16 12:14:47.379 +02:00 [DBG] Execution plan of authorization filters (in the following order): ["Microsoft.AspNetCore.Mvc.Cors.CorsAuthorizationFilter (Order: -2147483548)"]
2021-04-16 12:14:47.387 +02:00 [DBG] Execution plan of resource filters (in the following order): ["Microsoft.AspNetCore.Mvc.ViewFeatures.Filters.SaveTempDataFilter"]
2021-04-16 12:14:47.389 +02:00 [DBG] Execution plan of action filters (in the following order): ["Microsoft.AspNetCore.Mvc.ModelBinding.UnsupportedContentTypeFilter (Order: -3000)","Microsoft.AspNetCore.Mvc.Infrastructure.ModelStateInvalidFilter (Order: -2000)"]
2021-04-16 12:14:47.395 +02:00 [DBG] Execution plan of exception filters (in the following order): ["None"]
2021-04-16 12:14:47.406 +02:00 [DBG] Execution plan of result filters (in the following order): ["Microsoft.AspNetCore.Mvc.ViewFeatures.Filters.SaveTempDataFilter","Microsoft.AspNetCore.Mvc.Infrastructure.ClientErrorResultFilter (Order: -2000)"]
2021-04-16 12:14:47.424 +02:00 [DBG] The request has an origin header: 'https://localhost:8085'.
2021-04-16 12:14:47.427 +02:00 [INF] CORS policy execution successful.
2021-04-16 12:14:47.437 +02:00 [DBG] Executing controller factory for controller Devon4Net.WebAPI.Implementation.Business.AuthorManagement.Controllers.AuthorController (Devon4Net.WebAPI.Implementation)
2021-04-16 12:14:47.794 +02:00 [DBG] An 'IServiceProvider' was created for internal use by Entity Framework.
2021-04-16 12:14:47.841 +02:00 [DBG] Executed controller factory for controller Devon4Net.WebAPI.Implementation.Business.AuthorManagement.Controllers.AuthorController (Devon4Net.WebAPI.Implementation)
2021-04-16 12:14:47.857 +02:00 [DBG] Attempting to bind parameter 'authorId' of type 'System.Guid' ...
2021-04-16 12:14:47.879 +02:00 [DBG] Attempting to bind parameter 'authorId' of type 'System.Guid' using the name 'authorId' in request data ...
2021-04-16 12:14:47.890 +02:00 [DBG] Done attempting to bind parameter 'authorId' of type 'System.Guid'.
2021-04-16 12:14:47.894 +02:00 [DBG] Done attempting to bind parameter 'authorId' of type 'System.Guid'.
2021-04-16 12:14:47.907 +02:00 [DBG] Attempting to validate the bound parameter 'authorId' of type 'System.Guid' ...
2021-04-16 12:14:47.934 +02:00 [DBG] Done attempting to validate the bound parameter 'authorId' of type 'System.Guid'.
2021-04-16 12:14:47.951 +02:00 [DBG] Attempting to bind parameter 'bookDto' of type 'Devon4Net.WebAPI.Implementation.Business.BookManagement.Dto.BookDto' ...
2021-04-16 12:14:47.993 +02:00 [DBG] Attempting to bind parameter 'bookDto' of type 'Devon4Net.WebAPI.Implementation.Business.BookManagement.Dto.BookDto' using the name '' in request data ...
2021-04-16 12:14:48.005 +02:00 [DBG] Selected input formatter 'Microsoft.AspNetCore.Mvc.Formatters.SystemTextJsonInputFormatter' for content type 'application/json'.
2021-04-16 12:14:48.020 +02:00 [DBG] Connection id "0HM80O1EQFALL", Request id "0HM80O1EQFALL:00000001": started reading request body.
2021-04-16 12:14:48.022 +02:00 [DBG] Connection id "0HM80O1EQFALL", Request id "0HM80O1EQFALL:00000001": done reading request body.
2021-04-16 12:14:48.034 +02:00 [DBG] JSON input formatter succeeded, deserializing to type 'Devon4Net.WebAPI.Implementation.Business.BookManagement.Dto.BookDto'
2021-04-16 12:14:48.036 +02:00 [DBG] Done attempting to bind parameter 'bookDto' of type 'Devon4Net.WebAPI.Implementation.Business.BookManagement.Dto.BookDto'.
2021-04-16 12:14:48.039 +02:00 [DBG] Done attempting to bind parameter 'bookDto' of type 'Devon4Net.WebAPI.Implementation.Business.BookManagement.Dto.BookDto'.
2021-04-16 12:14:48.042 +02:00 [DBG] Attempting to validate the bound parameter 'bookDto' of type 'Devon4Net.WebAPI.Implementation.Business.BookManagement.Dto.BookDto' ...
2021-04-16 12:14:48.065 +02:00 [DBG] Done attempting to validate the bound parameter 'bookDto' of type 'Devon4Net.WebAPI.Implementation.Business.BookManagement.Dto.BookDto'.
2021-04-16 12:14:48.073 +02:00 [DBG] Executing PublishBook from controller AuthorController
2021-04-16 12:14:48.089 +02:00 [DBG] Publish method from service AuthorService with values : Title = hiholo, Summary = hihilo, Genere = hiholo
2021-04-16 12:14:48.120 +02:00 [INF] Start processing HTTP request POST "https://localhost:8085/v1/bookmanagement/createbook"
2021-04-16 12:14:48.148 +02:00 [INF] Sending HTTP request POST "https://localhost:8085/v1/bookmanagement/createbook"
2021-04-16 12:14:49.894 +02:00 [DBG] Connection id "0HM80O1EQFALM" received FIN.
2021-04-16 12:14:49.905 +02:00 [DBG] Connection id "0HM80O1EQFALM" sending FIN because: "The client closed the connection."
2021-04-16 12:14:49.914 +02:00 [DBG] Connection id "0HM80O1EQFALM" disconnecting.
2021-04-16 12:14:49.926 +02:00 [DBG] Connection id "0HM80O1EQFALM" stopped.
2021-04-16 12:14:50.260 +02:00 [DBG] Connection id "0HM80O1EQFALN" accepted.
2021-04-16 12:14:50.266 +02:00 [DBG] Connection id "0HM80O1EQFALN" started.
2021-04-16 12:14:50.419 +02:00 [INF] Request starting HTTP/1.1 POST https://localhost:8085/v1/bookmanagement/createbook application/json 55
2021-04-16 12:14:50.422 +02:00 [DBG] The host 'localhost' is excluded. Skipping HSTS header.
2021-04-16 12:14:50.423 +02:00 [DBG] POST requests are not supported
2021-04-16 12:14:50.425 +02:00 [DBG] POST requests are not supported
2021-04-16 12:14:50.426 +02:00 [DBG] No candidates found for the request path '/v1/bookmanagement/createbook'
2021-04-16 12:14:50.428 +02:00 [DBG] Request did not match any endpoints
2021-04-16 12:14:50.432 +02:00 [DBG] AuthenticationScheme: Bearer was not authenticated.
2021-04-16 12:14:50.435 +02:00 [DBG] Request successfully matched the route with name 'null' and template 'v1/bookmanagement/createbook'
2021-04-16 12:14:50.441 +02:00 [INF] Route matched with {action = "CreateBook", controller = "Book"}. Executing controller action with signature System.Threading.Tasks.Task`1[Microsoft.AspNetCore.Mvc.ActionResult] CreateBook(Devon4Net.WebAPI.Implementation.Business.BookManagement.Dto.BookDto) on controller Devon4Net.WebAPI.Implementation.Business.BookManagement.Controllers.BookController (Devon4Net.WebAPI.Implementation).
2021-04-16 12:14:50.450 +02:00 [DBG] Execution plan of authorization filters (in the following order): ["Microsoft.AspNetCore.Mvc.Cors.CorsAuthorizationFilter (Order: -2147483548)"]
2021-04-16 12:14:50.452 +02:00 [DBG] Execution plan of resource filters (in the following order): ["Microsoft.AspNetCore.Mvc.ViewFeatures.Filters.SaveTempDataFilter"]
2021-04-16 12:14:50.453 +02:00 [DBG] Execution plan of action filters (in the following order): ["Microsoft.AspNetCore.Mvc.ModelBinding.UnsupportedContentTypeFilter (Order: -3000)","Microsoft.AspNetCore.Mvc.Infrastructure.ModelStateInvalidFilter (Order: -2000)"]
2021-04-16 12:14:50.456 +02:00 [DBG] Execution plan of exception filters (in the following order): ["None"]
2021-04-16 12:14:50.461 +02:00 [DBG] Execution plan of result filters (in the following order): ["Microsoft.AspNetCore.Mvc.ViewFeatures.Filters.SaveTempDataFilter","Microsoft.AspNetCore.Mvc.Infrastructure.ClientErrorResultFilter (Order: -2000)"]
2021-04-16 12:14:50.466 +02:00 [DBG] Executing controller factory for controller Devon4Net.WebAPI.Implementation.Business.BookManagement.Controllers.BookController (Devon4Net.WebAPI.Implementation)
2021-04-16 12:14:50.471 +02:00 [DBG] Executed controller factory for controller Devon4Net.WebAPI.Implementation.Business.BookManagement.Controllers.BookController (Devon4Net.WebAPI.Implementation)
2021-04-16 12:14:50.475 +02:00 [DBG] Attempting to bind parameter 'bookDto' of type 'Devon4Net.WebAPI.Implementation.Business.BookManagement.Dto.BookDto' ...
2021-04-16 12:14:50.479 +02:00 [DBG] Attempting to bind parameter 'bookDto' of type 'Devon4Net.WebAPI.Implementation.Business.BookManagement.Dto.BookDto' using the name '' in request data ...
2021-04-16 12:14:50.483 +02:00 [DBG] Selected input formatter 'Microsoft.AspNetCore.Mvc.Formatters.SystemTextJsonInputFormatter' for content type 'application/json'.
2021-04-16 12:14:50.486 +02:00 [DBG] Connection id "0HM80O1EQFALN", Request id "0HM80O1EQFALN:00000001": started reading request body.
2021-04-16 12:14:50.487 +02:00 [DBG] Connection id "0HM80O1EQFALN", Request id "0HM80O1EQFALN:00000001": done reading request body.
2021-04-16 12:14:50.494 +02:00 [DBG] JSON input formatter succeeded, deserializing to type 'Devon4Net.WebAPI.Implementation.Business.BookManagement.Dto.BookDto'
2021-04-16 12:14:50.498 +02:00 [DBG] Done attempting to bind parameter 'bookDto' of type 'Devon4Net.WebAPI.Implementation.Business.BookManagement.Dto.BookDto'.
2021-04-16 12:14:50.501 +02:00 [DBG] Done attempting to bind parameter 'bookDto' of type 'Devon4Net.WebAPI.Implementation.Business.BookManagement.Dto.BookDto'.
2021-04-16 12:14:50.505 +02:00 [DBG] Attempting to validate the bound parameter 'bookDto' of type 'Devon4Net.WebAPI.Implementation.Business.BookManagement.Dto.BookDto' ...
2021-04-16 12:14:50.510 +02:00 [DBG] Done attempting to validate the bound parameter 'bookDto' of type 'Devon4Net.WebAPI.Implementation.Business.BookManagement.Dto.BookDto'.
2021-04-16 12:14:50.514 +02:00 [DBG] Executing GetBook from controller BookController
2021-04-16 12:14:50.517 +02:00 [DBG] CreateBook method from service BookService with values : Title = hiholo, Summary = hihilo, Genere = hiholo
2021-04-16 12:14:50.519 +02:00 [DBG] SetTodo method from repository BookService with value: hiholo
2021-04-16 12:14:53.497 +02:00 [INF] Entity Framework Core 3.1.13 initialized 'AlejandriaContext' using provider 'Npgsql.EntityFrameworkCore.PostgreSQL' with options: None
2021-04-16 12:14:53.634 +02:00 [DBG] 'AlejandriaContext' generated a value for the 'Id' property of new 'Book' entity. Consider using 'DbContextOptionsBuilder.EnableSensitiveDataLogging' to see key values.
2021-04-16 12:14:53.806 +02:00 [DBG] Context 'AlejandriaContext' started tracking 'Book' entity. Consider using 'DbContextOptionsBuilder.EnableSensitiveDataLogging' to see key values.
2021-04-16 12:14:53.821 +02:00 [DBG] SaveChanges starting for 'AlejandriaContext'.
2021-04-16 12:14:53.833 +02:00 [DBG] DetectChanges starting for 'AlejandriaContext'.
2021-04-16 12:14:53.887 +02:00 [DBG] DetectChanges completed for 'AlejandriaContext'.
2021-04-16 12:14:54.064 +02:00 [DBG] Opening connection to database 'postgres' on server 'tcp://localhost:5432'.
2021-04-16 12:14:55.911 +02:00 [DBG] Opened connection to database 'postgres' on server 'tcp://localhost:5432'.
2021-04-16 12:14:55.920 +02:00 [DBG] Beginning transaction with isolation level 'Unspecified'.
2021-04-16 12:14:55.936 +02:00 [DBG] Began transaction with isolation level 'ReadCommitted'.
2021-04-16 12:14:56.206 +02:00 [DBG] Creating DbCommand for 'ExecuteReader'.
2021-04-16 12:14:56.366 +02:00 [DBG] Created DbCommand for 'ExecuteReader' (59ms).
2021-04-16 12:14:56.450 +02:00 [DBG] Executing DbCommand [Parameters=[@p0='?' (DbType = Guid), @p1='?', @p2='?', @p3='?'], CommandType='"Text"', CommandTimeout='30']
INSERT INTO "Book" ("Id", "Genere", "Summary", "Title")
VALUES (@p0, @p1, @p2, @p3);
2021-04-16 12:14:56.556 +02:00 [INF] Executed DbCommand (146ms) [Parameters=[@p0='?' (DbType = Guid), @p1='?', @p2='?', @p3='?'], CommandType='"Text"', CommandTimeout='30']
INSERT INTO "Book" ("Id", "Genere", "Summary", "Title")
VALUES (@p0, @p1, @p2, @p3);
2021-04-16 12:14:56.589 +02:00 [DBG] A data reader was disposed.
2021-04-16 12:14:56.605 +02:00 [DBG] Committing transaction.
2021-04-16 12:14:56.626 +02:00 [DBG] Committing transaction.
2021-04-16 12:14:56.634 +02:00 [DBG] Closing connection to database 'postgres' on server 'tcp://localhost:5432'.
2021-04-16 12:14:56.649 +02:00 [DBG] Closed connection to database 'postgres' on server 'tcp://localhost:5432'.
2021-04-16 12:14:56.660 +02:00 [DBG] Disposing transaction.
2021-04-16 12:14:56.708 +02:00 [DBG] An 'Book' entity tracked by 'AlejandriaContext' changed from '"Added"' to '"Unchanged"'. Consider using 'DbContextOptionsBuilder.EnableSensitiveDataLogging' to see key values.
2021-04-16 12:14:56.719 +02:00 [DBG] SaveChanges completed for 'AlejandriaContext' with 1 entities written to the database.
2021-04-16 12:14:56.739 +02:00 [DBG] An 'Book' entity tracked by 'AlejandriaContext' changed from '"Unchanged"' to '"Detached"'. Consider using 'DbContextOptionsBuilder.EnableSensitiveDataLogging' to see key values.
2021-04-16 12:15:35.241 +02:00 [DBG] List of registered output formatters, in the following order: ["Microsoft.AspNetCore.Mvc.Formatters.HttpNoContentOutputFormatter","Microsoft.AspNetCore.Mvc.Formatters.StringOutputFormatter","Microsoft.AspNetCore.Mvc.Formatters.StreamOutputFormatter","Microsoft.AspNetCore.Mvc.Formatters.SystemTextJsonOutputFormatter"]
2021-04-16 12:15:35.275 +02:00 [DBG] No information found on request to perform content negotiation.
2021-04-16 12:15:35.285 +02:00 [DBG] Attempting to select an output formatter without using a content type as no explicit content types were specified for the response.
2021-04-16 12:15:35.290 +02:00 [DBG] Attempting to select the first formatter in the output formatters list which can write the result.
2021-04-16 12:15:35.294 +02:00 [DBG] Selected output formatter 'Microsoft.AspNetCore.Mvc.Formatters.SystemTextJsonOutputFormatter' and content type 'application/json' to write the response.
2021-04-16 12:15:35.298 +02:00 [INF] Executing ObjectResult, writing value of type 'Devon4Net.WebAPI.Implementation.Business.BookManagement.Dto.BookDto'.
2021-04-16 12:15:35.316 +02:00 [INF] Executed action Devon4Net.WebAPI.Implementation.Business.BookManagement.Controllers.BookController.CreateBook (Devon4Net.WebAPI.Implementation) in 44844.9665ms
2021-04-16 12:15:35.322 +02:00 [DBG] Connection id "0HM80O1EQFALN" completed keep alive response.
2021-04-16 12:15:35.328 +02:00 [DBG] 'AlejandriaContext' disposed.
2021-04-16 12:15:35.328 +02:00 [INF] Received HTTP response after 47171.8387ms - "OK"
2021-04-16 12:15:35.333 +02:00 [INF] Request finished in 44913.5897ms 200 application/json; charset=utf-8
2021-04-16 12:15:35.340 +02:00 [INF] End processing HTTP request after 47221.2458ms - "OK"
2021-04-16 12:15:35.363 +02:00 [INF] HttpResponse message for endpoint call Books : HttpRequest :Method: POST, RequestUri: 'https://localhost:8085/v1/bookmanagement/createbook', Version: 1.1, Content: System.Net.Http.StringContent, Headers:
{
  Request-Id: |1b995977-48ce9f7229a60eb6.1.
  Content-Type: application/json
  Content-Length: 55
} | httpResponse: StatusCode: 200, ReasonPhrase: 'OK', Version: 1.1, Content: System.Net.Http.HttpConnectionResponseContent, Headers:
{
  Date: Fri, 16 Apr 2021 10:15:35 GMT
  Transfer-Encoding: chunked
  X-Frame-Options: DENY
  X-XSS-Protection: 1;mode=block
  X-Content-Type-Options: nosniff
  Content-Type: application/json; charset=utf-8
} | message Content: The Http response is success
2021-04-16 12:15:35.382 +02:00 [INF] HttpResponse message for endpoint call Books : HttpRequest :Method: POST, RequestUri: 'https://localhost:8085/v1/bookmanagement/createbook', Version: 1.1, Content: System.Net.Http.StringContent, Headers:
{
  Request-Id: |1b995977-48ce9f7229a60eb6.1.
  Content-Type: application/json
  Content-Length: 55
} | httpResponse: StatusCode: 200, ReasonPhrase: 'OK', Version: 1.1, Content: System.Net.Http.HttpConnectionResponseContent, Headers:
{
  Date: Fri, 16 Apr 2021 10:15:35 GMT
  Transfer-Encoding: chunked
  X-Frame-Options: DENY
  X-XSS-Protection: 1;mode=block
  X-Content-Type-Options: nosniff
  Content-Type: application/json; charset=utf-8
} | message Content: The Http response is success
2021-04-16 12:15:47.452 +02:00 [INF] Entity Framework Core 3.1.13 initialized 'AlejandriaContext' using provider 'Npgsql.EntityFrameworkCore.PostgreSQL' with options: None
2021-04-16 12:15:47.793 +02:00 [DBG] queryContext => ShapedQueryCompilingExpressionVisitor.SingleOrDefaultAsync<Book>(
    asyncEnumerable: new QueryingEnumerable<Book>(
        (RelationalQueryContext)queryContext, 
        RelationalCommandCache, 
        null, 
        ReaderColumn[] { ReaderColumn<Guid>, ReaderColumn<object>, ReaderColumn<object>, ReaderColumn<object>, }, 
        Func<QueryContext, DbDataReader, ResultContext, int[], ResultCoordinator, Book>, 
        Devon4Net.WebAPI.Implementation.Domain.Database.AlejandriaContext, 
        null
    ), 
    cancellationToken: queryContext.CancellationToken)
2021-04-16 12:15:47.928 +02:00 [DBG] Creating DbCommand for 'ExecuteReader'.
2021-04-16 12:15:48.049 +02:00 [DBG] Created DbCommand for 'ExecuteReader' (120ms).
2021-04-16 12:15:48.063 +02:00 [DBG] Opening connection to database 'postgres' on server 'tcp://localhost:5432'.
2021-04-16 12:15:48.068 +02:00 [DBG] Opened connection to database 'postgres' on server 'tcp://localhost:5432'.
2021-04-16 12:15:48.078 +02:00 [DBG] Executing DbCommand [Parameters=[@__bookDto_Title_0='?', @__bookDto_Summary_1='?', @__bookDto_Genere_2='?'], CommandType='"Text"', CommandTimeout='30']
SELECT b."Id", b."Genere", b."Summary", b."Title"
FROM "Book" AS b
WHERE ((b."Title" = @__bookDto_Title_0) AND (b."Summary" = @__bookDto_Summary_1)) AND (b."Genere" = @__bookDto_Genere_2)
LIMIT 1
2021-04-16 12:15:48.097 +02:00 [INF] Executed DbCommand (19ms) [Parameters=[@__bookDto_Title_0='?', @__bookDto_Summary_1='?', @__bookDto_Genere_2='?'], CommandType='"Text"', CommandTimeout='30']
SELECT b."Id", b."Genere", b."Summary", b."Title"
FROM "Book" AS b
WHERE ((b."Title" = @__bookDto_Title_0) AND (b."Summary" = @__bookDto_Summary_1)) AND (b."Genere" = @__bookDto_Genere_2)
LIMIT 1
2021-04-16 12:15:48.168 +02:00 [DBG] A data reader was disposed.
2021-04-16 12:15:48.171 +02:00 [DBG] Closing connection to database 'postgres' on server 'tcp://localhost:5432'.
2021-04-16 12:15:48.174 +02:00 [DBG] Closed connection to database 'postgres' on server 'tcp://localhost:5432'.
2021-04-16 12:15:48.182 +02:00 [DBG] Create AuthorBook method from repository AuthorBookRepository with value : AuthorId = b023a18f-b35a-4200-b204-198f7b5ef007 y BookId= a5542213-a26b-4173-b477-65a3e83c1253
2021-04-16 12:15:48.199 +02:00 [INF] Entity Framework Core 3.1.13 initialized 'AlejandriaContext' using provider 'Npgsql.EntityFrameworkCore.PostgreSQL' with options: None
2021-04-16 12:15:48.207 +02:00 [DBG] 'AlejandriaContext' generated a value for the 'Id' property of new 'AuthorBook' entity. Consider using 'DbContextOptionsBuilder.EnableSensitiveDataLogging' to see key values.
2021-04-16 12:15:48.266 +02:00 [DBG] Context 'AlejandriaContext' started tracking 'AuthorBook' entity. Consider using 'DbContextOptionsBuilder.EnableSensitiveDataLogging' to see key values.
2021-04-16 12:15:48.268 +02:00 [DBG] SaveChanges starting for 'AlejandriaContext'.
2021-04-16 12:15:48.274 +02:00 [DBG] DetectChanges starting for 'AlejandriaContext'.
2021-04-16 12:15:48.282 +02:00 [DBG] DetectChanges completed for 'AlejandriaContext'.
2021-04-16 12:15:48.296 +02:00 [DBG] Opening connection to database 'postgres' on server 'tcp://localhost:5432'.
2021-04-16 12:15:48.297 +02:00 [DBG] Opened connection to database 'postgres' on server 'tcp://localhost:5432'.
2021-04-16 12:15:48.299 +02:00 [DBG] Beginning transaction with isolation level 'Unspecified'.
2021-04-16 12:15:48.301 +02:00 [DBG] Began transaction with isolation level 'ReadCommitted'.
2021-04-16 12:15:48.313 +02:00 [DBG] Creating DbCommand for 'ExecuteReader'.
2021-04-16 12:15:48.315 +02:00 [DBG] Created DbCommand for 'ExecuteReader' (1ms).
2021-04-16 12:15:48.327 +02:00 [DBG] Executing DbCommand [Parameters=[@p0='?' (DbType = Guid), @p1='?' (DbType = Guid), @p2='?' (DbType = Guid), @p3='?' (DbType = Date), @p4='?' (DbType = Date)], CommandType='"Text"', CommandTimeout='30']
INSERT INTO "Author_book" ("Id", "Author_Id", "Book_Id", "PublishDate", "ValidityDate")
VALUES (@p0, @p1, @p2, @p3, @p4);
2021-04-16 12:15:48.724 +02:00 [INF] Executed DbCommand (399ms) [Parameters=[@p0='?' (DbType = Guid), @p1='?' (DbType = Guid), @p2='?' (DbType = Guid), @p3='?' (DbType = Date), @p4='?' (DbType = Date)], CommandType='"Text"', CommandTimeout='30']
INSERT INTO "Author_book" ("Id", "Author_Id", "Book_Id", "PublishDate", "ValidityDate")
VALUES (@p0, @p1, @p2, @p3, @p4);
2021-04-16 12:15:48.774 +02:00 [DBG] A data reader was disposed.
2021-04-16 12:15:48.786 +02:00 [DBG] Committing transaction.
2021-04-16 12:15:48.936 +02:00 [DBG] Committing transaction.
2021-04-16 12:15:48.943 +02:00 [DBG] Closing connection to database 'postgres' on server 'tcp://localhost:5432'.
2021-04-16 12:15:48.946 +02:00 [DBG] Closed connection to database 'postgres' on server 'tcp://localhost:5432'.
2021-04-16 12:15:48.949 +02:00 [DBG] Disposing transaction.
2021-04-16 12:15:48.962 +02:00 [DBG] An 'AuthorBook' entity tracked by 'AlejandriaContext' changed from '"Added"' to '"Unchanged"'. Consider using 'DbContextOptionsBuilder.EnableSensitiveDataLogging' to see key values.
2021-04-16 12:15:48.967 +02:00 [DBG] SaveChanges completed for 'AlejandriaContext' with 1 entities written to the database.
2021-04-16 12:15:48.979 +02:00 [DBG] An 'AuthorBook' entity tracked by 'AlejandriaContext' changed from '"Unchanged"' to '"Detached"'. Consider using 'DbContextOptionsBuilder.EnableSensitiveDataLogging' to see key values.
2021-04-16 12:15:48.985 +02:00 [DBG] List of registered output formatters, in the following order: ["Microsoft.AspNetCore.Mvc.Formatters.HttpNoContentOutputFormatter","Microsoft.AspNetCore.Mvc.Formatters.StringOutputFormatter","Microsoft.AspNetCore.Mvc.Formatters.StreamOutputFormatter","Microsoft.AspNetCore.Mvc.Formatters.SystemTextJsonOutputFormatter"]
2021-04-16 12:15:48.996 +02:00 [DBG] No information found on request to perform content negotiation.
2021-04-16 12:15:49.001 +02:00 [DBG] Attempting to select an output formatter without using a content type as no explicit content types were specified for the response.
2021-04-16 12:15:49.010 +02:00 [DBG] Attempting to select the first formatter in the output formatters list which can write the result.
2021-04-16 12:15:49.013 +02:00 [DBG] Selected output formatter 'Microsoft.AspNetCore.Mvc.Formatters.SystemTextJsonOutputFormatter' and content type 'application/json' to write the response.
2021-04-16 12:15:49.018 +02:00 [INF] Executing ObjectResult, writing value of type 'Devon4Net.WebAPI.Implementation.Business.BookManagement.Dto.BookDto'.
2021-04-16 12:15:49.025 +02:00 [INF] Executed action Devon4Net.WebAPI.Implementation.Business.AuthorManagement.Controllers.AuthorController.PublishBook (Devon4Net.WebAPI.Implementation) in 61612.5074ms
2021-04-16 12:15:49.030 +02:00 [DBG] Connection id "0HM80O1EQFALL" completed keep alive response.
2021-04-16 12:15:49.035 +02:00 [DBG] 'AlejandriaContext' disposed.
2021-04-16 12:15:49.040 +02:00 [DBG] 'AlejandriaContext' disposed.
2021-04-16 12:15:49.044 +02:00 [INF] Request finished in 61893.1455ms 200 application/json; charset=utf-8
2021-04-16 12:15:49.983 +02:00 [DBG] Connection id "0HM80O1EQFALL" received FIN.
2021-04-16 12:15:49.994 +02:00 [DBG] Connection id "0HM80O1EQFALL" sending FIN because: "The client closed the connection."
2021-04-16 12:15:50.010 +02:00 [DBG] Connection id "0HM80O1EQFALL" disconnecting.
2021-04-16 12:15:50.027 +02:00 [DBG] Connection id "0HM80O1EQFALL" stopped.
2021-04-16 12:16:48.123 +02:00 [DBG] HttpMessageHandler expired after 120000ms for client 'Books'
2021-04-16 12:16:58.143 +02:00 [DBG] Starting HttpMessageHandler cleanup cycle with 1 items
2021-04-16 12:16:58.154 +02:00 [DBG] Ending HttpMessageHandler cleanup cycle after 0.6085ms - processed: 0 items - remaining: 1 items
2021-04-16 12:17:08.186 +02:00 [DBG] Starting HttpMessageHandler cleanup cycle with 1 items
2021-04-16 12:17:08.241 +02:00 [DBG] Ending HttpMessageHandler cleanup cycle after 0.4436ms - processed: 0 items - remaining: 1 items
2021-04-16 12:17:18.280 +02:00 [DBG] Starting HttpMessageHandler cleanup cycle with 1 items
2021-04-16 12:17:18.282 +02:00 [DBG] Ending HttpMessageHandler cleanup cycle after 0.0083ms - processed: 0 items - remaining: 1 items
2021-04-16 12:17:26.926 +02:00 [DBG] Connection id "0HM80O1EQFALO" accepted.
2021-04-16 12:17:26.940 +02:00 [DBG] Connection id "0HM80O1EQFALO" started.
2021-04-16 12:17:26.972 +02:00 [DBG] Connection id "0HM80O1EQFALO" received FIN.
2021-04-16 12:17:26.978 +02:00 [DBG] Failed to authenticate HTTPS connection.
System.Security.Authentication.AuthenticationException: Authentication failed, see inner exception.
 ---> System.ComponentModel.Win32Exception (0x80090327): An unknown error occurred while processing the certificate.
   --- End of inner exception stack trace ---
   at System.Net.Security.SslStream.StartSendAuthResetSignal(ProtocolToken message, AsyncProtocolRequest asyncRequest, ExceptionDispatchInfo exception)
   at System.Net.Security.SslStream.CheckCompletionBeforeNextReceive(ProtocolToken message, AsyncProtocolRequest asyncRequest)
   at System.Net.Security.SslStream.StartSendBlob(Byte[] incoming, Int32 count, AsyncProtocolRequest asyncRequest)
   at System.Net.Security.SslStream.ProcessReceivedBlob(Byte[] buffer, Int32 count, AsyncProtocolRequest asyncRequest)
   at System.Net.Security.SslStream.StartReadFrame(Byte[] buffer, Int32 readBytes, AsyncProtocolRequest asyncRequest)
   at System.Net.Security.SslStream.PartialFrameCallback(AsyncProtocolRequest asyncRequest)
--- End of stack trace from previous location where exception was thrown ---
   at System.Net.Security.SslStream.ThrowIfExceptional()
   at System.Net.Security.SslStream.InternalEndProcessAuthentication(LazyAsyncResult lazyResult)
   at System.Net.Security.SslStream.EndProcessAuthentication(IAsyncResult result)
   at System.Net.Security.SslStream.EndAuthenticateAsServer(IAsyncResult asyncResult)
   at System.Net.Security.SslStream.<>c.<AuthenticateAsServerAsync>b__69_1(IAsyncResult iar)
   at System.Threading.Tasks.TaskFactory`1.FromAsyncCoreLogic(IAsyncResult iar, Func`2 endFunction, Action`1 endAction, Task`1 promise, Boolean requiresSynchronization)
--- End of stack trace from previous location where exception was thrown ---
   at Microsoft.AspNetCore.Server.Kestrel.Https.Internal.HttpsConnectionMiddleware.InnerOnConnectionAsync(ConnectionContext context)
2021-04-16 12:17:26.991 +02:00 [DBG] Connection id "0HM80O1EQFALO" stopped.
2021-04-16 12:17:26.994 +02:00 [DBG] Connection id "0HM80O1EQFALO" sending FIN because: "The Socket transport's send loop completed gracefully."
2021-04-16 12:17:27.186 +02:00 [DBG] Connection id "0HM80O1EQFALP" accepted.
2021-04-16 12:17:27.189 +02:00 [DBG] Connection id "0HM80O1EQFALP" started.
2021-04-16 12:17:27.205 +02:00 [DBG] Connection id "0HM80O1EQFALP" received FIN.
2021-04-16 12:17:27.207 +02:00 [DBG] Failed to authenticate HTTPS connection.
System.Security.Authentication.AuthenticationException: Authentication failed, see inner exception.
 ---> System.ComponentModel.Win32Exception (0x80090327): An unknown error occurred while processing the certificate.
   --- End of inner exception stack trace ---
   at System.Net.Security.SslStream.StartSendAuthResetSignal(ProtocolToken message, AsyncProtocolRequest asyncRequest, ExceptionDispatchInfo exception)
   at System.Net.Security.SslStream.CheckCompletionBeforeNextReceive(ProtocolToken message, AsyncProtocolRequest asyncRequest)
   at System.Net.Security.SslStream.StartSendBlob(Byte[] incoming, Int32 count, AsyncProtocolRequest asyncRequest)
   at System.Net.Security.SslStream.ProcessReceivedBlob(Byte[] buffer, Int32 count, AsyncProtocolRequest asyncRequest)
   at System.Net.Security.SslStream.StartReadFrame(Byte[] buffer, Int32 readBytes, AsyncProtocolRequest asyncRequest)
   at System.Net.Security.SslStream.PartialFrameCallback(AsyncProtocolRequest asyncRequest)
--- End of stack trace from previous location where exception was thrown ---
   at System.Net.Security.SslStream.ThrowIfExceptional()
   at System.Net.Security.SslStream.InternalEndProcessAuthentication(LazyAsyncResult lazyResult)
   at System.Net.Security.SslStream.EndProcessAuthentication(IAsyncResult result)
   at System.Net.Security.SslStream.EndAuthenticateAsServer(IAsyncResult asyncResult)
   at System.Net.Security.SslStream.<>c.<AuthenticateAsServerAsync>b__69_1(IAsyncResult iar)
   at System.Threading.Tasks.TaskFactory`1.FromAsyncCoreLogic(IAsyncResult iar, Func`2 endFunction, Action`1 endAction, Task`1 promise, Boolean requiresSynchronization)
--- End of stack trace from previous location where exception was thrown ---
   at Microsoft.AspNetCore.Server.Kestrel.Https.Internal.HttpsConnectionMiddleware.InnerOnConnectionAsync(ConnectionContext context)
2021-04-16 12:17:27.234 +02:00 [DBG] Connection id "0HM80O1EQFALP" stopped.
2021-04-16 12:17:27.235 +02:00 [DBG] Connection id "0HM80O1EQFALP" sending FIN because: "The Socket transport's send loop completed gracefully."
2021-04-16 12:17:27.279 +02:00 [DBG] Connection id "0HM80O1EQFALQ" accepted.
2021-04-16 12:17:27.280 +02:00 [DBG] Connection id "0HM80O1EQFALQ" started.
2021-04-16 12:17:27.288 +02:00 [INF] Request starting HTTP/1.1 POST https://localhost:8085/v1/authormanagement/publish?authorId=b023a18f-b35a-4200-b204-198f7b5ef007 application/json 59
2021-04-16 12:17:27.291 +02:00 [DBG] The host 'localhost' is excluded. Skipping HSTS header.
2021-04-16 12:17:27.293 +02:00 [DBG] POST requests are not supported
2021-04-16 12:17:27.298 +02:00 [DBG] AcceptLanguageHeaderRequestCultureProvider returned the following unsupported cultures '["en-US","en"]'.
2021-04-16 12:17:27.301 +02:00 [DBG] POST requests are not supported
2021-04-16 12:17:27.303 +02:00 [DBG] No candidates found for the request path '/v1/authormanagement/publish'
2021-04-16 12:17:27.305 +02:00 [DBG] Request did not match any endpoints
2021-04-16 12:17:27.309 +02:00 [DBG] AuthenticationScheme: Bearer was not authenticated.
2021-04-16 12:17:27.314 +02:00 [DBG] Request successfully matched the route with name 'null' and template 'v1/authormanagement/publish'
2021-04-16 12:17:27.319 +02:00 [INF] Route matched with {action = "PublishBook", controller = "Author"}. Executing controller action with signature System.Threading.Tasks.Task`1[Microsoft.AspNetCore.Mvc.ActionResult] PublishBook(System.Guid, Devon4Net.WebAPI.Implementation.Business.BookManagement.Dto.BookDto) on controller Devon4Net.WebAPI.Implementation.Business.AuthorManagement.Controllers.AuthorController (Devon4Net.WebAPI.Implementation).
2021-04-16 12:17:27.337 +02:00 [DBG] Execution plan of authorization filters (in the following order): ["Microsoft.AspNetCore.Mvc.Cors.CorsAuthorizationFilter (Order: -2147483548)"]
2021-04-16 12:17:27.346 +02:00 [DBG] Execution plan of resource filters (in the following order): ["Microsoft.AspNetCore.Mvc.ViewFeatures.Filters.SaveTempDataFilter"]
2021-04-16 12:17:27.355 +02:00 [DBG] Execution plan of action filters (in the following order): ["Microsoft.AspNetCore.Mvc.ModelBinding.UnsupportedContentTypeFilter (Order: -3000)","Microsoft.AspNetCore.Mvc.Infrastructure.ModelStateInvalidFilter (Order: -2000)"]
2021-04-16 12:17:27.382 +02:00 [DBG] Execution plan of exception filters (in the following order): ["None"]
2021-04-16 12:17:27.384 +02:00 [DBG] Execution plan of result filters (in the following order): ["Microsoft.AspNetCore.Mvc.ViewFeatures.Filters.SaveTempDataFilter","Microsoft.AspNetCore.Mvc.Infrastructure.ClientErrorResultFilter (Order: -2000)"]
2021-04-16 12:17:27.391 +02:00 [DBG] The request has an origin header: 'https://localhost:8085'.
2021-04-16 12:17:27.396 +02:00 [INF] CORS policy execution successful.
2021-04-16 12:17:27.399 +02:00 [DBG] Executing controller factory for controller Devon4Net.WebAPI.Implementation.Business.AuthorManagement.Controllers.AuthorController (Devon4Net.WebAPI.Implementation)
2021-04-16 12:17:27.404 +02:00 [DBG] Executed controller factory for controller Devon4Net.WebAPI.Implementation.Business.AuthorManagement.Controllers.AuthorController (Devon4Net.WebAPI.Implementation)
2021-04-16 12:17:27.407 +02:00 [DBG] Attempting to bind parameter 'authorId' of type 'System.Guid' ...
2021-04-16 12:17:27.413 +02:00 [DBG] Attempting to bind parameter 'authorId' of type 'System.Guid' using the name 'authorId' in request data ...
2021-04-16 12:17:27.417 +02:00 [DBG] Done attempting to bind parameter 'authorId' of type 'System.Guid'.
2021-04-16 12:17:27.420 +02:00 [DBG] Done attempting to bind parameter 'authorId' of type 'System.Guid'.
2021-04-16 12:17:27.422 +02:00 [DBG] Attempting to validate the bound parameter 'authorId' of type 'System.Guid' ...
2021-04-16 12:17:27.424 +02:00 [DBG] Done attempting to validate the bound parameter 'authorId' of type 'System.Guid'.
2021-04-16 12:17:27.431 +02:00 [DBG] Attempting to bind parameter 'bookDto' of type 'Devon4Net.WebAPI.Implementation.Business.BookManagement.Dto.BookDto' ...
2021-04-16 12:17:27.435 +02:00 [DBG] Attempting to bind parameter 'bookDto' of type 'Devon4Net.WebAPI.Implementation.Business.BookManagement.Dto.BookDto' using the name '' in request data ...
2021-04-16 12:17:27.438 +02:00 [DBG] Selected input formatter 'Microsoft.AspNetCore.Mvc.Formatters.SystemTextJsonInputFormatter' for content type 'application/json'.
2021-04-16 12:17:27.440 +02:00 [DBG] Connection id "0HM80O1EQFALQ", Request id "0HM80O1EQFALQ:00000001": started reading request body.
2021-04-16 12:17:27.443 +02:00 [DBG] Connection id "0HM80O1EQFALQ", Request id "0HM80O1EQFALQ:00000001": done reading request body.
2021-04-16 12:17:27.445 +02:00 [DBG] JSON input formatter succeeded, deserializing to type 'Devon4Net.WebAPI.Implementation.Business.BookManagement.Dto.BookDto'
2021-04-16 12:17:27.447 +02:00 [DBG] Done attempting to bind parameter 'bookDto' of type 'Devon4Net.WebAPI.Implementation.Business.BookManagement.Dto.BookDto'.
2021-04-16 12:17:27.454 +02:00 [DBG] Done attempting to bind parameter 'bookDto' of type 'Devon4Net.WebAPI.Implementation.Business.BookManagement.Dto.BookDto'.
2021-04-16 12:17:27.456 +02:00 [DBG] Attempting to validate the bound parameter 'bookDto' of type 'Devon4Net.WebAPI.Implementation.Business.BookManagement.Dto.BookDto' ...
2021-04-16 12:17:27.458 +02:00 [DBG] Done attempting to validate the bound parameter 'bookDto' of type 'Devon4Net.WebAPI.Implementation.Business.BookManagement.Dto.BookDto'.
2021-04-16 12:17:27.462 +02:00 [DBG] Executing PublishBook from controller AuthorController
2021-04-16 12:17:27.466 +02:00 [DBG] Publish method from service AuthorService with values : Title = lololol, Summary = lolollol, Genere = lololol
2021-04-16 12:17:27.469 +02:00 [INF] Start processing HTTP request POST "https://localhost:8085/v1/bookmanagement/createbook"
2021-04-16 12:17:27.470 +02:00 [INF] Sending HTTP request POST "https://localhost:8085/v1/bookmanagement/createbook"
2021-04-16 12:17:27.519 +02:00 [DBG] Connection id "0HM80O1EQFALR" accepted.
2021-04-16 12:17:27.521 +02:00 [DBG] Connection id "0HM80O1EQFALR" started.
2021-04-16 12:17:28.287 +02:00 [DBG] Starting HttpMessageHandler cleanup cycle with 1 items
2021-04-16 12:17:28.294 +02:00 [DBG] Ending HttpMessageHandler cleanup cycle after 0.0118ms - processed: 0 items - remaining: 1 items
2021-04-16 12:17:29.512 +02:00 [DBG] Connection id "0HM80O1EQFALS" accepted.
2021-04-16 12:17:29.515 +02:00 [DBG] Connection id "0HM80O1EQFALS" started.
2021-04-16 12:17:29.523 +02:00 [INF] Request starting HTTP/1.1 POST https://localhost:8085/v1/bookmanagement/createbook application/json 59
2021-04-16 12:17:29.525 +02:00 [DBG] The host 'localhost' is excluded. Skipping HSTS header.
2021-04-16 12:17:29.531 +02:00 [DBG] POST requests are not supported
2021-04-16 12:17:29.533 +02:00 [DBG] POST requests are not supported
2021-04-16 12:17:29.534 +02:00 [DBG] No candidates found for the request path '/v1/bookmanagement/createbook'
2021-04-16 12:17:29.535 +02:00 [DBG] Request did not match any endpoints
2021-04-16 12:17:29.538 +02:00 [DBG] AuthenticationScheme: Bearer was not authenticated.
2021-04-16 12:17:29.539 +02:00 [DBG] Request successfully matched the route with name 'null' and template 'v1/bookmanagement/createbook'
2021-04-16 12:17:29.547 +02:00 [INF] Route matched with {action = "CreateBook", controller = "Book"}. Executing controller action with signature System.Threading.Tasks.Task`1[Microsoft.AspNetCore.Mvc.ActionResult] CreateBook(Devon4Net.WebAPI.Implementation.Business.BookManagement.Dto.BookDto) on controller Devon4Net.WebAPI.Implementation.Business.BookManagement.Controllers.BookController (Devon4Net.WebAPI.Implementation).
2021-04-16 12:17:29.552 +02:00 [DBG] Execution plan of authorization filters (in the following order): ["Microsoft.AspNetCore.Mvc.Cors.CorsAuthorizationFilter (Order: -2147483548)"]
2021-04-16 12:17:29.555 +02:00 [DBG] Execution plan of resource filters (in the following order): ["Microsoft.AspNetCore.Mvc.ViewFeatures.Filters.SaveTempDataFilter"]
2021-04-16 12:17:29.563 +02:00 [DBG] Execution plan of action filters (in the following order): ["Microsoft.AspNetCore.Mvc.ModelBinding.UnsupportedContentTypeFilter (Order: -3000)","Microsoft.AspNetCore.Mvc.Infrastructure.ModelStateInvalidFilter (Order: -2000)"]
2021-04-16 12:17:29.569 +02:00 [DBG] Execution plan of exception filters (in the following order): ["None"]
2021-04-16 12:17:29.573 +02:00 [DBG] Execution plan of result filters (in the following order): ["Microsoft.AspNetCore.Mvc.ViewFeatures.Filters.SaveTempDataFilter","Microsoft.AspNetCore.Mvc.Infrastructure.ClientErrorResultFilter (Order: -2000)"]
2021-04-16 12:17:29.581 +02:00 [DBG] Executing controller factory for controller Devon4Net.WebAPI.Implementation.Business.BookManagement.Controllers.BookController (Devon4Net.WebAPI.Implementation)
2021-04-16 12:17:29.585 +02:00 [DBG] Executed controller factory for controller Devon4Net.WebAPI.Implementation.Business.BookManagement.Controllers.BookController (Devon4Net.WebAPI.Implementation)
2021-04-16 12:17:29.590 +02:00 [DBG] Attempting to bind parameter 'bookDto' of type 'Devon4Net.WebAPI.Implementation.Business.BookManagement.Dto.BookDto' ...
2021-04-16 12:17:29.595 +02:00 [DBG] Attempting to bind parameter 'bookDto' of type 'Devon4Net.WebAPI.Implementation.Business.BookManagement.Dto.BookDto' using the name '' in request data ...
2021-04-16 12:17:29.598 +02:00 [DBG] Selected input formatter 'Microsoft.AspNetCore.Mvc.Formatters.SystemTextJsonInputFormatter' for content type 'application/json'.
2021-04-16 12:17:29.600 +02:00 [DBG] Connection id "0HM80O1EQFALS", Request id "0HM80O1EQFALS:00000001": started reading request body.
2021-04-16 12:17:29.606 +02:00 [DBG] Connection id "0HM80O1EQFALS", Request id "0HM80O1EQFALS:00000001": done reading request body.
2021-04-16 12:17:29.612 +02:00 [DBG] JSON input formatter succeeded, deserializing to type 'Devon4Net.WebAPI.Implementation.Business.BookManagement.Dto.BookDto'
2021-04-16 12:17:29.614 +02:00 [DBG] Done attempting to bind parameter 'bookDto' of type 'Devon4Net.WebAPI.Implementation.Business.BookManagement.Dto.BookDto'.
2021-04-16 12:17:29.616 +02:00 [DBG] Done attempting to bind parameter 'bookDto' of type 'Devon4Net.WebAPI.Implementation.Business.BookManagement.Dto.BookDto'.
2021-04-16 12:17:29.618 +02:00 [DBG] Attempting to validate the bound parameter 'bookDto' of type 'Devon4Net.WebAPI.Implementation.Business.BookManagement.Dto.BookDto' ...
2021-04-16 12:17:29.623 +02:00 [DBG] Done attempting to validate the bound parameter 'bookDto' of type 'Devon4Net.WebAPI.Implementation.Business.BookManagement.Dto.BookDto'.
2021-04-16 12:17:29.625 +02:00 [DBG] Executing GetBook from controller BookController
2021-04-16 12:17:29.628 +02:00 [DBG] CreateBook method from service BookService with values : Title = lololol, Summary = lolollol, Genere = lololol
2021-04-16 12:17:29.630 +02:00 [DBG] SetTodo method from repository BookService with value: lololol
2021-04-16 12:17:29.633 +02:00 [INF] Entity Framework Core 3.1.13 initialized 'AlejandriaContext' using provider 'Npgsql.EntityFrameworkCore.PostgreSQL' with options: None
2021-04-16 12:17:29.640 +02:00 [DBG] 'AlejandriaContext' generated a value for the 'Id' property of new 'Book' entity. Consider using 'DbContextOptionsBuilder.EnableSensitiveDataLogging' to see key values.
2021-04-16 12:17:29.644 +02:00 [DBG] Context 'AlejandriaContext' started tracking 'Book' entity. Consider using 'DbContextOptionsBuilder.EnableSensitiveDataLogging' to see key values.
2021-04-16 12:17:29.646 +02:00 [DBG] SaveChanges starting for 'AlejandriaContext'.
2021-04-16 12:17:29.647 +02:00 [DBG] DetectChanges starting for 'AlejandriaContext'.
2021-04-16 12:17:29.649 +02:00 [DBG] DetectChanges completed for 'AlejandriaContext'.
2021-04-16 12:17:29.652 +02:00 [DBG] Opening connection to database 'postgres' on server 'tcp://localhost:5432'.
2021-04-16 12:17:29.653 +02:00 [DBG] Opened connection to database 'postgres' on server 'tcp://localhost:5432'.
2021-04-16 12:17:29.654 +02:00 [DBG] Beginning transaction with isolation level 'Unspecified'.
2021-04-16 12:17:29.655 +02:00 [DBG] Began transaction with isolation level 'ReadCommitted'.
2021-04-16 12:17:29.657 +02:00 [DBG] Creating DbCommand for 'ExecuteReader'.
2021-04-16 12:17:29.660 +02:00 [DBG] Created DbCommand for 'ExecuteReader' (2ms).
2021-04-16 12:17:29.663 +02:00 [DBG] Executing DbCommand [Parameters=[@p0='?' (DbType = Guid), @p1='?', @p2='?', @p3='?'], CommandType='"Text"', CommandTimeout='30']
INSERT INTO "Book" ("Id", "Genere", "Summary", "Title")
VALUES (@p0, @p1, @p2, @p3);
2021-04-16 12:17:29.670 +02:00 [INF] Executed DbCommand (7ms) [Parameters=[@p0='?' (DbType = Guid), @p1='?', @p2='?', @p3='?'], CommandType='"Text"', CommandTimeout='30']
INSERT INTO "Book" ("Id", "Genere", "Summary", "Title")
VALUES (@p0, @p1, @p2, @p3);
2021-04-16 12:17:29.676 +02:00 [DBG] A data reader was disposed.
2021-04-16 12:17:29.679 +02:00 [DBG] Committing transaction.
2021-04-16 12:17:29.684 +02:00 [DBG] Committing transaction.
2021-04-16 12:17:29.685 +02:00 [DBG] Closing connection to database 'postgres' on server 'tcp://localhost:5432'.
2021-04-16 12:17:29.686 +02:00 [DBG] Closed connection to database 'postgres' on server 'tcp://localhost:5432'.
2021-04-16 12:17:29.688 +02:00 [DBG] Disposing transaction.
2021-04-16 12:17:29.690 +02:00 [DBG] An 'Book' entity tracked by 'AlejandriaContext' changed from '"Added"' to '"Unchanged"'. Consider using 'DbContextOptionsBuilder.EnableSensitiveDataLogging' to see key values.
2021-04-16 12:17:29.693 +02:00 [DBG] SaveChanges completed for 'AlejandriaContext' with 1 entities written to the database.
2021-04-16 12:17:29.695 +02:00 [DBG] An 'Book' entity tracked by 'AlejandriaContext' changed from '"Unchanged"' to '"Detached"'. Consider using 'DbContextOptionsBuilder.EnableSensitiveDataLogging' to see key values.
2021-04-16 12:17:29.700 +02:00 [DBG] List of registered output formatters, in the following order: ["Microsoft.AspNetCore.Mvc.Formatters.HttpNoContentOutputFormatter","Microsoft.AspNetCore.Mvc.Formatters.StringOutputFormatter","Microsoft.AspNetCore.Mvc.Formatters.StreamOutputFormatter","Microsoft.AspNetCore.Mvc.Formatters.SystemTextJsonOutputFormatter"]
2021-04-16 12:17:29.704 +02:00 [DBG] No information found on request to perform content negotiation.
2021-04-16 12:17:29.704 +02:00 [DBG] Attempting to select an output formatter without using a content type as no explicit content types were specified for the response.
2021-04-16 12:17:29.706 +02:00 [DBG] Attempting to select the first formatter in the output formatters list which can write the result.
2021-04-16 12:17:29.707 +02:00 [DBG] Selected output formatter 'Microsoft.AspNetCore.Mvc.Formatters.SystemTextJsonOutputFormatter' and content type 'application/json' to write the response.
2021-04-16 12:17:29.711 +02:00 [INF] Executing ObjectResult, writing value of type 'Devon4Net.WebAPI.Implementation.Business.BookManagement.Dto.BookDto'.
2021-04-16 12:17:29.716 +02:00 [INF] Executed action Devon4Net.WebAPI.Implementation.Business.BookManagement.Controllers.BookController.CreateBook (Devon4Net.WebAPI.Implementation) in 135.2327ms
2021-04-16 12:17:29.717 +02:00 [INF] Received HTTP response after 2246.5807ms - "OK"
2021-04-16 12:17:29.718 +02:00 [DBG] Connection id "0HM80O1EQFALS" completed keep alive response.
2021-04-16 12:17:29.720 +02:00 [INF] End processing HTTP request after 2251.5551ms - "OK"
2021-04-16 12:17:29.723 +02:00 [DBG] 'AlejandriaContext' disposed.
2021-04-16 12:17:29.726 +02:00 [INF] HttpResponse message for endpoint call Books : HttpRequest :Method: POST, RequestUri: 'https://localhost:8085/v1/bookmanagement/createbook', Version: 1.1, Content: System.Net.Http.StringContent, Headers:
{
  Request-Id: |1b995979-48ce9f7229a60eb6.1.
  Content-Type: application/json
  Content-Length: 59
} | httpResponse: StatusCode: 200, ReasonPhrase: 'OK', Version: 1.1, Content: System.Net.Http.HttpConnectionResponseContent, Headers:
{
  Date: Fri, 16 Apr 2021 10:17:29 GMT
  Transfer-Encoding: chunked
  X-Frame-Options: DENY
  X-XSS-Protection: 1;mode=block
  X-Content-Type-Options: nosniff
  Content-Type: application/json; charset=utf-8
} | message Content: The Http response is success
2021-04-16 12:17:29.731 +02:00 [INF] Request finished in 207.5036ms 200 application/json; charset=utf-8
2021-04-16 12:17:29.749 +02:00 [INF] HttpResponse message for endpoint call Books : HttpRequest :Method: POST, RequestUri: 'https://localhost:8085/v1/bookmanagement/createbook', Version: 1.1, Content: System.Net.Http.StringContent, Headers:
{
  Request-Id: |1b995979-48ce9f7229a60eb6.1.
  Content-Type: application/json
  Content-Length: 59
} | httpResponse: StatusCode: 200, ReasonPhrase: 'OK', Version: 1.1, Content: System.Net.Http.HttpConnectionResponseContent, Headers:
{
  Date: Fri, 16 Apr 2021 10:17:29 GMT
  Transfer-Encoding: chunked
  X-Frame-Options: DENY
  X-XSS-Protection: 1;mode=block
  X-Content-Type-Options: nosniff
  Content-Type: application/json; charset=utf-8
} | message Content: The Http response is success
2021-04-16 12:17:29.767 +02:00 [INF] Entity Framework Core 3.1.13 initialized 'AlejandriaContext' using provider 'Npgsql.EntityFrameworkCore.PostgreSQL' with options: None
2021-04-16 12:17:29.781 +02:00 [DBG] Creating DbCommand for 'ExecuteReader'.
2021-04-16 12:17:29.783 +02:00 [DBG] Created DbCommand for 'ExecuteReader' (2ms).
2021-04-16 12:17:29.786 +02:00 [DBG] Opening connection to database 'postgres' on server 'tcp://localhost:5432'.
2021-04-16 12:17:29.790 +02:00 [DBG] Opened connection to database 'postgres' on server 'tcp://localhost:5432'.
2021-04-16 12:17:29.795 +02:00 [DBG] Executing DbCommand [Parameters=[@__bookDto_Title_0='?', @__bookDto_Summary_1='?', @__bookDto_Genere_2='?'], CommandType='"Text"', CommandTimeout='30']
SELECT b."Id", b."Genere", b."Summary", b."Title"
FROM "Book" AS b
WHERE ((b."Title" = @__bookDto_Title_0) AND (b."Summary" = @__bookDto_Summary_1)) AND (b."Genere" = @__bookDto_Genere_2)
LIMIT 1
2021-04-16 12:17:29.802 +02:00 [INF] Executed DbCommand (7ms) [Parameters=[@__bookDto_Title_0='?', @__bookDto_Summary_1='?', @__bookDto_Genere_2='?'], CommandType='"Text"', CommandTimeout='30']
SELECT b."Id", b."Genere", b."Summary", b."Title"
FROM "Book" AS b
WHERE ((b."Title" = @__bookDto_Title_0) AND (b."Summary" = @__bookDto_Summary_1)) AND (b."Genere" = @__bookDto_Genere_2)
LIMIT 1
2021-04-16 12:17:29.815 +02:00 [DBG] A data reader was disposed.
2021-04-16 12:17:29.817 +02:00 [DBG] Closing connection to database 'postgres' on server 'tcp://localhost:5432'.
2021-04-16 12:17:29.823 +02:00 [DBG] Closed connection to database 'postgres' on server 'tcp://localhost:5432'.
2021-04-16 12:17:29.829 +02:00 [DBG] Create AuthorBook method from repository AuthorBookRepository with value : AuthorId = b023a18f-b35a-4200-b204-198f7b5ef007 y BookId= 17dc5108-585a-41e4-a4b0-279f00dfca12
2021-04-16 12:17:29.833 +02:00 [INF] Entity Framework Core 3.1.13 initialized 'AlejandriaContext' using provider 'Npgsql.EntityFrameworkCore.PostgreSQL' with options: None
2021-04-16 12:17:29.839 +02:00 [DBG] 'AlejandriaContext' generated a value for the 'Id' property of new 'AuthorBook' entity. Consider using 'DbContextOptionsBuilder.EnableSensitiveDataLogging' to see key values.
2021-04-16 12:17:29.841 +02:00 [DBG] Context 'AlejandriaContext' started tracking 'AuthorBook' entity. Consider using 'DbContextOptionsBuilder.EnableSensitiveDataLogging' to see key values.
2021-04-16 12:17:29.844 +02:00 [DBG] SaveChanges starting for 'AlejandriaContext'.
2021-04-16 12:17:29.847 +02:00 [DBG] DetectChanges starting for 'AlejandriaContext'.
2021-04-16 12:17:29.848 +02:00 [DBG] DetectChanges completed for 'AlejandriaContext'.
2021-04-16 12:17:29.853 +02:00 [DBG] Opening connection to database 'postgres' on server 'tcp://localhost:5432'.
2021-04-16 12:17:29.855 +02:00 [DBG] Opened connection to database 'postgres' on server 'tcp://localhost:5432'.
2021-04-16 12:17:29.856 +02:00 [DBG] Beginning transaction with isolation level 'Unspecified'.
2021-04-16 12:17:29.859 +02:00 [DBG] Began transaction with isolation level 'ReadCommitted'.
2021-04-16 12:17:29.862 +02:00 [DBG] Creating DbCommand for 'ExecuteReader'.
2021-04-16 12:17:29.864 +02:00 [DBG] Created DbCommand for 'ExecuteReader' (1ms).
2021-04-16 12:17:29.867 +02:00 [DBG] Executing DbCommand [Parameters=[@p0='?' (DbType = Guid), @p1='?' (DbType = Guid), @p2='?' (DbType = Guid), @p3='?' (DbType = Date), @p4='?' (DbType = Date)], CommandType='"Text"', CommandTimeout='30']
INSERT INTO "Author_book" ("Id", "Author_Id", "Book_Id", "PublishDate", "ValidityDate")
VALUES (@p0, @p1, @p2, @p3, @p4);
2021-04-16 12:17:29.874 +02:00 [INF] Executed DbCommand (7ms) [Parameters=[@p0='?' (DbType = Guid), @p1='?' (DbType = Guid), @p2='?' (DbType = Guid), @p3='?' (DbType = Date), @p4='?' (DbType = Date)], CommandType='"Text"', CommandTimeout='30']
INSERT INTO "Author_book" ("Id", "Author_Id", "Book_Id", "PublishDate", "ValidityDate")
VALUES (@p0, @p1, @p2, @p3, @p4);
2021-04-16 12:17:29.880 +02:00 [DBG] A data reader was disposed.
2021-04-16 12:17:29.884 +02:00 [DBG] Committing transaction.
2021-04-16 12:17:29.890 +02:00 [DBG] Committing transaction.
2021-04-16 12:17:29.892 +02:00 [DBG] Closing connection to database 'postgres' on server 'tcp://localhost:5432'.
2021-04-16 12:17:29.894 +02:00 [DBG] Closed connection to database 'postgres' on server 'tcp://localhost:5432'.
2021-04-16 12:17:29.900 +02:00 [DBG] Disposing transaction.
2021-04-16 12:17:29.902 +02:00 [DBG] An 'AuthorBook' entity tracked by 'AlejandriaContext' changed from '"Added"' to '"Unchanged"'. Consider using 'DbContextOptionsBuilder.EnableSensitiveDataLogging' to see key values.
2021-04-16 12:17:29.905 +02:00 [DBG] SaveChanges completed for 'AlejandriaContext' with 1 entities written to the database.
2021-04-16 12:17:29.907 +02:00 [DBG] An 'AuthorBook' entity tracked by 'AlejandriaContext' changed from '"Unchanged"' to '"Detached"'. Consider using 'DbContextOptionsBuilder.EnableSensitiveDataLogging' to see key values.
2021-04-16 12:17:29.915 +02:00 [DBG] List of registered output formatters, in the following order: ["Microsoft.AspNetCore.Mvc.Formatters.HttpNoContentOutputFormatter","Microsoft.AspNetCore.Mvc.Formatters.StringOutputFormatter","Microsoft.AspNetCore.Mvc.Formatters.StreamOutputFormatter","Microsoft.AspNetCore.Mvc.Formatters.SystemTextJsonOutputFormatter"]
2021-04-16 12:17:29.921 +02:00 [DBG] No information found on request to perform content negotiation.
2021-04-16 12:17:29.921 +02:00 [DBG] Attempting to select an output formatter without using a content type as no explicit content types were specified for the response.
2021-04-16 12:17:29.923 +02:00 [DBG] Attempting to select the first formatter in the output formatters list which can write the result.
2021-04-16 12:17:29.925 +02:00 [DBG] Selected output formatter 'Microsoft.AspNetCore.Mvc.Formatters.SystemTextJsonOutputFormatter' and content type 'application/json' to write the response.
2021-04-16 12:17:29.932 +02:00 [INF] Executing ObjectResult, writing value of type 'Devon4Net.WebAPI.Implementation.Business.BookManagement.Dto.BookDto'.
2021-04-16 12:17:29.934 +02:00 [INF] Executed action Devon4Net.WebAPI.Implementation.Business.AuthorManagement.Controllers.AuthorController.PublishBook (Devon4Net.WebAPI.Implementation) in 2543.6326ms
2021-04-16 12:17:29.937 +02:00 [DBG] Connection id "0HM80O1EQFALQ" completed keep alive response.
2021-04-16 12:17:29.939 +02:00 [DBG] 'AlejandriaContext' disposed.
2021-04-16 12:17:29.940 +02:00 [DBG] 'AlejandriaContext' disposed.
2021-04-16 12:17:29.948 +02:00 [INF] Request finished in 2659.4416ms 200 application/json; charset=utf-8
2021-04-16 12:17:35.096 +02:00 [DBG] Connection id "0HM80O1EQFALR" received FIN.
2021-04-16 12:17:35.096 +02:00 [DBG] Connection id "0HM80O1EQFALQ" received FIN.
2021-04-16 12:17:35.101 +02:00 [DBG] Connection id "0HM80O1EQFALR" sending FIN because: "The client closed the connection."
2021-04-16 12:17:35.105 +02:00 [DBG] Connection id "0HM80O1EQFALQ" disconnecting.
2021-04-16 12:17:35.119 +02:00 [DBG] Connection id "0HM80O1EQFALR" disconnecting.
2021-04-16 12:17:35.126 +02:00 [DBG] Connection id "0HM80O1EQFALQ" sending FIN because: "The client closed the connection."
2021-04-16 12:17:35.131 +02:00 [DBG] Connection id "0HM80O1EQFALR" stopped.
2021-04-16 12:17:35.145 +02:00 [DBG] Connection id "0HM80O1EQFALQ" stopped.
2021-04-16 12:17:38.306 +02:00 [DBG] Starting HttpMessageHandler cleanup cycle with 1 items
2021-04-16 12:17:38.309 +02:00 [DBG] Ending HttpMessageHandler cleanup cycle after 0.5087ms - processed: 0 items - remaining: 1 items
2021-04-16 12:17:48.180 +02:00 [DBG] Connection id "0HM80O1EQFALN" received FIN.
2021-04-16 12:17:48.194 +02:00 [DBG] Connection id "0HM80O1EQFALN" disconnecting.
2021-04-16 12:17:48.203 +02:00 [DBG] Connection id "0HM80O1EQFALN" sending FIN because: "The client closed the connection."
2021-04-16 12:17:48.216 +02:00 [DBG] Connection id "0HM80O1EQFALN" stopped.
2021-04-16 12:17:48.326 +02:00 [DBG] Starting HttpMessageHandler cleanup cycle with 1 items
2021-04-16 12:17:48.329 +02:00 [DBG] Ending HttpMessageHandler cleanup cycle after 0.0065ms - processed: 0 items - remaining: 1 items
2021-04-16 12:17:58.353 +02:00 [DBG] Starting HttpMessageHandler cleanup cycle with 1 items
2021-04-16 12:17:58.359 +02:00 [DBG] Ending HttpMessageHandler cleanup cycle after 0.0098ms - processed: 0 items - remaining: 1 items
