2021-04-23 14:10:01.311 +02:00 [INF] Please setup your database in order to have the RabbitMq messaging backup feature
2021-04-23 14:10:01.933 +02:00 [INF] Please setup your database in order to have the RabbitMq messaging backup feature
2021-04-23 14:10:06.601 +02:00 [DBG] Hosting starting
2021-04-23 14:10:06.705 +02:00 [INF] User profile is available. Using 'C:\Users\apenahig\AppData\Local\ASP.NET\DataProtection-Keys' as key repository and Windows DPAPI to encrypt keys at rest.
2021-04-23 14:10:06.898 +02:00 [DBG] Reading data from file 'C:\Users\apenahig\AppData\Local\ASP.NET\DataProtection-Keys\key-9d073722-32c1-4422-88d8-684df3278e92.xml'.
2021-04-23 14:10:06.950 +02:00 [DBG] Found key {9d073722-32c1-4422-88d8-684df3278e92}.
2021-04-23 14:10:06.964 +02:00 [DBG] Considering key {9d073722-32c1-4422-88d8-684df3278e92} with expiration date 2021-06-21 11:20:35Z as default key.
2021-04-23 14:10:06.974 +02:00 [DBG] Forwarded activator type request from Microsoft.AspNetCore.DataProtection.XmlEncryption.DpapiXmlDecryptor, Microsoft.AspNetCore.DataProtection, Version=3.1.13.0, Culture=neutral, PublicKeyToken=adb9793829ddae60 to Microsoft.AspNetCore.DataProtection.XmlEncryption.DpapiXmlDecryptor, Microsoft.AspNetCore.DataProtection, Culture=neutral, PublicKeyToken=adb9793829ddae60
2021-04-23 14:10:06.984 +02:00 [DBG] Decrypting secret element using Windows DPAPI.
2021-04-23 14:10:06.988 +02:00 [DBG] Forwarded activator type request from Microsoft.AspNetCore.DataProtection.AuthenticatedEncryption.ConfigurationModel.AuthenticatedEncryptorDescriptorDeserializer, Microsoft.AspNetCore.DataProtection, Version=3.1.13.0, Culture=neutral, PublicKeyToken=adb9793829ddae60 to Microsoft.AspNetCore.DataProtection.AuthenticatedEncryption.ConfigurationModel.AuthenticatedEncryptorDescriptorDeserializer, Microsoft.AspNetCore.DataProtection, Culture=neutral, PublicKeyToken=adb9793829ddae60
2021-04-23 14:10:06.993 +02:00 [DBG] Opening CNG algorithm 'AES' from provider 'null' with chaining mode CBC.
2021-04-23 14:10:07.000 +02:00 [DBG] Opening CNG algorithm 'SHA256' from provider 'null' with HMAC.
2021-04-23 14:10:07.004 +02:00 [DBG] Using key {9d073722-32c1-4422-88d8-684df3278e92} as the default key.
2021-04-23 14:10:07.006 +02:00 [DBG] Key ring with default key {9d073722-32c1-4422-88d8-684df3278e92} was loaded during application startup.
2021-04-23 14:10:07.142 +02:00 [DBG] Registered model binder providers, in the following order: ["Microsoft.AspNetCore.Mvc.ModelBinding.Binders.BinderTypeModelBinderProvider","Microsoft.AspNetCore.Mvc.ModelBinding.Binders.ServicesModelBinderProvider","Microsoft.AspNetCore.Mvc.ModelBinding.Binders.BodyModelBinderProvider","Microsoft.AspNetCore.Mvc.ModelBinding.Binders.HeaderModelBinderProvider","Microsoft.AspNetCore.Mvc.ModelBinding.Binders.FloatingPointTypeModelBinderProvider","Microsoft.AspNetCore.Mvc.ModelBinding.Binders.EnumTypeModelBinderProvider","Microsoft.AspNetCore.Mvc.ModelBinding.Binders.SimpleTypeModelBinderProvider","Microsoft.AspNetCore.Mvc.ModelBinding.Binders.CancellationTokenModelBinderProvider","Microsoft.AspNetCore.Mvc.ModelBinding.Binders.ByteArrayModelBinderProvider","Microsoft.AspNetCore.Mvc.ModelBinding.Binders.FormFileModelBinderProvider","Microsoft.AspNetCore.Mvc.ModelBinding.Binders.FormCollectionModelBinderProvider","Microsoft.AspNetCore.Mvc.ModelBinding.Binders.KeyValuePairModelBinderProvider","Microsoft.AspNetCore.Mvc.ModelBinding.Binders.DictionaryModelBinderProvider","Microsoft.AspNetCore.Mvc.ModelBinding.Binders.ArrayModelBinderProvider","Microsoft.AspNetCore.Mvc.ModelBinding.Binders.CollectionModelBinderProvider","Microsoft.AspNetCore.Mvc.ModelBinding.Binders.ComplexTypeModelBinderProvider"]
2021-04-23 14:10:07.190 +02:00 [DBG] Initializing Razor view compiler with no compiled views.
2021-04-23 14:10:07.239 +02:00 [DBG] Failed to locate the development https certificate at 'null'.
2021-04-23 14:10:07.245 +02:00 [WRN] Overriding address(es) 'https://localhost:8085'. Binding to endpoints defined in UseKestrel() instead.
2021-04-23 14:10:07.273 +02:00 [INF] Now listening on: https://0.0.0.0:8085
2021-04-23 14:10:07.276 +02:00 [DBG] Loaded hosting startup assembly Devon4Net.Application.WebAPI
2021-04-23 14:10:07.278 +02:00 [INF] Application started. Press Ctrl+C to shut down.
2021-04-23 14:10:07.285 +02:00 [INF] Hosting environment: Development
2021-04-23 14:10:07.287 +02:00 [INF] Content root path: C:\Users\apenahig\source\repos\Alejandria\source\Templates\WebAPI\Devon4Net.Application.WebAPI
2021-04-23 14:10:07.292 +02:00 [DBG] Hosting started
2021-04-23 14:10:07.457 +02:00 [DBG] Connection id "0HM86A2U3F3F5" accepted.
2021-04-23 14:10:07.460 +02:00 [DBG] Connection id "0HM86A2U3F3F5" started.
2021-04-23 14:10:07.483 +02:00 [DBG] Connection id "0HM86A2U3F3F5" received FIN.
2021-04-23 14:10:07.510 +02:00 [DBG] Failed to authenticate HTTPS connection.
System.IO.IOException: Authentication failed because the remote party has closed the transport stream.
   at System.Net.Security.SslStream.StartReadFrame(Byte[] buffer, Int32 readBytes, AsyncProtocolRequest asyncRequest)
   at System.Net.Security.SslStream.PartialFrameCallback(AsyncProtocolRequest asyncRequest)
--- End of stack trace from previous location where exception was thrown ---
   at System.Net.Security.SslStream.ThrowIfExceptional()
   at System.Net.Security.SslStream.InternalEndProcessAuthentication(LazyAsyncResult lazyResult)
   at System.Net.Security.SslStream.EndProcessAuthentication(IAsyncResult result)
   at System.Net.Security.SslStream.EndAuthenticateAsServer(IAsyncResult asyncResult)
   at System.Net.Security.SslStream.<>c.<AuthenticateAsServerAsync>b__69_1(IAsyncResult iar)
   at System.Threading.Tasks.TaskFactory`1.FromAsyncCoreLogic(IAsyncResult iar, Func`2 endFunction, Action`1 endAction, Task`1 promise, Boolean requiresSynchronization)
--- End of stack trace from previous location where exception was thrown ---
   at Microsoft.AspNetCore.Server.Kestrel.Https.Internal.HttpsConnectionMiddleware.InnerOnConnectionAsync(ConnectionContext context)
2021-04-23 14:10:07.634 +02:00 [DBG] Connection id "0HM86A2U3F3F5" stopped.
2021-04-23 14:10:07.639 +02:00 [DBG] Connection id "0HM86A2U3F3F5" sending FIN because: "The Socket transport's send loop completed gracefully."
2021-04-23 14:10:08.758 +02:00 [DBG] Connection id "0HM86A2U3F3F6" accepted.
2021-04-23 14:10:08.768 +02:00 [DBG] Connection id "0HM86A2U3F3F6" started.
2021-04-23 14:10:08.770 +02:00 [DBG] Connection id "0HM86A2U3F3F7" accepted.
2021-04-23 14:10:08.775 +02:00 [DBG] Connection id "0HM86A2U3F3F7" started.
2021-04-23 14:10:08.971 +02:00 [DBG] Connection id "0HM86A2U3F3F7" received FIN.
2021-04-23 14:10:08.972 +02:00 [DBG] Connection id "0HM86A2U3F3F6" received FIN.
2021-04-23 14:10:08.977 +02:00 [DBG] Failed to authenticate HTTPS connection.
System.Security.Authentication.AuthenticationException: Authentication failed, see inner exception.
 ---> System.ComponentModel.Win32Exception (0x80090327): An unknown error occurred while processing the certificate.
   --- End of inner exception stack trace ---
   at System.Net.Security.SslStream.StartSendAuthResetSignal(ProtocolToken message, AsyncProtocolRequest asyncRequest, ExceptionDispatchInfo exception)
   at System.Net.Security.SslStream.CheckCompletionBeforeNextReceive(ProtocolToken message, AsyncProtocolRequest asyncRequest)
   at System.Net.Security.SslStream.StartSendBlob(Byte[] incoming, Int32 count, AsyncProtocolRequest asyncRequest)
   at System.Net.Security.SslStream.ProcessReceivedBlob(Byte[] buffer, Int32 count, AsyncProtocolRequest asyncRequest)
   at System.Net.Security.SslStream.StartReadFrame(Byte[] buffer, Int32 readBytes, AsyncProtocolRequest asyncRequest)
   at System.Net.Security.SslStream.PartialFrameCallback(AsyncProtocolRequest asyncRequest)
--- End of stack trace from previous location where exception was thrown ---
   at System.Net.Security.SslStream.ThrowIfExceptional()
   at System.Net.Security.SslStream.InternalEndProcessAuthentication(LazyAsyncResult lazyResult)
   at System.Net.Security.SslStream.EndProcessAuthentication(IAsyncResult result)
   at System.Net.Security.SslStream.EndAuthenticateAsServer(IAsyncResult asyncResult)
   at System.Net.Security.SslStream.<>c.<AuthenticateAsServerAsync>b__69_1(IAsyncResult iar)
   at System.Threading.Tasks.TaskFactory`1.FromAsyncCoreLogic(IAsyncResult iar, Func`2 endFunction, Action`1 endAction, Task`1 promise, Boolean requiresSynchronization)
--- End of stack trace from previous location where exception was thrown ---
   at Microsoft.AspNetCore.Server.Kestrel.Https.Internal.HttpsConnectionMiddleware.InnerOnConnectionAsync(ConnectionContext context)
2021-04-23 14:10:08.977 +02:00 [DBG] Failed to authenticate HTTPS connection.
System.Security.Authentication.AuthenticationException: Authentication failed, see inner exception.
 ---> System.ComponentModel.Win32Exception (0x80090327): An unknown error occurred while processing the certificate.
   --- End of inner exception stack trace ---
   at System.Net.Security.SslStream.StartSendAuthResetSignal(ProtocolToken message, AsyncProtocolRequest asyncRequest, ExceptionDispatchInfo exception)
   at System.Net.Security.SslStream.CheckCompletionBeforeNextReceive(ProtocolToken message, AsyncProtocolRequest asyncRequest)
   at System.Net.Security.SslStream.StartSendBlob(Byte[] incoming, Int32 count, AsyncProtocolRequest asyncRequest)
   at System.Net.Security.SslStream.ProcessReceivedBlob(Byte[] buffer, Int32 count, AsyncProtocolRequest asyncRequest)
   at System.Net.Security.SslStream.StartReadFrame(Byte[] buffer, Int32 readBytes, AsyncProtocolRequest asyncRequest)
   at System.Net.Security.SslStream.PartialFrameCallback(AsyncProtocolRequest asyncRequest)
--- End of stack trace from previous location where exception was thrown ---
   at System.Net.Security.SslStream.ThrowIfExceptional()
   at System.Net.Security.SslStream.InternalEndProcessAuthentication(LazyAsyncResult lazyResult)
   at System.Net.Security.SslStream.EndProcessAuthentication(IAsyncResult result)
   at System.Net.Security.SslStream.EndAuthenticateAsServer(IAsyncResult asyncResult)
   at System.Net.Security.SslStream.<>c.<AuthenticateAsServerAsync>b__69_1(IAsyncResult iar)
   at System.Threading.Tasks.TaskFactory`1.FromAsyncCoreLogic(IAsyncResult iar, Func`2 endFunction, Action`1 endAction, Task`1 promise, Boolean requiresSynchronization)
--- End of stack trace from previous location where exception was thrown ---
   at Microsoft.AspNetCore.Server.Kestrel.Https.Internal.HttpsConnectionMiddleware.InnerOnConnectionAsync(ConnectionContext context)
2021-04-23 14:10:08.994 +02:00 [DBG] Connection id "0HM86A2U3F3F6" stopped.
2021-04-23 14:10:09.013 +02:00 [DBG] Connection id "0HM86A2U3F3F8" accepted.
2021-04-23 14:10:09.019 +02:00 [DBG] Connection id "0HM86A2U3F3F7" stopped.
2021-04-23 14:10:09.019 +02:00 [DBG] Connection id "0HM86A2U3F3F6" sending FIN because: "The Socket transport's send loop completed gracefully."
2021-04-23 14:10:09.021 +02:00 [DBG] Connection id "0HM86A2U3F3F8" started.
2021-04-23 14:10:09.022 +02:00 [DBG] Connection id "0HM86A2U3F3F7" sending FIN because: "The Socket transport's send loop completed gracefully."
2021-04-23 14:10:09.039 +02:00 [DBG] Connection id "0HM86A2U3F3F8" received FIN.
2021-04-23 14:10:09.040 +02:00 [DBG] Failed to authenticate HTTPS connection.
System.Security.Authentication.AuthenticationException: Authentication failed, see inner exception.
 ---> System.ComponentModel.Win32Exception (0x80090327): An unknown error occurred while processing the certificate.
   --- End of inner exception stack trace ---
   at System.Net.Security.SslStream.StartSendAuthResetSignal(ProtocolToken message, AsyncProtocolRequest asyncRequest, ExceptionDispatchInfo exception)
   at System.Net.Security.SslStream.CheckCompletionBeforeNextReceive(ProtocolToken message, AsyncProtocolRequest asyncRequest)
   at System.Net.Security.SslStream.StartSendBlob(Byte[] incoming, Int32 count, AsyncProtocolRequest asyncRequest)
   at System.Net.Security.SslStream.ProcessReceivedBlob(Byte[] buffer, Int32 count, AsyncProtocolRequest asyncRequest)
   at System.Net.Security.SslStream.StartReadFrame(Byte[] buffer, Int32 readBytes, AsyncProtocolRequest asyncRequest)
   at System.Net.Security.SslStream.PartialFrameCallback(AsyncProtocolRequest asyncRequest)
--- End of stack trace from previous location where exception was thrown ---
   at System.Net.Security.SslStream.ThrowIfExceptional()
   at System.Net.Security.SslStream.InternalEndProcessAuthentication(LazyAsyncResult lazyResult)
   at System.Net.Security.SslStream.EndProcessAuthentication(IAsyncResult result)
   at System.Net.Security.SslStream.EndAuthenticateAsServer(IAsyncResult asyncResult)
   at System.Net.Security.SslStream.<>c.<AuthenticateAsServerAsync>b__69_1(IAsyncResult iar)
   at System.Threading.Tasks.TaskFactory`1.FromAsyncCoreLogic(IAsyncResult iar, Func`2 endFunction, Action`1 endAction, Task`1 promise, Boolean requiresSynchronization)
--- End of stack trace from previous location where exception was thrown ---
   at Microsoft.AspNetCore.Server.Kestrel.Https.Internal.HttpsConnectionMiddleware.InnerOnConnectionAsync(ConnectionContext context)
2021-04-23 14:10:09.075 +02:00 [DBG] Connection id "0HM86A2U3F3F8" stopped.
2021-04-23 14:10:09.079 +02:00 [DBG] Connection id "0HM86A2U3F3F8" sending FIN because: "The Socket transport's send loop completed gracefully."
2021-04-23 14:10:09.348 +02:00 [DBG] Connection id "0HM86A2U3F3F9" accepted.
2021-04-23 14:10:09.355 +02:00 [DBG] Connection id "0HM86A2U3F3F9" started.
2021-04-23 14:10:09.476 +02:00 [INF] Request starting HTTP/1.1 GET https://localhost:8085/swagger/index.html  
2021-04-23 14:10:09.486 +02:00 [DBG] Wildcard detected, all requests with hosts will be allowed.
2021-04-23 14:10:09.488 +02:00 [DBG] The host 'localhost' is excluded. Skipping HSTS header.
2021-04-23 14:10:09.549 +02:00 [DBG] The request path /swagger/index.html does not match an existing file
2021-04-23 14:10:09.569 +02:00 [DBG] AcceptLanguageHeaderRequestCultureProvider returned the following unsupported cultures '["en-US","en","es"]'.
2021-04-23 14:10:09.631 +02:00 [DBG] Connection id "0HM86A2U3F3FA" accepted.
2021-04-23 14:10:09.637 +02:00 [DBG] Connection id "0HM86A2U3F3FA" started.
2021-04-23 14:10:09.855 +02:00 [DBG] Connection id "0HM86A2U3F3F9" completed keep alive response.
2021-04-23 14:10:09.865 +02:00 [INF] Request finished in 392.203ms 200 text/html;charset=utf-8
2021-04-23 14:10:09.940 +02:00 [INF] Request starting HTTP/1.1 GET https://localhost:8085/swagger/swagger-ui-bundle.js  
2021-04-23 14:10:09.943 +02:00 [DBG] The host 'localhost' is excluded. Skipping HSTS header.
2021-04-23 14:10:09.954 +02:00 [DBG] The request path /swagger/swagger-ui-bundle.js does not match an existing file
2021-04-23 14:10:09.966 +02:00 [INF] Request starting HTTP/1.1 GET https://localhost:8085/swagger/swagger-ui.css  
2021-04-23 14:10:09.967 +02:00 [DBG] AcceptLanguageHeaderRequestCultureProvider returned the following unsupported cultures '["en-US","en","es"]'.
2021-04-23 14:10:09.968 +02:00 [DBG] The host 'localhost' is excluded. Skipping HSTS header.
2021-04-23 14:10:09.976 +02:00 [DBG] The request path /swagger/swagger-ui.css does not match an existing file
2021-04-23 14:10:09.985 +02:00 [DBG] AcceptLanguageHeaderRequestCultureProvider returned the following unsupported cultures '["en-US","en","es"]'.
2021-04-23 14:10:10.077 +02:00 [INF] Sending file. Request path: '/swagger-ui.css'. Physical path: 'N/A'
2021-04-23 14:10:10.108 +02:00 [DBG] Connection id "0HM86A2U3F3F9" completed keep alive response.
2021-04-23 14:10:10.114 +02:00 [INF] Request finished in 147.3174ms 200 text/css
2021-04-23 14:10:10.120 +02:00 [INF] Request starting HTTP/1.1 GET https://localhost:8085/swagger/swagger-ui-standalone-preset.js  
2021-04-23 14:10:10.122 +02:00 [DBG] The host 'localhost' is excluded. Skipping HSTS header.
2021-04-23 14:10:10.129 +02:00 [DBG] The request path /swagger/swagger-ui-standalone-preset.js does not match an existing file
2021-04-23 14:10:10.130 +02:00 [INF] Sending file. Request path: '/swagger-ui-bundle.js'. Physical path: 'N/A'
2021-04-23 14:10:10.135 +02:00 [DBG] AcceptLanguageHeaderRequestCultureProvider returned the following unsupported cultures '["en-US","en","es"]'.
2021-04-23 14:10:10.138 +02:00 [DBG] Connection id "0HM86A2U3F3FA" completed keep alive response.
2021-04-23 14:10:10.156 +02:00 [INF] Request finished in 215.8065ms 200 application/javascript
2021-04-23 14:10:10.169 +02:00 [INF] Sending file. Request path: '/swagger-ui-standalone-preset.js'. Physical path: 'N/A'
2021-04-23 14:10:10.173 +02:00 [DBG] Connection id "0HM86A2U3F3F9" completed keep alive response.
2021-04-23 14:10:10.175 +02:00 [INF] Request finished in 55.0029ms 200 application/javascript
2021-04-23 14:10:10.230 +02:00 [DBG] Connection id "0HM86A2U3F3FB" accepted.
2021-04-23 14:10:10.235 +02:00 [DBG] Connection id "0HM86A2U3F3FB" started.
2021-04-23 14:10:10.240 +02:00 [DBG] Connection id "0HM86A2U3F3FB" received FIN.
2021-04-23 14:10:10.253 +02:00 [DBG] Failed to authenticate HTTPS connection.
System.Security.Authentication.AuthenticationException: Authentication failed, see inner exception.
 ---> System.ComponentModel.Win32Exception (0x80090327): An unknown error occurred while processing the certificate.
   --- End of inner exception stack trace ---
   at System.Net.Security.SslStream.StartSendAuthResetSignal(ProtocolToken message, AsyncProtocolRequest asyncRequest, ExceptionDispatchInfo exception)
   at System.Net.Security.SslStream.CheckCompletionBeforeNextReceive(ProtocolToken message, AsyncProtocolRequest asyncRequest)
   at System.Net.Security.SslStream.StartSendBlob(Byte[] incoming, Int32 count, AsyncProtocolRequest asyncRequest)
   at System.Net.Security.SslStream.ProcessReceivedBlob(Byte[] buffer, Int32 count, AsyncProtocolRequest asyncRequest)
   at System.Net.Security.SslStream.StartReadFrame(Byte[] buffer, Int32 readBytes, AsyncProtocolRequest asyncRequest)
   at System.Net.Security.SslStream.PartialFrameCallback(AsyncProtocolRequest asyncRequest)
--- End of stack trace from previous location where exception was thrown ---
   at System.Net.Security.SslStream.ThrowIfExceptional()
   at System.Net.Security.SslStream.InternalEndProcessAuthentication(LazyAsyncResult lazyResult)
   at System.Net.Security.SslStream.EndProcessAuthentication(IAsyncResult result)
   at System.Net.Security.SslStream.EndAuthenticateAsServer(IAsyncResult asyncResult)
   at System.Net.Security.SslStream.<>c.<AuthenticateAsServerAsync>b__69_1(IAsyncResult iar)
   at System.Threading.Tasks.TaskFactory`1.FromAsyncCoreLogic(IAsyncResult iar, Func`2 endFunction, Action`1 endAction, Task`1 promise, Boolean requiresSynchronization)
--- End of stack trace from previous location where exception was thrown ---
   at Microsoft.AspNetCore.Server.Kestrel.Https.Internal.HttpsConnectionMiddleware.InnerOnConnectionAsync(ConnectionContext context)
2021-04-23 14:10:10.314 +02:00 [DBG] Connection id "0HM86A2U3F3FB" stopped.
2021-04-23 14:10:10.325 +02:00 [DBG] Connection id "0HM86A2U3F3FB" sending FIN because: "The Socket transport's send loop completed gracefully."
2021-04-23 14:10:10.566 +02:00 [INF] Request starting HTTP/1.1 GET https://localhost:8085/swagger/v1/swagger.json  
2021-04-23 14:10:10.628 +02:00 [DBG] The host 'localhost' is excluded. Skipping HSTS header.
2021-04-23 14:10:10.701 +02:00 [DBG] The request path /swagger/v1/swagger.json does not match an existing file
2021-04-23 14:10:10.721 +02:00 [DBG] AcceptLanguageHeaderRequestCultureProvider returned the following unsupported cultures '["en-US","en","es"]'.
2021-04-23 14:10:12.338 +02:00 [DBG] Connection id "0HM86A2U3F3F9" completed keep alive response.
2021-04-23 14:10:12.341 +02:00 [INF] Request finished in 1775.9565ms 200 application/json;charset=utf-8
2021-04-23 14:10:13.686 +02:00 [DBG] Connection id "0HM86A2U3F3F9" received FIN.
2021-04-23 14:10:13.686 +02:00 [DBG] Connection id "0HM86A2U3F3FA" received FIN.
2021-04-23 14:10:13.691 +02:00 [DBG] Connection id "0HM86A2U3F3F9" sending FIN because: "The client closed the connection."
2021-04-23 14:10:13.691 +02:00 [DBG] Connection id "0HM86A2U3F3FA" sending FIN because: "The client closed the connection."
2021-04-23 14:10:13.694 +02:00 [DBG] Connection id "0HM86A2U3F3F9" disconnecting.
2021-04-23 14:10:13.697 +02:00 [DBG] Connection id "0HM86A2U3F3FA" disconnecting.
2021-04-23 14:10:13.700 +02:00 [DBG] Connection id "0HM86A2U3F3F9" stopped.
2021-04-23 14:10:13.700 +02:00 [DBG] Connection id "0HM86A2U3F3FA" stopped.
2021-04-23 14:16:53.555 +02:00 [DBG] Connection id "0HM86A2U3F3FC" accepted.
2021-04-23 14:16:53.558 +02:00 [DBG] Connection id "0HM86A2U3F3FC" started.
2021-04-23 14:16:53.580 +02:00 [DBG] Connection id "0HM86A2U3F3FC" received FIN.
2021-04-23 14:16:53.582 +02:00 [DBG] Failed to authenticate HTTPS connection.
System.Security.Authentication.AuthenticationException: Authentication failed, see inner exception.
 ---> System.ComponentModel.Win32Exception (0x80090327): An unknown error occurred while processing the certificate.
   --- End of inner exception stack trace ---
   at System.Net.Security.SslStream.StartSendAuthResetSignal(ProtocolToken message, AsyncProtocolRequest asyncRequest, ExceptionDispatchInfo exception)
   at System.Net.Security.SslStream.CheckCompletionBeforeNextReceive(ProtocolToken message, AsyncProtocolRequest asyncRequest)
   at System.Net.Security.SslStream.StartSendBlob(Byte[] incoming, Int32 count, AsyncProtocolRequest asyncRequest)
   at System.Net.Security.SslStream.ProcessReceivedBlob(Byte[] buffer, Int32 count, AsyncProtocolRequest asyncRequest)
   at System.Net.Security.SslStream.StartReadFrame(Byte[] buffer, Int32 readBytes, AsyncProtocolRequest asyncRequest)
   at System.Net.Security.SslStream.PartialFrameCallback(AsyncProtocolRequest asyncRequest)
--- End of stack trace from previous location where exception was thrown ---
   at System.Net.Security.SslStream.ThrowIfExceptional()
   at System.Net.Security.SslStream.InternalEndProcessAuthentication(LazyAsyncResult lazyResult)
   at System.Net.Security.SslStream.EndProcessAuthentication(IAsyncResult result)
   at System.Net.Security.SslStream.EndAuthenticateAsServer(IAsyncResult asyncResult)
   at System.Net.Security.SslStream.<>c.<AuthenticateAsServerAsync>b__69_1(IAsyncResult iar)
   at System.Threading.Tasks.TaskFactory`1.FromAsyncCoreLogic(IAsyncResult iar, Func`2 endFunction, Action`1 endAction, Task`1 promise, Boolean requiresSynchronization)
--- End of stack trace from previous location where exception was thrown ---
   at Microsoft.AspNetCore.Server.Kestrel.Https.Internal.HttpsConnectionMiddleware.InnerOnConnectionAsync(ConnectionContext context)
2021-04-23 14:16:53.596 +02:00 [DBG] Connection id "0HM86A2U3F3FC" stopped.
2021-04-23 14:16:53.602 +02:00 [DBG] Connection id "0HM86A2U3F3FC" sending FIN because: "The Socket transport's send loop completed gracefully."
2021-04-23 14:16:53.818 +02:00 [DBG] Connection id "0HM86A2U3F3FD" accepted.
2021-04-23 14:16:53.824 +02:00 [DBG] Connection id "0HM86A2U3F3FD" started.
2021-04-23 14:16:53.828 +02:00 [DBG] Connection id "0HM86A2U3F3FD" received FIN.
2021-04-23 14:16:53.829 +02:00 [DBG] Failed to authenticate HTTPS connection.
System.Security.Authentication.AuthenticationException: Authentication failed, see inner exception.
 ---> System.ComponentModel.Win32Exception (0x80090327): An unknown error occurred while processing the certificate.
   --- End of inner exception stack trace ---
   at System.Net.Security.SslStream.StartSendAuthResetSignal(ProtocolToken message, AsyncProtocolRequest asyncRequest, ExceptionDispatchInfo exception)
   at System.Net.Security.SslStream.CheckCompletionBeforeNextReceive(ProtocolToken message, AsyncProtocolRequest asyncRequest)
   at System.Net.Security.SslStream.StartSendBlob(Byte[] incoming, Int32 count, AsyncProtocolRequest asyncRequest)
   at System.Net.Security.SslStream.ProcessReceivedBlob(Byte[] buffer, Int32 count, AsyncProtocolRequest asyncRequest)
   at System.Net.Security.SslStream.StartReadFrame(Byte[] buffer, Int32 readBytes, AsyncProtocolRequest asyncRequest)
   at System.Net.Security.SslStream.PartialFrameCallback(AsyncProtocolRequest asyncRequest)
--- End of stack trace from previous location where exception was thrown ---
   at System.Net.Security.SslStream.ThrowIfExceptional()
   at System.Net.Security.SslStream.InternalEndProcessAuthentication(LazyAsyncResult lazyResult)
   at System.Net.Security.SslStream.EndProcessAuthentication(IAsyncResult result)
   at System.Net.Security.SslStream.EndAuthenticateAsServer(IAsyncResult asyncResult)
   at System.Net.Security.SslStream.<>c.<AuthenticateAsServerAsync>b__69_1(IAsyncResult iar)
   at System.Threading.Tasks.TaskFactory`1.FromAsyncCoreLogic(IAsyncResult iar, Func`2 endFunction, Action`1 endAction, Task`1 promise, Boolean requiresSynchronization)
--- End of stack trace from previous location where exception was thrown ---
   at Microsoft.AspNetCore.Server.Kestrel.Https.Internal.HttpsConnectionMiddleware.InnerOnConnectionAsync(ConnectionContext context)
2021-04-23 14:16:53.837 +02:00 [DBG] Connection id "0HM86A2U3F3FD" stopped.
2021-04-23 14:16:53.838 +02:00 [DBG] Connection id "0HM86A2U3F3FD" sending FIN because: "The Socket transport's send loop completed gracefully."
2021-04-23 14:16:53.895 +02:00 [DBG] Connection id "0HM86A2U3F3FE" accepted.
2021-04-23 14:16:53.901 +02:00 [DBG] Connection id "0HM86A2U3F3FE" started.
2021-04-23 14:16:53.913 +02:00 [INF] Request starting HTTP/1.1 POST https://localhost:8085/v1/authormanagement/createuser?userId=Pepito34&password=adminadmin&role=Author application/json 90
2021-04-23 14:16:53.915 +02:00 [DBG] The host 'localhost' is excluded. Skipping HSTS header.
2021-04-23 14:16:53.917 +02:00 [DBG] POST requests are not supported
2021-04-23 14:16:53.919 +02:00 [DBG] AcceptLanguageHeaderRequestCultureProvider returned the following unsupported cultures '["en-US","en","es"]'.
2021-04-23 14:16:53.921 +02:00 [DBG] POST requests are not supported
2021-04-23 14:16:53.943 +02:00 [DBG] No candidates found for the request path '/v1/authormanagement/createuser'
2021-04-23 14:16:53.946 +02:00 [DBG] Request did not match any endpoints
2021-04-23 14:16:54.046 +02:00 [DBG] AuthenticationScheme: Bearer was not authenticated.
2021-04-23 14:16:54.085 +02:00 [DBG] Request successfully matched the route with name 'null' and template 'v1/authormanagement/createuser'
2021-04-23 14:16:54.145 +02:00 [DBG] Connection id "0HM86A2U3F3FF" accepted.
2021-04-23 14:16:54.147 +02:00 [INF] Route matched with {action = "CreateUser", controller = "Author"}. Executing controller action with signature System.Threading.Tasks.Task`1[Microsoft.AspNetCore.Mvc.ActionResult] CreateUser(System.String, System.String, System.String, Devon4Net.WebAPI.Implementation.Business.AuthorManagement.Dto.AuthorDto) on controller Devon4Net.WebAPI.Implementation.Business.AuthorManagement.Controllers.AuthorController (Devon4Net.WebAPI.Implementation).
2021-04-23 14:16:54.148 +02:00 [DBG] Connection id "0HM86A2U3F3FF" started.
2021-04-23 14:16:54.151 +02:00 [DBG] Execution plan of authorization filters (in the following order): ["Microsoft.AspNetCore.Mvc.Cors.CorsAuthorizationFilter (Order: -2147483548)"]
2021-04-23 14:16:54.153 +02:00 [DBG] Execution plan of resource filters (in the following order): ["Microsoft.AspNetCore.Mvc.ViewFeatures.Filters.SaveTempDataFilter"]
2021-04-23 14:16:54.155 +02:00 [DBG] Execution plan of action filters (in the following order): ["Microsoft.AspNetCore.Mvc.ModelBinding.UnsupportedContentTypeFilter (Order: -3000)","Microsoft.AspNetCore.Mvc.Infrastructure.ModelStateInvalidFilter (Order: -2000)"]
2021-04-23 14:16:54.156 +02:00 [DBG] Execution plan of exception filters (in the following order): ["None"]
2021-04-23 14:16:54.159 +02:00 [DBG] Execution plan of result filters (in the following order): ["Microsoft.AspNetCore.Mvc.ViewFeatures.Filters.SaveTempDataFilter","Microsoft.AspNetCore.Mvc.Infrastructure.ClientErrorResultFilter (Order: -2000)"]
2021-04-23 14:16:54.164 +02:00 [DBG] The request has an origin header: 'https://localhost:8085'.
2021-04-23 14:16:54.166 +02:00 [INF] CORS policy execution successful.
2021-04-23 14:16:54.169 +02:00 [DBG] Executing controller factory for controller Devon4Net.WebAPI.Implementation.Business.AuthorManagement.Controllers.AuthorController (Devon4Net.WebAPI.Implementation)
2021-04-23 14:16:54.352 +02:00 [DBG] An 'IServiceProvider' was created for internal use by Entity Framework.
