2021-03-26 08:01:15.493 +01:00 [INF] Please setup your database in order to have the RabbitMq messaging backup feature
2021-03-26 08:01:16.482 +01:00 [INF] Please setup your database in order to have the RabbitMq messaging backup feature
2021-03-26 08:01:21.508 +01:00 [DBG] Hosting starting
2021-03-26 08:01:21.593 +01:00 [INF] User profile is available. Using 'C:\Users\apenahig\AppData\Local\ASP.NET\DataProtection-Keys' as key repository and Windows DPAPI to encrypt keys at rest.
2021-03-26 08:01:21.758 +01:00 [DBG] Reading data from file 'C:\Users\apenahig\AppData\Local\ASP.NET\DataProtection-Keys\key-9d073722-32c1-4422-88d8-684df3278e92.xml'.
2021-03-26 08:01:21.799 +01:00 [DBG] Found key {9d073722-32c1-4422-88d8-684df3278e92}.
2021-03-26 08:01:21.812 +01:00 [DBG] Considering key {9d073722-32c1-4422-88d8-684df3278e92} with expiration date 2021-06-21 11:20:35Z as default key.
2021-03-26 08:01:21.824 +01:00 [DBG] Forwarded activator type request from Microsoft.AspNetCore.DataProtection.XmlEncryption.DpapiXmlDecryptor, Microsoft.AspNetCore.DataProtection, Version=3.1.13.0, Culture=neutral, PublicKeyToken=adb9793829ddae60 to Microsoft.AspNetCore.DataProtection.XmlEncryption.DpapiXmlDecryptor, Microsoft.AspNetCore.DataProtection, Culture=neutral, PublicKeyToken=adb9793829ddae60
2021-03-26 08:01:21.828 +01:00 [DBG] Decrypting secret element using Windows DPAPI.
2021-03-26 08:01:21.830 +01:00 [DBG] Forwarded activator type request from Microsoft.AspNetCore.DataProtection.AuthenticatedEncryption.ConfigurationModel.AuthenticatedEncryptorDescriptorDeserializer, Microsoft.AspNetCore.DataProtection, Version=3.1.13.0, Culture=neutral, PublicKeyToken=adb9793829ddae60 to Microsoft.AspNetCore.DataProtection.AuthenticatedEncryption.ConfigurationModel.AuthenticatedEncryptorDescriptorDeserializer, Microsoft.AspNetCore.DataProtection, Culture=neutral, PublicKeyToken=adb9793829ddae60
2021-03-26 08:01:21.835 +01:00 [DBG] Opening CNG algorithm 'AES' from provider 'null' with chaining mode CBC.
2021-03-26 08:01:21.838 +01:00 [DBG] Opening CNG algorithm 'SHA256' from provider 'null' with HMAC.
2021-03-26 08:01:21.842 +01:00 [DBG] Using key {9d073722-32c1-4422-88d8-684df3278e92} as the default key.
2021-03-26 08:01:21.844 +01:00 [DBG] Key ring with default key {9d073722-32c1-4422-88d8-684df3278e92} was loaded during application startup.
2021-03-26 08:01:21.947 +01:00 [DBG] Registered model binder providers, in the following order: ["Microsoft.AspNetCore.Mvc.ModelBinding.Binders.BinderTypeModelBinderProvider","Microsoft.AspNetCore.Mvc.ModelBinding.Binders.ServicesModelBinderProvider","Microsoft.AspNetCore.Mvc.ModelBinding.Binders.BodyModelBinderProvider","Microsoft.AspNetCore.Mvc.ModelBinding.Binders.HeaderModelBinderProvider","Microsoft.AspNetCore.Mvc.ModelBinding.Binders.FloatingPointTypeModelBinderProvider","Microsoft.AspNetCore.Mvc.ModelBinding.Binders.EnumTypeModelBinderProvider","Microsoft.AspNetCore.Mvc.ModelBinding.Binders.SimpleTypeModelBinderProvider","Microsoft.AspNetCore.Mvc.ModelBinding.Binders.CancellationTokenModelBinderProvider","Microsoft.AspNetCore.Mvc.ModelBinding.Binders.ByteArrayModelBinderProvider","Microsoft.AspNetCore.Mvc.ModelBinding.Binders.FormFileModelBinderProvider","Microsoft.AspNetCore.Mvc.ModelBinding.Binders.FormCollectionModelBinderProvider","Microsoft.AspNetCore.Mvc.ModelBinding.Binders.KeyValuePairModelBinderProvider","Microsoft.AspNetCore.Mvc.ModelBinding.Binders.DictionaryModelBinderProvider","Microsoft.AspNetCore.Mvc.ModelBinding.Binders.ArrayModelBinderProvider","Microsoft.AspNetCore.Mvc.ModelBinding.Binders.CollectionModelBinderProvider","Microsoft.AspNetCore.Mvc.ModelBinding.Binders.ComplexTypeModelBinderProvider"]
2021-03-26 08:01:21.990 +01:00 [DBG] Initializing Razor view compiler with no compiled views.
2021-03-26 08:01:22.029 +01:00 [DBG] Failed to locate the development https certificate at 'null'.
2021-03-26 08:01:22.034 +01:00 [WRN] Overriding address(es) 'https://localhost:8085'. Binding to endpoints defined in UseKestrel() instead.
2021-03-26 08:01:22.058 +01:00 [INF] Now listening on: https://0.0.0.0:8085
2021-03-26 08:01:22.059 +01:00 [DBG] Loaded hosting startup assembly Devon4Net.Application.WebAPI
2021-03-26 08:01:22.061 +01:00 [INF] Application started. Press Ctrl+C to shut down.
2021-03-26 08:01:22.065 +01:00 [INF] Hosting environment: Development
2021-03-26 08:01:22.066 +01:00 [INF] Content root path: C:\Users\apenahig\source\repos\devon4net\source\Templates\WebAPI\Devon4Net.Application.WebAPI
2021-03-26 08:01:22.070 +01:00 [DBG] Hosting started
2021-03-26 08:01:22.538 +01:00 [DBG] Connection id "0HM7G4JRF0H8V" accepted.
2021-03-26 08:01:22.541 +01:00 [DBG] Connection id "0HM7G4JRF0H8V" started.
2021-03-26 08:01:22.558 +01:00 [DBG] Connection id "0HM7G4JRF0H8V" received FIN.
2021-03-26 08:01:22.581 +01:00 [DBG] Failed to authenticate HTTPS connection.
System.IO.IOException: Authentication failed because the remote party has closed the transport stream.
   at System.Net.Security.SslStream.StartReadFrame(Byte[] buffer, Int32 readBytes, AsyncProtocolRequest asyncRequest)
   at System.Net.Security.SslStream.PartialFrameCallback(AsyncProtocolRequest asyncRequest)
--- End of stack trace from previous location where exception was thrown ---
   at System.Net.Security.SslStream.ThrowIfExceptional()
   at System.Net.Security.SslStream.InternalEndProcessAuthentication(LazyAsyncResult lazyResult)
   at System.Net.Security.SslStream.EndProcessAuthentication(IAsyncResult result)
   at System.Net.Security.SslStream.EndAuthenticateAsServer(IAsyncResult asyncResult)
   at System.Net.Security.SslStream.<>c.<AuthenticateAsServerAsync>b__69_1(IAsyncResult iar)
   at System.Threading.Tasks.TaskFactory`1.FromAsyncCoreLogic(IAsyncResult iar, Func`2 endFunction, Action`1 endAction, Task`1 promise, Boolean requiresSynchronization)
--- End of stack trace from previous location where exception was thrown ---
   at Microsoft.AspNetCore.Server.Kestrel.Https.Internal.HttpsConnectionMiddleware.InnerOnConnectionAsync(ConnectionContext context)
2021-03-26 08:01:22.697 +01:00 [DBG] Connection id "0HM7G4JRF0H8V" stopped.
2021-03-26 08:01:22.707 +01:00 [DBG] Connection id "0HM7G4JRF0H8V" sending FIN because: "The Socket transport's send loop completed gracefully."
2021-03-26 08:01:25.180 +01:00 [DBG] Connection id "0HM7G4JRF0H90" accepted.
2021-03-26 08:01:25.632 +01:00 [DBG] Connection id "0HM7G4JRF0H90" started.
2021-03-26 08:01:25.675 +01:00 [DBG] Connection id "0HM7G4JRF0H91" accepted.
2021-03-26 08:01:25.701 +01:00 [DBG] Connection id "0HM7G4JRF0H91" started.
2021-03-26 08:01:25.961 +01:00 [DBG] Connection id "0HM7G4JRF0H91" received FIN.
2021-03-26 08:01:25.961 +01:00 [DBG] Connection id "0HM7G4JRF0H90" received FIN.
2021-03-26 08:01:25.981 +01:00 [DBG] Failed to authenticate HTTPS connection.
System.Security.Authentication.AuthenticationException: Authentication failed, see inner exception.
 ---> System.ComponentModel.Win32Exception (0x80090327): An unknown error occurred while processing the certificate.
   --- End of inner exception stack trace ---
   at System.Net.Security.SslStream.StartSendAuthResetSignal(ProtocolToken message, AsyncProtocolRequest asyncRequest, ExceptionDispatchInfo exception)
   at System.Net.Security.SslStream.CheckCompletionBeforeNextReceive(ProtocolToken message, AsyncProtocolRequest asyncRequest)
   at System.Net.Security.SslStream.StartSendBlob(Byte[] incoming, Int32 count, AsyncProtocolRequest asyncRequest)
   at System.Net.Security.SslStream.ProcessReceivedBlob(Byte[] buffer, Int32 count, AsyncProtocolRequest asyncRequest)
   at System.Net.Security.SslStream.StartReadFrame(Byte[] buffer, Int32 readBytes, AsyncProtocolRequest asyncRequest)
   at System.Net.Security.SslStream.PartialFrameCallback(AsyncProtocolRequest asyncRequest)
--- End of stack trace from previous location where exception was thrown ---
   at System.Net.Security.SslStream.ThrowIfExceptional()
   at System.Net.Security.SslStream.InternalEndProcessAuthentication(LazyAsyncResult lazyResult)
   at System.Net.Security.SslStream.EndProcessAuthentication(IAsyncResult result)
   at System.Net.Security.SslStream.EndAuthenticateAsServer(IAsyncResult asyncResult)
   at System.Net.Security.SslStream.<>c.<AuthenticateAsServerAsync>b__69_1(IAsyncResult iar)
   at System.Threading.Tasks.TaskFactory`1.FromAsyncCoreLogic(IAsyncResult iar, Func`2 endFunction, Action`1 endAction, Task`1 promise, Boolean requiresSynchronization)
--- End of stack trace from previous location where exception was thrown ---
   at Microsoft.AspNetCore.Server.Kestrel.Https.Internal.HttpsConnectionMiddleware.InnerOnConnectionAsync(ConnectionContext context)
2021-03-26 08:01:25.982 +01:00 [DBG] Failed to authenticate HTTPS connection.
System.Security.Authentication.AuthenticationException: Authentication failed, see inner exception.
 ---> System.ComponentModel.Win32Exception (0x80090327): An unknown error occurred while processing the certificate.
   --- End of inner exception stack trace ---
   at System.Net.Security.SslStream.StartSendAuthResetSignal(ProtocolToken message, AsyncProtocolRequest asyncRequest, ExceptionDispatchInfo exception)
   at System.Net.Security.SslStream.CheckCompletionBeforeNextReceive(ProtocolToken message, AsyncProtocolRequest asyncRequest)
   at System.Net.Security.SslStream.StartSendBlob(Byte[] incoming, Int32 count, AsyncProtocolRequest asyncRequest)
   at System.Net.Security.SslStream.ProcessReceivedBlob(Byte[] buffer, Int32 count, AsyncProtocolRequest asyncRequest)
   at System.Net.Security.SslStream.StartReadFrame(Byte[] buffer, Int32 readBytes, AsyncProtocolRequest asyncRequest)
   at System.Net.Security.SslStream.PartialFrameCallback(AsyncProtocolRequest asyncRequest)
--- End of stack trace from previous location where exception was thrown ---
   at System.Net.Security.SslStream.ThrowIfExceptional()
   at System.Net.Security.SslStream.InternalEndProcessAuthentication(LazyAsyncResult lazyResult)
   at System.Net.Security.SslStream.EndProcessAuthentication(IAsyncResult result)
   at System.Net.Security.SslStream.EndAuthenticateAsServer(IAsyncResult asyncResult)
   at System.Net.Security.SslStream.<>c.<AuthenticateAsServerAsync>b__69_1(IAsyncResult iar)
   at System.Threading.Tasks.TaskFactory`1.FromAsyncCoreLogic(IAsyncResult iar, Func`2 endFunction, Action`1 endAction, Task`1 promise, Boolean requiresSynchronization)
--- End of stack trace from previous location where exception was thrown ---
   at Microsoft.AspNetCore.Server.Kestrel.Https.Internal.HttpsConnectionMiddleware.InnerOnConnectionAsync(ConnectionContext context)
2021-03-26 08:01:26.374 +01:00 [DBG] Connection id "0HM7G4JRF0H92" accepted.
2021-03-26 08:01:26.500 +01:00 [DBG] Connection id "0HM7G4JRF0H91" stopped.
2021-03-26 08:01:26.798 +01:00 [DBG] Connection id "0HM7G4JRF0H92" started.
2021-03-26 08:01:26.799 +01:00 [DBG] Connection id "0HM7G4JRF0H91" sending FIN because: "The Socket transport's send loop completed gracefully."
2021-03-26 08:01:26.831 +01:00 [DBG] Connection id "0HM7G4JRF0H93" accepted.
2021-03-26 08:01:26.797 +01:00 [DBG] Connection id "0HM7G4JRF0H90" stopped.
2021-03-26 08:01:26.919 +01:00 [DBG] Connection id "0HM7G4JRF0H93" started.
2021-03-26 08:01:26.921 +01:00 [DBG] Connection id "0HM7G4JRF0H90" sending FIN because: "The Socket transport's send loop completed gracefully."
2021-03-26 08:01:27.122 +01:00 [INF] Request starting HTTP/2 GET https://localhost:8085/swagger/index.html  
2021-03-26 08:01:27.136 +01:00 [DBG] Wildcard detected, all requests with hosts will be allowed.
2021-03-26 08:01:27.145 +01:00 [DBG] The host 'localhost' is excluded. Skipping HSTS header.
2021-03-26 08:01:27.231 +01:00 [DBG] The request path /swagger/index.html does not match an existing file
2021-03-26 08:01:27.259 +01:00 [DBG] AcceptLanguageHeaderRequestCultureProvider returned the following unsupported cultures '["en-US","en"]'.
2021-03-26 08:01:27.586 +01:00 [INF] Request finished in 469.2192ms 200 text/html;charset=utf-8
2021-03-26 08:01:27.636 +01:00 [INF] Request starting HTTP/2 GET https://localhost:8085/swagger/swagger-ui-standalone-preset.js  
2021-03-26 08:01:27.637 +01:00 [INF] Request starting HTTP/2 GET https://localhost:8085/swagger/swagger-ui.css  
2021-03-26 08:01:27.649 +01:00 [INF] Request starting HTTP/2 GET https://localhost:8085/swagger/swagger-ui-bundle.js  
2021-03-26 08:01:27.705 +01:00 [DBG] The host 'localhost' is excluded. Skipping HSTS header.
2021-03-26 08:01:27.713 +01:00 [DBG] The host 'localhost' is excluded. Skipping HSTS header.
2021-03-26 08:01:27.727 +01:00 [DBG] The host 'localhost' is excluded. Skipping HSTS header.
2021-03-26 08:01:27.731 +01:00 [DBG] The request path /swagger/swagger-ui-standalone-preset.js does not match an existing file
2021-03-26 08:01:27.810 +01:00 [DBG] The request path /swagger/swagger-ui.css does not match an existing file
2021-03-26 08:01:27.837 +01:00 [DBG] The request path /swagger/swagger-ui-bundle.js does not match an existing file
2021-03-26 08:01:27.856 +01:00 [DBG] AcceptLanguageHeaderRequestCultureProvider returned the following unsupported cultures '["en-US","en"]'.
2021-03-26 08:01:27.866 +01:00 [DBG] AcceptLanguageHeaderRequestCultureProvider returned the following unsupported cultures '["en-US","en"]'.
2021-03-26 08:01:27.871 +01:00 [DBG] AcceptLanguageHeaderRequestCultureProvider returned the following unsupported cultures '["en-US","en"]'.
2021-03-26 08:01:28.189 +01:00 [DBG] Connection id "0HM7G4JRF0H93" received FIN.
2021-03-26 08:01:28.212 +01:00 [INF] Sending file. Request path: '/swagger-ui.css'. Physical path: 'N/A'
2021-03-26 08:01:28.226 +01:00 [DBG] Connection id "0HM7G4JRF0H93" is closed. The last processed stream ID was 0.
2021-03-26 08:01:28.228 +01:00 [INF] Sending file. Request path: '/swagger-ui-standalone-preset.js'. Physical path: 'N/A'
2021-03-26 08:01:28.235 +01:00 [DBG] Connection id "0HM7G4JRF0H93" sending FIN because: "The client closed the connection."
2021-03-26 08:01:28.249 +01:00 [INF] Request finished in 614.629ms 200 application/javascript
2021-03-26 08:01:28.249 +01:00 [INF] Request finished in 613.2378ms 200 text/css
2021-03-26 08:01:28.274 +01:00 [DBG] Connection id "0HM7G4JRF0H93" stopped.
2021-03-26 08:01:28.379 +01:00 [INF] Sending file. Request path: '/swagger-ui-bundle.js'. Physical path: 'N/A'
2021-03-26 08:01:28.388 +01:00 [INF] Request finished in 740.9139ms 200 application/javascript
2021-03-26 08:01:28.629 +01:00 [INF] Request starting HTTP/2 GET https://localhost:8085/swagger/v1/swagger.json  
2021-03-26 08:01:28.635 +01:00 [DBG] The host 'localhost' is excluded. Skipping HSTS header.
2021-03-26 08:01:28.636 +01:00 [DBG] The request path /swagger/v1/swagger.json does not match an existing file
2021-03-26 08:01:28.639 +01:00 [DBG] AcceptLanguageHeaderRequestCultureProvider returned the following unsupported cultures '["en-US","en"]'.
2021-03-26 08:01:30.431 +01:00 [INF] Request finished in 1806.3343ms 200 application/json;charset=utf-8
2021-03-26 08:01:38.178 +01:00 [DBG] Connection id "0HM7G4JRF0H92" received FIN.
2021-03-26 08:01:38.181 +01:00 [DBG] Connection id "0HM7G4JRF0H92" is closed. The last processed stream ID was 9.
2021-03-26 08:01:38.182 +01:00 [DBG] Connection id "0HM7G4JRF0H92" sending FIN because: "The client closed the connection."
2021-03-26 08:01:38.195 +01:00 [DBG] Connection id "0HM7G4JRF0H92" stopped.
2021-03-26 08:05:18.275 +01:00 [INF] Please setup your database in order to have the RabbitMq messaging backup feature
2021-03-26 08:05:18.605 +01:00 [INF] Please setup your database in order to have the RabbitMq messaging backup feature
2021-03-26 08:05:23.034 +01:00 [DBG] Hosting starting
2021-03-26 08:05:23.112 +01:00 [INF] User profile is available. Using 'C:\Users\apenahig\AppData\Local\ASP.NET\DataProtection-Keys' as key repository and Windows DPAPI to encrypt keys at rest.
2021-03-26 08:05:23.271 +01:00 [DBG] Reading data from file 'C:\Users\apenahig\AppData\Local\ASP.NET\DataProtection-Keys\key-9d073722-32c1-4422-88d8-684df3278e92.xml'.
2021-03-26 08:05:23.294 +01:00 [DBG] Found key {9d073722-32c1-4422-88d8-684df3278e92}.
2021-03-26 08:05:23.305 +01:00 [DBG] Considering key {9d073722-32c1-4422-88d8-684df3278e92} with expiration date 2021-06-21 11:20:35Z as default key.
2021-03-26 08:05:23.317 +01:00 [DBG] Forwarded activator type request from Microsoft.AspNetCore.DataProtection.XmlEncryption.DpapiXmlDecryptor, Microsoft.AspNetCore.DataProtection, Version=3.1.13.0, Culture=neutral, PublicKeyToken=adb9793829ddae60 to Microsoft.AspNetCore.DataProtection.XmlEncryption.DpapiXmlDecryptor, Microsoft.AspNetCore.DataProtection, Culture=neutral, PublicKeyToken=adb9793829ddae60
2021-03-26 08:05:23.326 +01:00 [DBG] Decrypting secret element using Windows DPAPI.
2021-03-26 08:05:23.329 +01:00 [DBG] Forwarded activator type request from Microsoft.AspNetCore.DataProtection.AuthenticatedEncryption.ConfigurationModel.AuthenticatedEncryptorDescriptorDeserializer, Microsoft.AspNetCore.DataProtection, Version=3.1.13.0, Culture=neutral, PublicKeyToken=adb9793829ddae60 to Microsoft.AspNetCore.DataProtection.AuthenticatedEncryption.ConfigurationModel.AuthenticatedEncryptorDescriptorDeserializer, Microsoft.AspNetCore.DataProtection, Culture=neutral, PublicKeyToken=adb9793829ddae60
2021-03-26 08:05:23.332 +01:00 [DBG] Opening CNG algorithm 'AES' from provider 'null' with chaining mode CBC.
2021-03-26 08:05:23.336 +01:00 [DBG] Opening CNG algorithm 'SHA256' from provider 'null' with HMAC.
2021-03-26 08:05:23.344 +01:00 [DBG] Using key {9d073722-32c1-4422-88d8-684df3278e92} as the default key.
2021-03-26 08:05:23.348 +01:00 [DBG] Key ring with default key {9d073722-32c1-4422-88d8-684df3278e92} was loaded during application startup.
2021-03-26 08:05:23.441 +01:00 [DBG] Registered model binder providers, in the following order: ["Microsoft.AspNetCore.Mvc.ModelBinding.Binders.BinderTypeModelBinderProvider","Microsoft.AspNetCore.Mvc.ModelBinding.Binders.ServicesModelBinderProvider","Microsoft.AspNetCore.Mvc.ModelBinding.Binders.BodyModelBinderProvider","Microsoft.AspNetCore.Mvc.ModelBinding.Binders.HeaderModelBinderProvider","Microsoft.AspNetCore.Mvc.ModelBinding.Binders.FloatingPointTypeModelBinderProvider","Microsoft.AspNetCore.Mvc.ModelBinding.Binders.EnumTypeModelBinderProvider","Microsoft.AspNetCore.Mvc.ModelBinding.Binders.SimpleTypeModelBinderProvider","Microsoft.AspNetCore.Mvc.ModelBinding.Binders.CancellationTokenModelBinderProvider","Microsoft.AspNetCore.Mvc.ModelBinding.Binders.ByteArrayModelBinderProvider","Microsoft.AspNetCore.Mvc.ModelBinding.Binders.FormFileModelBinderProvider","Microsoft.AspNetCore.Mvc.ModelBinding.Binders.FormCollectionModelBinderProvider","Microsoft.AspNetCore.Mvc.ModelBinding.Binders.KeyValuePairModelBinderProvider","Microsoft.AspNetCore.Mvc.ModelBinding.Binders.DictionaryModelBinderProvider","Microsoft.AspNetCore.Mvc.ModelBinding.Binders.ArrayModelBinderProvider","Microsoft.AspNetCore.Mvc.ModelBinding.Binders.CollectionModelBinderProvider","Microsoft.AspNetCore.Mvc.ModelBinding.Binders.ComplexTypeModelBinderProvider"]
2021-03-26 08:05:23.481 +01:00 [DBG] Initializing Razor view compiler with no compiled views.
2021-03-26 08:05:23.526 +01:00 [DBG] Failed to locate the development https certificate at 'null'.
2021-03-26 08:05:23.531 +01:00 [WRN] Overriding address(es) 'https://localhost:8085'. Binding to endpoints defined in UseKestrel() instead.
2021-03-26 08:05:23.557 +01:00 [INF] Now listening on: https://0.0.0.0:8085
2021-03-26 08:05:23.560 +01:00 [DBG] Loaded hosting startup assembly Devon4Net.Application.WebAPI
2021-03-26 08:05:23.561 +01:00 [INF] Application started. Press Ctrl+C to shut down.
2021-03-26 08:05:23.561 +01:00 [INF] Hosting environment: Development
2021-03-26 08:05:23.562 +01:00 [INF] Content root path: C:\Users\apenahig\source\repos\devon4net\source\Templates\WebAPI\Devon4Net.Application.WebAPI
2021-03-26 08:05:23.564 +01:00 [DBG] Hosting started
2021-03-26 08:05:23.843 +01:00 [DBG] Connection id "0HM7G4M3C9O8F" received FIN.
2021-03-26 08:05:23.860 +01:00 [DBG] Connection id "0HM7G4M3C9O8F" accepted.
2021-03-26 08:05:23.862 +01:00 [DBG] Connection id "0HM7G4M3C9O8F" started.
2021-03-26 08:05:23.891 +01:00 [DBG] Failed to authenticate HTTPS connection.
System.IO.IOException: Authentication failed because the remote party has closed the transport stream.
   at System.Net.Security.SslStream.StartReadFrame(Byte[] buffer, Int32 readBytes, AsyncProtocolRequest asyncRequest)
   at System.Net.Security.SslStream.StartReceiveBlob(Byte[] buffer, AsyncProtocolRequest asyncRequest)
   at System.Net.Security.SslStream.ForceAuthentication(Boolean receiveFirst, Byte[] buffer, AsyncProtocolRequest asyncRequest)
   at System.Net.Security.SslStream.ProcessAuthentication(LazyAsyncResult lazyResult, CancellationToken cancellationToken)
   at System.Net.Security.SslStream.BeginAuthenticateAsServer(SslServerAuthenticationOptions sslServerAuthenticationOptions, CancellationToken cancellationToken, AsyncCallback asyncCallback, Object asyncState)
   at System.Net.Security.SslStream.<>c.<AuthenticateAsServerAsync>b__69_0(SslServerAuthenticationOptions arg1, CancellationToken arg2, AsyncCallback callback, Object state)
   at System.Threading.Tasks.TaskFactory`1.FromAsyncImpl[TArg1,TArg2](Func`5 beginMethod, Func`2 endFunction, Action`1 endAction, TArg1 arg1, TArg2 arg2, Object state, TaskCreationOptions creationOptions)
   at System.Threading.Tasks.TaskFactory.FromAsync[TArg1,TArg2](Func`5 beginMethod, Action`1 endMethod, TArg1 arg1, TArg2 arg2, Object state, TaskCreationOptions creationOptions)
   at System.Threading.Tasks.TaskFactory.FromAsync[TArg1,TArg2](Func`5 beginMethod, Action`1 endMethod, TArg1 arg1, TArg2 arg2, Object state)
   at System.Net.Security.SslStream.AuthenticateAsServerAsync(SslServerAuthenticationOptions sslServerAuthenticationOptions, CancellationToken cancellationToken)
   at Microsoft.AspNetCore.Server.Kestrel.Https.Internal.HttpsConnectionMiddleware.InnerOnConnectionAsync(ConnectionContext context)
2021-03-26 08:05:23.981 +01:00 [DBG] Connection id "0HM7G4M3C9O8F" stopped.
2021-03-26 08:05:23.986 +01:00 [DBG] Connection id "0HM7G4M3C9O8F" sending FIN because: "The Socket transport's send loop completed gracefully."
2021-03-26 08:05:28.256 +01:00 [DBG] Connection id "0HM7G4M3C9O8G" accepted.
2021-03-26 08:05:28.258 +01:00 [DBG] Connection id "0HM7G4M3C9O8G" started.
2021-03-26 08:05:28.383 +01:00 [DBG] Connection id "0HM7G4M3C9O8G" received FIN.
2021-03-26 08:05:28.390 +01:00 [DBG] Failed to authenticate HTTPS connection.
System.Security.Authentication.AuthenticationException: Authentication failed, see inner exception.
 ---> System.ComponentModel.Win32Exception (0x80090327): An unknown error occurred while processing the certificate.
   --- End of inner exception stack trace ---
   at System.Net.Security.SslStream.StartSendAuthResetSignal(ProtocolToken message, AsyncProtocolRequest asyncRequest, ExceptionDispatchInfo exception)
   at System.Net.Security.SslStream.CheckCompletionBeforeNextReceive(ProtocolToken message, AsyncProtocolRequest asyncRequest)
   at System.Net.Security.SslStream.StartSendBlob(Byte[] incoming, Int32 count, AsyncProtocolRequest asyncRequest)
   at System.Net.Security.SslStream.ProcessReceivedBlob(Byte[] buffer, Int32 count, AsyncProtocolRequest asyncRequest)
   at System.Net.Security.SslStream.StartReadFrame(Byte[] buffer, Int32 readBytes, AsyncProtocolRequest asyncRequest)
   at System.Net.Security.SslStream.PartialFrameCallback(AsyncProtocolRequest asyncRequest)
--- End of stack trace from previous location where exception was thrown ---
   at System.Net.Security.SslStream.ThrowIfExceptional()
   at System.Net.Security.SslStream.InternalEndProcessAuthentication(LazyAsyncResult lazyResult)
   at System.Net.Security.SslStream.EndProcessAuthentication(IAsyncResult result)
   at System.Net.Security.SslStream.EndAuthenticateAsServer(IAsyncResult asyncResult)
   at System.Net.Security.SslStream.<>c.<AuthenticateAsServerAsync>b__69_1(IAsyncResult iar)
   at System.Threading.Tasks.TaskFactory`1.FromAsyncCoreLogic(IAsyncResult iar, Func`2 endFunction, Action`1 endAction, Task`1 promise, Boolean requiresSynchronization)
--- End of stack trace from previous location where exception was thrown ---
   at Microsoft.AspNetCore.Server.Kestrel.Https.Internal.HttpsConnectionMiddleware.InnerOnConnectionAsync(ConnectionContext context)
2021-03-26 08:05:28.417 +01:00 [DBG] Connection id "0HM7G4M3C9O8G" stopped.
2021-03-26 08:05:28.424 +01:00 [DBG] Connection id "0HM7G4M3C9O8G" sending FIN because: "The Socket transport's send loop completed gracefully."
2021-03-26 08:05:28.523 +01:00 [DBG] Connection id "0HM7G4M3C9O8H" accepted.
2021-03-26 08:05:28.524 +01:00 [DBG] Connection id "0HM7G4M3C9O8H" started.
2021-03-26 08:05:28.537 +01:00 [DBG] Connection id "0HM7G4M3C9O8H" received FIN.
2021-03-26 08:05:28.539 +01:00 [DBG] Failed to authenticate HTTPS connection.
System.Security.Authentication.AuthenticationException: Authentication failed, see inner exception.
 ---> System.ComponentModel.Win32Exception (0x80090327): An unknown error occurred while processing the certificate.
   --- End of inner exception stack trace ---
   at System.Net.Security.SslStream.StartSendAuthResetSignal(ProtocolToken message, AsyncProtocolRequest asyncRequest, ExceptionDispatchInfo exception)
   at System.Net.Security.SslStream.CheckCompletionBeforeNextReceive(ProtocolToken message, AsyncProtocolRequest asyncRequest)
   at System.Net.Security.SslStream.StartSendBlob(Byte[] incoming, Int32 count, AsyncProtocolRequest asyncRequest)
   at System.Net.Security.SslStream.ProcessReceivedBlob(Byte[] buffer, Int32 count, AsyncProtocolRequest asyncRequest)
   at System.Net.Security.SslStream.StartReadFrame(Byte[] buffer, Int32 readBytes, AsyncProtocolRequest asyncRequest)
   at System.Net.Security.SslStream.PartialFrameCallback(AsyncProtocolRequest asyncRequest)
--- End of stack trace from previous location where exception was thrown ---
   at System.Net.Security.SslStream.ThrowIfExceptional()
   at System.Net.Security.SslStream.InternalEndProcessAuthentication(LazyAsyncResult lazyResult)
   at System.Net.Security.SslStream.EndProcessAuthentication(IAsyncResult result)
   at System.Net.Security.SslStream.EndAuthenticateAsServer(IAsyncResult asyncResult)
   at System.Net.Security.SslStream.<>c.<AuthenticateAsServerAsync>b__69_1(IAsyncResult iar)
   at System.Threading.Tasks.TaskFactory`1.FromAsyncCoreLogic(IAsyncResult iar, Func`2 endFunction, Action`1 endAction, Task`1 promise, Boolean requiresSynchronization)
--- End of stack trace from previous location where exception was thrown ---
   at Microsoft.AspNetCore.Server.Kestrel.Https.Internal.HttpsConnectionMiddleware.InnerOnConnectionAsync(ConnectionContext context)
2021-03-26 08:05:28.692 +01:00 [DBG] Connection id "0HM7G4M3C9O8I" accepted.
2021-03-26 08:05:28.787 +01:00 [DBG] Connection id "0HM7G4M3C9O8H" stopped.
2021-03-26 08:05:28.804 +01:00 [DBG] Connection id "0HM7G4M3C9O8I" started.
2021-03-26 08:05:28.820 +01:00 [DBG] Connection id "0HM7G4M3C9O8H" sending FIN because: "The Socket transport's send loop completed gracefully."
2021-03-26 08:05:28.854 +01:00 [DBG] Connection id "0HM7G4M3C9O8J" accepted.
2021-03-26 08:05:28.894 +01:00 [DBG] Connection id "0HM7G4M3C9O8J" started.
2021-03-26 08:05:29.073 +01:00 [INF] Request starting HTTP/2 GET https://localhost:8085/swagger/index.html  
2021-03-26 08:05:29.088 +01:00 [DBG] Wildcard detected, all requests with hosts will be allowed.
2021-03-26 08:05:29.089 +01:00 [DBG] The host 'localhost' is excluded. Skipping HSTS header.
2021-03-26 08:05:29.104 +01:00 [DBG] The request path /swagger/index.html does not match an existing file
2021-03-26 08:05:29.152 +01:00 [DBG] AcceptLanguageHeaderRequestCultureProvider returned the following unsupported cultures '["en-US","en"]'.
2021-03-26 08:05:29.364 +01:00 [DBG] Connection id "0HM7G4M3C9O8J" received FIN.
2021-03-26 08:05:29.366 +01:00 [INF] Request finished in 296.4839ms 200 text/html;charset=utf-8
2021-03-26 08:05:29.366 +01:00 [DBG] Connection id "0HM7G4M3C9O8I" received FIN.
2021-03-26 08:05:29.465 +01:00 [DBG] Connection id "0HM7G4M3C9O8J" is closed. The last processed stream ID was 0.
2021-03-26 08:05:29.550 +01:00 [DBG] Connection id "0HM7G4M3C9O8I" is closed. The last processed stream ID was 1.
2021-03-26 08:05:29.551 +01:00 [DBG] Connection id "0HM7G4M3C9O8J" sending FIN because: "The client closed the connection."
2021-03-26 08:05:29.555 +01:00 [DBG] Connection id "0HM7G4M3C9O8I" sending FIN because: "The client closed the connection."
2021-03-26 08:05:29.575 +01:00 [DBG] Connection id "0HM7G4M3C9O8J" stopped.
2021-03-26 08:05:29.593 +01:00 [DBG] Connection id "0HM7G4M3C9O8I" stopped.
2021-03-26 08:05:29.781 +01:00 [DBG] Connection id "0HM7G4M3C9O8K" accepted.
2021-03-26 08:05:29.784 +01:00 [DBG] Connection id "0HM7G4M3C9O8K" started.
2021-03-26 08:05:29.798 +01:00 [DBG] Connection id "0HM7G4M3C9O8K" received FIN.
2021-03-26 08:05:29.806 +01:00 [DBG] Failed to authenticate HTTPS connection.
System.Security.Authentication.AuthenticationException: Authentication failed, see inner exception.
 ---> System.ComponentModel.Win32Exception (0x80090327): An unknown error occurred while processing the certificate.
   --- End of inner exception stack trace ---
   at System.Net.Security.SslStream.StartSendAuthResetSignal(ProtocolToken message, AsyncProtocolRequest asyncRequest, ExceptionDispatchInfo exception)
   at System.Net.Security.SslStream.CheckCompletionBeforeNextReceive(ProtocolToken message, AsyncProtocolRequest asyncRequest)
   at System.Net.Security.SslStream.StartSendBlob(Byte[] incoming, Int32 count, AsyncProtocolRequest asyncRequest)
   at System.Net.Security.SslStream.ProcessReceivedBlob(Byte[] buffer, Int32 count, AsyncProtocolRequest asyncRequest)
   at System.Net.Security.SslStream.StartReadFrame(Byte[] buffer, Int32 readBytes, AsyncProtocolRequest asyncRequest)
   at System.Net.Security.SslStream.PartialFrameCallback(AsyncProtocolRequest asyncRequest)
--- End of stack trace from previous location where exception was thrown ---
   at System.Net.Security.SslStream.ThrowIfExceptional()
   at System.Net.Security.SslStream.InternalEndProcessAuthentication(LazyAsyncResult lazyResult)
   at System.Net.Security.SslStream.EndProcessAuthentication(IAsyncResult result)
   at System.Net.Security.SslStream.EndAuthenticateAsServer(IAsyncResult asyncResult)
   at System.Net.Security.SslStream.<>c.<AuthenticateAsServerAsync>b__69_1(IAsyncResult iar)
   at System.Threading.Tasks.TaskFactory`1.FromAsyncCoreLogic(IAsyncResult iar, Func`2 endFunction, Action`1 endAction, Task`1 promise, Boolean requiresSynchronization)
--- End of stack trace from previous location where exception was thrown ---
   at Microsoft.AspNetCore.Server.Kestrel.Https.Internal.HttpsConnectionMiddleware.InnerOnConnectionAsync(ConnectionContext context)
2021-03-26 08:05:29.907 +01:00 [DBG] Connection id "0HM7G4M3C9O8K" stopped.
2021-03-26 08:05:29.929 +01:00 [DBG] Connection id "0HM7G4M3C9O8K" sending FIN because: "The Socket transport's send loop completed gracefully."
2021-03-26 08:05:30.042 +01:00 [DBG] Connection id "0HM7G4M3C9O8L" accepted.
2021-03-26 08:05:30.044 +01:00 [DBG] Connection id "0HM7G4M3C9O8L" started.
2021-03-26 08:05:30.062 +01:00 [DBG] Connection id "0HM7G4M3C9O8M" accepted.
2021-03-26 08:05:30.062 +01:00 [DBG] Connection id "0HM7G4M3C9O8L" received FIN.
2021-03-26 08:05:30.092 +01:00 [DBG] Failed to authenticate HTTPS connection.
System.Security.Authentication.AuthenticationException: Authentication failed, see inner exception.
 ---> System.ComponentModel.Win32Exception (0x80090327): An unknown error occurred while processing the certificate.
   --- End of inner exception stack trace ---
   at System.Net.Security.SslStream.StartSendAuthResetSignal(ProtocolToken message, AsyncProtocolRequest asyncRequest, ExceptionDispatchInfo exception)
   at System.Net.Security.SslStream.CheckCompletionBeforeNextReceive(ProtocolToken message, AsyncProtocolRequest asyncRequest)
   at System.Net.Security.SslStream.StartSendBlob(Byte[] incoming, Int32 count, AsyncProtocolRequest asyncRequest)
   at System.Net.Security.SslStream.ProcessReceivedBlob(Byte[] buffer, Int32 count, AsyncProtocolRequest asyncRequest)
   at System.Net.Security.SslStream.StartReadFrame(Byte[] buffer, Int32 readBytes, AsyncProtocolRequest asyncRequest)
   at System.Net.Security.SslStream.PartialFrameCallback(AsyncProtocolRequest asyncRequest)
--- End of stack trace from previous location where exception was thrown ---
   at System.Net.Security.SslStream.ThrowIfExceptional()
   at System.Net.Security.SslStream.InternalEndProcessAuthentication(LazyAsyncResult lazyResult)
   at System.Net.Security.SslStream.EndProcessAuthentication(IAsyncResult result)
   at System.Net.Security.SslStream.EndAuthenticateAsServer(IAsyncResult asyncResult)
   at System.Net.Security.SslStream.<>c.<AuthenticateAsServerAsync>b__69_1(IAsyncResult iar)
   at System.Threading.Tasks.TaskFactory`1.FromAsyncCoreLogic(IAsyncResult iar, Func`2 endFunction, Action`1 endAction, Task`1 promise, Boolean requiresSynchronization)
--- End of stack trace from previous location where exception was thrown ---
   at Microsoft.AspNetCore.Server.Kestrel.Https.Internal.HttpsConnectionMiddleware.InnerOnConnectionAsync(ConnectionContext context)
2021-03-26 08:05:30.100 +01:00 [DBG] Connection id "0HM7G4M3C9O8M" started.
2021-03-26 08:05:30.245 +01:00 [DBG] Connection id "0HM7G4M3C9O8N" accepted.
2021-03-26 08:05:30.256 +01:00 [DBG] Connection id "0HM7G4M3C9O8L" stopped.
2021-03-26 08:05:30.343 +01:00 [DBG] Connection id "0HM7G4M3C9O8N" started.
2021-03-26 08:05:30.341 +01:00 [DBG] Connection id "0HM7G4M3C9O8O" accepted.
2021-03-26 08:05:30.351 +01:00 [DBG] Connection id "0HM7G4M3C9O8L" sending FIN because: "The Socket transport's send loop completed gracefully."
2021-03-26 08:05:30.358 +01:00 [DBG] Failed to authenticate HTTPS connection.
System.Security.Authentication.AuthenticationException: Authentication failed, see inner exception.
 ---> System.ComponentModel.Win32Exception (0x80090327): An unknown error occurred while processing the certificate.
   --- End of inner exception stack trace ---
   at System.Net.Security.SslStream.StartSendAuthResetSignal(ProtocolToken message, AsyncProtocolRequest asyncRequest, ExceptionDispatchInfo exception)
   at System.Net.Security.SslStream.CheckCompletionBeforeNextReceive(ProtocolToken message, AsyncProtocolRequest asyncRequest)
   at System.Net.Security.SslStream.StartSendBlob(Byte[] incoming, Int32 count, AsyncProtocolRequest asyncRequest)
   at System.Net.Security.SslStream.ProcessReceivedBlob(Byte[] buffer, Int32 count, AsyncProtocolRequest asyncRequest)
   at System.Net.Security.SslStream.StartReadFrame(Byte[] buffer, Int32 readBytes, AsyncProtocolRequest asyncRequest)
   at System.Net.Security.SslStream.PartialFrameCallback(AsyncProtocolRequest asyncRequest)
--- End of stack trace from previous location where exception was thrown ---
   at System.Net.Security.SslStream.ThrowIfExceptional()
   at System.Net.Security.SslStream.InternalEndProcessAuthentication(LazyAsyncResult lazyResult)
   at System.Net.Security.SslStream.EndProcessAuthentication(IAsyncResult result)
   at System.Net.Security.SslStream.EndAuthenticateAsServer(IAsyncResult asyncResult)
   at System.Net.Security.SslStream.<>c.<AuthenticateAsServerAsync>b__69_1(IAsyncResult iar)
   at System.Threading.Tasks.TaskFactory`1.FromAsyncCoreLogic(IAsyncResult iar, Func`2 endFunction, Action`1 endAction, Task`1 promise, Boolean requiresSynchronization)
--- End of stack trace from previous location where exception was thrown ---
   at Microsoft.AspNetCore.Server.Kestrel.Https.Internal.HttpsConnectionMiddleware.InnerOnConnectionAsync(ConnectionContext context)
2021-03-26 08:05:30.387 +01:00 [DBG] Connection id "0HM7G4M3C9O8P" accepted.
2021-03-26 08:05:30.356 +01:00 [DBG] Connection id "0HM7G4M3C9O8O" started.
2021-03-26 08:05:30.342 +01:00 [DBG] Connection id "0HM7G4M3C9O8M" received FIN.
2021-03-26 08:05:30.782 +01:00 [DBG] Connection id "0HM7G4M3C9O8P" started.
2021-03-26 08:05:30.894 +01:00 [DBG] Connection id "0HM7G4M3C9O8P" received FIN.
2021-03-26 08:05:30.881 +01:00 [DBG] Connection id "0HM7G4M3C9O8Q" accepted.
2021-03-26 08:05:30.896 +01:00 [DBG] Connection id "0HM7G4M3C9O8Q" received FIN.
2021-03-26 08:05:30.902 +01:00 [INF] Request starting HTTP/2 GET https://localhost:8085/swagger/swagger-ui-bundle.js  
2021-03-26 08:05:30.761 +01:00 [DBG] Connection id "0HM7G4M3C9O8M" stopped.
2021-03-26 08:05:30.425 +01:00 [DBG] Failed to authenticate HTTPS connection.
System.Security.Authentication.AuthenticationException: Authentication failed, see inner exception.
 ---> System.ComponentModel.Win32Exception (0x80090327): An unknown error occurred while processing the certificate.
   --- End of inner exception stack trace ---
   at System.Net.Security.SslStream.StartSendAuthResetSignal(ProtocolToken message, AsyncProtocolRequest asyncRequest, ExceptionDispatchInfo exception)
   at System.Net.Security.SslStream.CheckCompletionBeforeNextReceive(ProtocolToken message, AsyncProtocolRequest asyncRequest)
   at System.Net.Security.SslStream.StartSendBlob(Byte[] incoming, Int32 count, AsyncProtocolRequest asyncRequest)
   at System.Net.Security.SslStream.ProcessReceivedBlob(Byte[] buffer, Int32 count, AsyncProtocolRequest asyncRequest)
   at System.Net.Security.SslStream.StartReadFrame(Byte[] buffer, Int32 readBytes, AsyncProtocolRequest asyncRequest)
   at System.Net.Security.SslStream.PartialFrameCallback(AsyncProtocolRequest asyncRequest)
--- End of stack trace from previous location where exception was thrown ---
   at System.Net.Security.SslStream.ThrowIfExceptional()
   at System.Net.Security.SslStream.InternalEndProcessAuthentication(LazyAsyncResult lazyResult)
   at System.Net.Security.SslStream.EndProcessAuthentication(IAsyncResult result)
   at System.Net.Security.SslStream.EndAuthenticateAsServer(IAsyncResult asyncResult)
   at System.Net.Security.SslStream.<>c.<AuthenticateAsServerAsync>b__69_1(IAsyncResult iar)
   at System.Threading.Tasks.TaskFactory`1.FromAsyncCoreLogic(IAsyncResult iar, Func`2 endFunction, Action`1 endAction, Task`1 promise, Boolean requiresSynchronization)
--- End of stack trace from previous location where exception was thrown ---
   at Microsoft.AspNetCore.Server.Kestrel.Https.Internal.HttpsConnectionMiddleware.InnerOnConnectionAsync(ConnectionContext context)
2021-03-26 08:05:30.913 +01:00 [DBG] Failed to authenticate HTTPS connection.
System.IO.IOException: Authentication failed because the remote party has closed the transport stream.
   at System.Net.Security.SslStream.StartReadFrame(Byte[] buffer, Int32 readBytes, AsyncProtocolRequest asyncRequest)
   at System.Net.Security.SslStream.StartReceiveBlob(Byte[] buffer, AsyncProtocolRequest asyncRequest)
   at System.Net.Security.SslStream.CheckCompletionBeforeNextReceive(ProtocolToken message, AsyncProtocolRequest asyncRequest)
   at System.Net.Security.SslStream.StartSendBlob(Byte[] incoming, Int32 count, AsyncProtocolRequest asyncRequest)
   at System.Net.Security.SslStream.ProcessReceivedBlob(Byte[] buffer, Int32 count, AsyncProtocolRequest asyncRequest)
   at System.Net.Security.SslStream.StartReadFrame(Byte[] buffer, Int32 readBytes, AsyncProtocolRequest asyncRequest)
   at System.Net.Security.SslStream.StartReceiveBlob(Byte[] buffer, AsyncProtocolRequest asyncRequest)
   at System.Net.Security.SslStream.ForceAuthentication(Boolean receiveFirst, Byte[] buffer, AsyncProtocolRequest asyncRequest)
   at System.Net.Security.SslStream.ProcessAuthentication(LazyAsyncResult lazyResult, CancellationToken cancellationToken)
   at System.Net.Security.SslStream.BeginAuthenticateAsServer(SslServerAuthenticationOptions sslServerAuthenticationOptions, CancellationToken cancellationToken, AsyncCallback asyncCallback, Object asyncState)
   at System.Net.Security.SslStream.<>c.<AuthenticateAsServerAsync>b__69_0(SslServerAuthenticationOptions arg1, CancellationToken arg2, AsyncCallback callback, Object state)
   at System.Threading.Tasks.TaskFactory`1.FromAsyncImpl[TArg1,TArg2](Func`5 beginMethod, Func`2 endFunction, Action`1 endAction, TArg1 arg1, TArg2 arg2, Object state, TaskCreationOptions creationOptions)
   at System.Threading.Tasks.TaskFactory.FromAsync[TArg1,TArg2](Func`5 beginMethod, Action`1 endMethod, TArg1 arg1, TArg2 arg2, Object state, TaskCreationOptions creationOptions)
   at System.Threading.Tasks.TaskFactory.FromAsync[TArg1,TArg2](Func`5 beginMethod, Action`1 endMethod, TArg1 arg1, TArg2 arg2, Object state)
   at System.Net.Security.SslStream.AuthenticateAsServerAsync(SslServerAuthenticationOptions sslServerAuthenticationOptions, CancellationToken cancellationToken)
   at Microsoft.AspNetCore.Server.Kestrel.Https.Internal.HttpsConnectionMiddleware.InnerOnConnectionAsync(ConnectionContext context)
2021-03-26 08:05:30.915 +01:00 [DBG] The host 'localhost' is excluded. Skipping HSTS header.
2021-03-26 08:05:30.914 +01:00 [INF] Request starting HTTP/2 GET https://localhost:8085/swagger/swagger-ui-standalone-preset.js  
2021-03-26 08:05:30.424 +01:00 [DBG] Connection id "0HM7G4M3C9O8N" received FIN.
2021-03-26 08:05:30.902 +01:00 [INF] Request starting HTTP/2 GET https://localhost:8085/swagger/swagger-ui.css  
2021-03-26 08:05:30.914 +01:00 [DBG] Connection id "0HM7G4M3C9O8Q" started.
2021-03-26 08:05:30.920 +01:00 [DBG] Connection id "0HM7G4M3C9O8R" accepted.
2021-03-26 08:05:31.320 +01:00 [DBG] Connection id "0HM7G4M3C9O8P" stopped.
2021-03-26 08:05:31.321 +01:00 [DBG] The request path /swagger/swagger-ui-bundle.js does not match an existing file
2021-03-26 08:05:31.354 +01:00 [DBG] The host 'localhost' is excluded. Skipping HSTS header.
2021-03-26 08:05:31.483 +01:00 [DBG] Connection id "0HM7G4M3C9O8R" started.
2021-03-26 08:05:31.202 +01:00 [DBG] Connection id "0HM7G4M3C9O8N" stopped.
2021-03-26 08:05:31.486 +01:00 [DBG] Connection id "0HM7G4M3C9O8P" sending FIN because: "The Socket transport's send loop completed gracefully."
2021-03-26 08:05:31.488 +01:00 [DBG] AcceptLanguageHeaderRequestCultureProvider returned the following unsupported cultures '["en-US","en"]'.
2021-03-26 08:05:31.490 +01:00 [DBG] The request path /swagger/swagger-ui-standalone-preset.js does not match an existing file
2021-03-26 08:05:31.510 +01:00 [DBG] Connection id "0HM7G4M3C9O8N" sending FIN because: "The Socket transport's send loop completed gracefully."
2021-03-26 08:05:31.371 +01:00 [DBG] Connection id "0HM7G4M3C9O8M" sending FIN because: "The Socket transport's send loop completed gracefully."
2021-03-26 08:05:31.633 +01:00 [DBG] AcceptLanguageHeaderRequestCultureProvider returned the following unsupported cultures '["en-US","en"]'.
2021-03-26 08:05:31.374 +01:00 [DBG] The host 'localhost' is excluded. Skipping HSTS header.
2021-03-26 08:05:31.482 +01:00 [DBG] Failed to authenticate HTTPS connection.
System.IO.IOException: Authentication failed because the remote party has closed the transport stream.
   at System.Net.Security.SslStream.StartReadFrame(Byte[] buffer, Int32 readBytes, AsyncProtocolRequest asyncRequest)
   at System.Net.Security.SslStream.StartReceiveBlob(Byte[] buffer, AsyncProtocolRequest asyncRequest)
   at System.Net.Security.SslStream.CheckCompletionBeforeNextReceive(ProtocolToken message, AsyncProtocolRequest asyncRequest)
   at System.Net.Security.SslStream.StartSendBlob(Byte[] incoming, Int32 count, AsyncProtocolRequest asyncRequest)
   at System.Net.Security.SslStream.ProcessReceivedBlob(Byte[] buffer, Int32 count, AsyncProtocolRequest asyncRequest)
   at System.Net.Security.SslStream.StartReadFrame(Byte[] buffer, Int32 readBytes, AsyncProtocolRequest asyncRequest)
   at System.Net.Security.SslStream.StartReceiveBlob(Byte[] buffer, AsyncProtocolRequest asyncRequest)
   at System.Net.Security.SslStream.ForceAuthentication(Boolean receiveFirst, Byte[] buffer, AsyncProtocolRequest asyncRequest)
   at System.Net.Security.SslStream.ProcessAuthentication(LazyAsyncResult lazyResult, CancellationToken cancellationToken)
   at System.Net.Security.SslStream.BeginAuthenticateAsServer(SslServerAuthenticationOptions sslServerAuthenticationOptions, CancellationToken cancellationToken, AsyncCallback asyncCallback, Object asyncState)
   at System.Net.Security.SslStream.<>c.<AuthenticateAsServerAsync>b__69_0(SslServerAuthenticationOptions arg1, CancellationToken arg2, AsyncCallback callback, Object state)
   at System.Threading.Tasks.TaskFactory`1.FromAsyncImpl[TArg1,TArg2](Func`5 beginMethod, Func`2 endFunction, Action`1 endAction, TArg1 arg1, TArg2 arg2, Object state, TaskCreationOptions creationOptions)
   at System.Threading.Tasks.TaskFactory.FromAsync[TArg1,TArg2](Func`5 beginMethod, Action`1 endMethod, TArg1 arg1, TArg2 arg2, Object state, TaskCreationOptions creationOptions)
   at System.Threading.Tasks.TaskFactory.FromAsync[TArg1,TArg2](Func`5 beginMethod, Action`1 endMethod, TArg1 arg1, TArg2 arg2, Object state)
   at System.Net.Security.SslStream.AuthenticateAsServerAsync(SslServerAuthenticationOptions sslServerAuthenticationOptions, CancellationToken cancellationToken)
   at Microsoft.AspNetCore.Server.Kestrel.Https.Internal.HttpsConnectionMiddleware.InnerOnConnectionAsync(ConnectionContext context)
2021-03-26 08:05:31.940 +01:00 [DBG] The request path /swagger/swagger-ui.css does not match an existing file
2021-03-26 08:05:32.094 +01:00 [DBG] Connection id "0HM7G4M3C9O8Q" stopped.
2021-03-26 08:05:32.108 +01:00 [DBG] AcceptLanguageHeaderRequestCultureProvider returned the following unsupported cultures '["en-US","en"]'.
2021-03-26 08:05:32.126 +01:00 [DBG] Connection id "0HM7G4M3C9O8Q" sending FIN because: "The Socket transport's send loop completed gracefully."
2021-03-26 08:05:32.172 +01:00 [INF] Sending file. Request path: '/swagger-ui.css'. Physical path: 'N/A'
2021-03-26 08:05:32.171 +01:00 [INF] Sending file. Request path: '/swagger-ui-standalone-preset.js'. Physical path: 'N/A'
2021-03-26 08:05:32.267 +01:00 [INF] Sending file. Request path: '/swagger-ui-bundle.js'. Physical path: 'N/A'
2021-03-26 08:05:32.293 +01:00 [INF] Request finished in 1382.622ms 200 application/javascript
2021-03-26 08:05:32.293 +01:00 [INF] Request finished in 1393.7627ms 200 text/css
2021-03-26 08:05:32.341 +01:00 [INF] Request finished in 1441.9971ms 200 application/javascript
2021-03-26 08:05:32.769 +01:00 [INF] Request starting HTTP/2 GET https://localhost:8085/swagger/v1/swagger.json  
2021-03-26 08:05:32.771 +01:00 [DBG] The host 'localhost' is excluded. Skipping HSTS header.
2021-03-26 08:05:32.772 +01:00 [DBG] The request path /swagger/v1/swagger.json does not match an existing file
2021-03-26 08:05:32.774 +01:00 [DBG] AcceptLanguageHeaderRequestCultureProvider returned the following unsupported cultures '["en-US","en"]'.
2021-03-26 08:05:34.813 +01:00 [INF] Request finished in 2048.8759ms 200 application/json;charset=utf-8
2021-03-26 08:05:39.357 +01:00 [DBG] Connection id "0HM7G4M3C9O8O" received FIN.
2021-03-26 08:05:39.357 +01:00 [DBG] Connection id "0HM7G4M3C9O8R" received FIN.
2021-03-26 08:05:39.359 +01:00 [DBG] Connection id "0HM7G4M3C9O8O" is closed. The last processed stream ID was 7.
2021-03-26 08:05:39.361 +01:00 [DBG] Connection id "0HM7G4M3C9O8R" is closed. The last processed stream ID was 0.
2021-03-26 08:05:39.363 +01:00 [DBG] Connection id "0HM7G4M3C9O8O" sending FIN because: "The client closed the connection."
2021-03-26 08:05:39.366 +01:00 [DBG] Connection id "0HM7G4M3C9O8R" sending FIN because: "The client closed the connection."
2021-03-26 08:05:39.386 +01:00 [DBG] Connection id "0HM7G4M3C9O8R" stopped.
2021-03-26 08:05:39.386 +01:00 [DBG] Connection id "0HM7G4M3C9O8O" stopped.
2021-03-26 10:07:20.341 +01:00 [INF] Please setup your database in order to have the RabbitMq messaging backup feature
2021-03-26 10:07:20.869 +01:00 [INF] Please setup your database in order to have the RabbitMq messaging backup feature
2021-03-26 10:07:25.596 +01:00 [DBG] Hosting starting
2021-03-26 10:07:25.741 +01:00 [INF] User profile is available. Using 'C:\Users\apenahig\AppData\Local\ASP.NET\DataProtection-Keys' as key repository and Windows DPAPI to encrypt keys at rest.
2021-03-26 10:07:26.023 +01:00 [DBG] Reading data from file 'C:\Users\apenahig\AppData\Local\ASP.NET\DataProtection-Keys\key-9d073722-32c1-4422-88d8-684df3278e92.xml'.
2021-03-26 10:07:26.090 +01:00 [DBG] Found key {9d073722-32c1-4422-88d8-684df3278e92}.
2021-03-26 10:07:26.115 +01:00 [DBG] Considering key {9d073722-32c1-4422-88d8-684df3278e92} with expiration date 2021-06-21 11:20:35Z as default key.
2021-03-26 10:07:26.129 +01:00 [DBG] Forwarded activator type request from Microsoft.AspNetCore.DataProtection.XmlEncryption.DpapiXmlDecryptor, Microsoft.AspNetCore.DataProtection, Version=3.1.13.0, Culture=neutral, PublicKeyToken=adb9793829ddae60 to Microsoft.AspNetCore.DataProtection.XmlEncryption.DpapiXmlDecryptor, Microsoft.AspNetCore.DataProtection, Culture=neutral, PublicKeyToken=adb9793829ddae60
2021-03-26 10:07:26.133 +01:00 [DBG] Decrypting secret element using Windows DPAPI.
2021-03-26 10:07:26.137 +01:00 [DBG] Forwarded activator type request from Microsoft.AspNetCore.DataProtection.AuthenticatedEncryption.ConfigurationModel.AuthenticatedEncryptorDescriptorDeserializer, Microsoft.AspNetCore.DataProtection, Version=3.1.13.0, Culture=neutral, PublicKeyToken=adb9793829ddae60 to Microsoft.AspNetCore.DataProtection.AuthenticatedEncryption.ConfigurationModel.AuthenticatedEncryptorDescriptorDeserializer, Microsoft.AspNetCore.DataProtection, Culture=neutral, PublicKeyToken=adb9793829ddae60
2021-03-26 10:07:26.146 +01:00 [DBG] Opening CNG algorithm 'AES' from provider 'null' with chaining mode CBC.
2021-03-26 10:07:26.151 +01:00 [DBG] Opening CNG algorithm 'SHA256' from provider 'null' with HMAC.
2021-03-26 10:07:26.158 +01:00 [DBG] Using key {9d073722-32c1-4422-88d8-684df3278e92} as the default key.
2021-03-26 10:07:26.160 +01:00 [DBG] Key ring with default key {9d073722-32c1-4422-88d8-684df3278e92} was loaded during application startup.
2021-03-26 10:07:26.356 +01:00 [DBG] Registered model binder providers, in the following order: ["Microsoft.AspNetCore.Mvc.ModelBinding.Binders.BinderTypeModelBinderProvider","Microsoft.AspNetCore.Mvc.ModelBinding.Binders.ServicesModelBinderProvider","Microsoft.AspNetCore.Mvc.ModelBinding.Binders.BodyModelBinderProvider","Microsoft.AspNetCore.Mvc.ModelBinding.Binders.HeaderModelBinderProvider","Microsoft.AspNetCore.Mvc.ModelBinding.Binders.FloatingPointTypeModelBinderProvider","Microsoft.AspNetCore.Mvc.ModelBinding.Binders.EnumTypeModelBinderProvider","Microsoft.AspNetCore.Mvc.ModelBinding.Binders.SimpleTypeModelBinderProvider","Microsoft.AspNetCore.Mvc.ModelBinding.Binders.CancellationTokenModelBinderProvider","Microsoft.AspNetCore.Mvc.ModelBinding.Binders.ByteArrayModelBinderProvider","Microsoft.AspNetCore.Mvc.ModelBinding.Binders.FormFileModelBinderProvider","Microsoft.AspNetCore.Mvc.ModelBinding.Binders.FormCollectionModelBinderProvider","Microsoft.AspNetCore.Mvc.ModelBinding.Binders.KeyValuePairModelBinderProvider","Microsoft.AspNetCore.Mvc.ModelBinding.Binders.DictionaryModelBinderProvider","Microsoft.AspNetCore.Mvc.ModelBinding.Binders.ArrayModelBinderProvider","Microsoft.AspNetCore.Mvc.ModelBinding.Binders.CollectionModelBinderProvider","Microsoft.AspNetCore.Mvc.ModelBinding.Binders.ComplexTypeModelBinderProvider"]
2021-03-26 10:07:26.424 +01:00 [DBG] Initializing Razor view compiler with no compiled views.
2021-03-26 10:07:26.506 +01:00 [DBG] Failed to locate the development https certificate at 'null'.
2021-03-26 10:07:26.524 +01:00 [WRN] Overriding address(es) 'https://localhost:8085'. Binding to endpoints defined in UseKestrel() instead.
2021-03-26 10:07:26.597 +01:00 [INF] Now listening on: https://0.0.0.0:8085
2021-03-26 10:07:26.598 +01:00 [DBG] Loaded hosting startup assembly Devon4Net.Application.WebAPI
2021-03-26 10:07:26.599 +01:00 [INF] Application started. Press Ctrl+C to shut down.
2021-03-26 10:07:26.600 +01:00 [INF] Hosting environment: Development
2021-03-26 10:07:26.601 +01:00 [INF] Content root path: C:\Users\apenahig\source\repos\devon4net\source\Templates\WebAPI\Devon4Net.Application.WebAPI
2021-03-26 10:07:26.603 +01:00 [DBG] Hosting started
2021-03-26 10:07:27.111 +01:00 [DBG] Connection id "0HM7G6Q9SCNJE" accepted.
2021-03-26 10:07:27.114 +01:00 [DBG] Connection id "0HM7G6Q9SCNJE" started.
2021-03-26 10:07:27.147 +01:00 [DBG] Connection id "0HM7G6Q9SCNJE" received FIN.
2021-03-26 10:07:27.184 +01:00 [DBG] Failed to authenticate HTTPS connection.
System.IO.IOException: Authentication failed because the remote party has closed the transport stream.
   at System.Net.Security.SslStream.StartReadFrame(Byte[] buffer, Int32 readBytes, AsyncProtocolRequest asyncRequest)
   at System.Net.Security.SslStream.PartialFrameCallback(AsyncProtocolRequest asyncRequest)
--- End of stack trace from previous location where exception was thrown ---
   at System.Net.Security.SslStream.ThrowIfExceptional()
   at System.Net.Security.SslStream.InternalEndProcessAuthentication(LazyAsyncResult lazyResult)
   at System.Net.Security.SslStream.EndProcessAuthentication(IAsyncResult result)
   at System.Net.Security.SslStream.EndAuthenticateAsServer(IAsyncResult asyncResult)
   at System.Net.Security.SslStream.<>c.<AuthenticateAsServerAsync>b__69_1(IAsyncResult iar)
   at System.Threading.Tasks.TaskFactory`1.FromAsyncCoreLogic(IAsyncResult iar, Func`2 endFunction, Action`1 endAction, Task`1 promise, Boolean requiresSynchronization)
--- End of stack trace from previous location where exception was thrown ---
   at Microsoft.AspNetCore.Server.Kestrel.Https.Internal.HttpsConnectionMiddleware.InnerOnConnectionAsync(ConnectionContext context)
2021-03-26 10:07:27.374 +01:00 [DBG] Connection id "0HM7G6Q9SCNJE" stopped.
2021-03-26 10:07:27.377 +01:00 [DBG] Connection id "0HM7G6Q9SCNJE" sending FIN because: "The Socket transport's send loop completed gracefully."
2021-03-26 10:07:31.704 +01:00 [DBG] Connection id "0HM7G6Q9SCNJF" accepted.
2021-03-26 10:07:31.947 +01:00 [DBG] Connection id "0HM7G6Q9SCNJF" started.
2021-03-26 10:07:32.580 +01:00 [DBG] Connection id "0HM7G6Q9SCNJG" accepted.
2021-03-26 10:07:32.767 +01:00 [DBG] Connection id "0HM7G6Q9SCNJG" started.
2021-03-26 10:07:34.436 +01:00 [DBG] Connection id "0HM7G6Q9SCNJG" received FIN.
2021-03-26 10:07:35.261 +01:00 [DBG] Failed to authenticate HTTPS connection.
System.Security.Authentication.AuthenticationException: Authentication failed, see inner exception.
 ---> System.ComponentModel.Win32Exception (0x80090327): An unknown error occurred while processing the certificate.
   --- End of inner exception stack trace ---
   at System.Net.Security.SslStream.StartSendAuthResetSignal(ProtocolToken message, AsyncProtocolRequest asyncRequest, ExceptionDispatchInfo exception)
   at System.Net.Security.SslStream.CheckCompletionBeforeNextReceive(ProtocolToken message, AsyncProtocolRequest asyncRequest)
   at System.Net.Security.SslStream.StartSendBlob(Byte[] incoming, Int32 count, AsyncProtocolRequest asyncRequest)
   at System.Net.Security.SslStream.ProcessReceivedBlob(Byte[] buffer, Int32 count, AsyncProtocolRequest asyncRequest)
   at System.Net.Security.SslStream.StartReadFrame(Byte[] buffer, Int32 readBytes, AsyncProtocolRequest asyncRequest)
   at System.Net.Security.SslStream.PartialFrameCallback(AsyncProtocolRequest asyncRequest)
--- End of stack trace from previous location where exception was thrown ---
   at System.Net.Security.SslStream.ThrowIfExceptional()
   at System.Net.Security.SslStream.InternalEndProcessAuthentication(LazyAsyncResult lazyResult)
   at System.Net.Security.SslStream.EndProcessAuthentication(IAsyncResult result)
   at System.Net.Security.SslStream.EndAuthenticateAsServer(IAsyncResult asyncResult)
   at System.Net.Security.SslStream.<>c.<AuthenticateAsServerAsync>b__69_1(IAsyncResult iar)
   at System.Threading.Tasks.TaskFactory`1.FromAsyncCoreLogic(IAsyncResult iar, Func`2 endFunction, Action`1 endAction, Task`1 promise, Boolean requiresSynchronization)
--- End of stack trace from previous location where exception was thrown ---
   at Microsoft.AspNetCore.Server.Kestrel.Https.Internal.HttpsConnectionMiddleware.InnerOnConnectionAsync(ConnectionContext context)
2021-03-26 10:07:35.297 +01:00 [DBG] Connection id "0HM7G6Q9SCNJG" stopped.
2021-03-26 10:07:35.299 +01:00 [DBG] Connection id "0HM7G6Q9SCNJG" sending FIN because: "The Socket transport's send loop completed gracefully."
2021-03-26 10:07:35.333 +01:00 [DBG] Connection id "0HM7G6Q9SCNJF" received FIN.
2021-03-26 10:07:35.466 +01:00 [DBG] Failed to authenticate HTTPS connection.
System.Security.Authentication.AuthenticationException: Authentication failed, see inner exception.
 ---> System.ComponentModel.Win32Exception (0x80090327): An unknown error occurred while processing the certificate.
   --- End of inner exception stack trace ---
   at System.Net.Security.SslStream.StartSendAuthResetSignal(ProtocolToken message, AsyncProtocolRequest asyncRequest, ExceptionDispatchInfo exception)
   at System.Net.Security.SslStream.CheckCompletionBeforeNextReceive(ProtocolToken message, AsyncProtocolRequest asyncRequest)
   at System.Net.Security.SslStream.StartSendBlob(Byte[] incoming, Int32 count, AsyncProtocolRequest asyncRequest)
   at System.Net.Security.SslStream.ProcessReceivedBlob(Byte[] buffer, Int32 count, AsyncProtocolRequest asyncRequest)
   at System.Net.Security.SslStream.StartReadFrame(Byte[] buffer, Int32 readBytes, AsyncProtocolRequest asyncRequest)
   at System.Net.Security.SslStream.PartialFrameCallback(AsyncProtocolRequest asyncRequest)
--- End of stack trace from previous location where exception was thrown ---
   at System.Net.Security.SslStream.ThrowIfExceptional()
   at System.Net.Security.SslStream.InternalEndProcessAuthentication(LazyAsyncResult lazyResult)
   at System.Net.Security.SslStream.EndProcessAuthentication(IAsyncResult result)
   at System.Net.Security.SslStream.EndAuthenticateAsServer(IAsyncResult asyncResult)
   at System.Net.Security.SslStream.<>c.<AuthenticateAsServerAsync>b__69_1(IAsyncResult iar)
   at System.Threading.Tasks.TaskFactory`1.FromAsyncCoreLogic(IAsyncResult iar, Func`2 endFunction, Action`1 endAction, Task`1 promise, Boolean requiresSynchronization)
--- End of stack trace from previous location where exception was thrown ---
   at Microsoft.AspNetCore.Server.Kestrel.Https.Internal.HttpsConnectionMiddleware.InnerOnConnectionAsync(ConnectionContext context)
2021-03-26 10:07:35.401 +01:00 [DBG] Connection id "0HM7G6Q9SCNJH" accepted.
2021-03-26 10:07:36.224 +01:00 [DBG] Connection id "0HM7G6Q9SCNJF" stopped.
2021-03-26 10:07:36.227 +01:00 [DBG] Connection id "0HM7G6Q9SCNJH" started.
2021-03-26 10:07:36.349 +01:00 [DBG] Connection id "0HM7G6Q9SCNJF" sending FIN because: "The Socket transport's send loop completed gracefully."
2021-03-26 10:07:36.785 +01:00 [DBG] Connection id "0HM7G6Q9SCNJI" accepted.
2021-03-26 10:07:36.852 +01:00 [DBG] Connection id "0HM7G6Q9SCNJI" started.
2021-03-26 10:07:39.326 +01:00 [DBG] Connection id "0HM7G6Q9SCNJI" received FIN.
2021-03-26 10:07:40.286 +01:00 [DBG] Connection id "0HM7G6Q9SCNJI" is closed. The last processed stream ID was 0.
2021-03-26 10:07:40.307 +01:00 [DBG] Connection id "0HM7G6Q9SCNJI" sending FIN because: "The client closed the connection."
2021-03-26 10:07:40.433 +01:00 [DBG] Connection id "0HM7G6Q9SCNJI" stopped.
2021-03-26 10:07:42.439 +01:00 [INF] Request starting HTTP/2 GET https://localhost:8085/swagger/index.html  
2021-03-26 10:07:46.620 +01:00 [DBG] Wildcard detected, all requests with hosts will be allowed.
2021-03-26 10:07:46.630 +01:00 [DBG] The host 'localhost' is excluded. Skipping HSTS header.
2021-03-26 10:07:47.337 +01:00 [DBG] The request path /swagger/index.html does not match an existing file
2021-03-26 10:07:47.546 +01:00 [DBG] AcceptLanguageHeaderRequestCultureProvider returned the following unsupported cultures '["en-US","en"]'.
2021-03-26 10:07:51.725 +01:00 [INF] Request finished in 9301.5153ms 200 text/html;charset=utf-8
2021-03-26 10:07:52.522 +01:00 [INF] Request starting HTTP/2 GET https://localhost:8085/swagger/swagger-ui-bundle.js  
2021-03-26 10:07:52.537 +01:00 [INF] Request starting HTTP/2 GET https://localhost:8085/swagger/swagger-ui-standalone-preset.js  
2021-03-26 10:07:52.574 +01:00 [DBG] The host 'localhost' is excluded. Skipping HSTS header.
2021-03-26 10:07:52.586 +01:00 [DBG] The host 'localhost' is excluded. Skipping HSTS header.
2021-03-26 10:07:52.594 +01:00 [DBG] The request path /swagger/swagger-ui-bundle.js does not match an existing file
2021-03-26 10:07:52.601 +01:00 [INF] Request starting HTTP/2 GET https://localhost:8085/swagger/swagger-ui.css  
2021-03-26 10:07:52.710 +01:00 [DBG] The request path /swagger/swagger-ui-standalone-preset.js does not match an existing file
2021-03-26 10:07:52.716 +01:00 [DBG] AcceptLanguageHeaderRequestCultureProvider returned the following unsupported cultures '["en-US","en"]'.
2021-03-26 10:07:52.755 +01:00 [DBG] The host 'localhost' is excluded. Skipping HSTS header.
2021-03-26 10:07:52.964 +01:00 [DBG] AcceptLanguageHeaderRequestCultureProvider returned the following unsupported cultures '["en-US","en"]'.
2021-03-26 10:07:53.088 +01:00 [DBG] The request path /swagger/swagger-ui.css does not match an existing file
2021-03-26 10:07:53.175 +01:00 [DBG] AcceptLanguageHeaderRequestCultureProvider returned the following unsupported cultures '["en-US","en"]'.
2021-03-26 10:07:55.161 +01:00 [INF] Sending file. Request path: '/swagger-ui.css'. Physical path: 'N/A'
2021-03-26 10:07:55.510 +01:00 [INF] Sending file. Request path: '/swagger-ui-standalone-preset.js'. Physical path: 'N/A'
2021-03-26 10:07:55.677 +01:00 [INF] Request finished in 3075.6518ms 200 text/css
2021-03-26 10:07:55.677 +01:00 [INF] Request finished in 3140.2148ms 200 application/javascript
2021-03-26 10:07:56.141 +01:00 [INF] Sending file. Request path: '/swagger-ui-bundle.js'. Physical path: 'N/A'
2021-03-26 10:07:56.145 +01:00 [INF] Request finished in 3623.5164ms 200 application/javascript
2021-03-26 10:07:56.817 +01:00 [INF] Request starting HTTP/2 GET https://localhost:8085/swagger/v1/swagger.json  
2021-03-26 10:07:56.823 +01:00 [DBG] The host 'localhost' is excluded. Skipping HSTS header.
2021-03-26 10:07:56.829 +01:00 [DBG] The request path /swagger/v1/swagger.json does not match an existing file
2021-03-26 10:07:56.884 +01:00 [DBG] AcceptLanguageHeaderRequestCultureProvider returned the following unsupported cultures '["en-US","en"]'.
2021-03-26 10:08:00.131 +01:00 [INF] Request finished in 3316.6102ms 200 application/json;charset=utf-8
2021-03-26 10:08:03.404 +01:00 [DBG] Connection id "0HM7G6Q9SCNJH" received FIN.
2021-03-26 10:08:03.408 +01:00 [DBG] Connection id "0HM7G6Q9SCNJH" is closed. The last processed stream ID was 9.
2021-03-26 10:08:03.408 +01:00 [DBG] Connection id "0HM7G6Q9SCNJH" sending FIN because: "The client closed the connection."
2021-03-26 10:08:03.430 +01:00 [DBG] Connection id "0HM7G6Q9SCNJH" stopped.
2021-03-26 10:09:31.948 +01:00 [DBG] Connection id "0HM7G6Q9SCNJJ" accepted.
2021-03-26 10:09:31.965 +01:00 [DBG] Connection id "0HM7G6Q9SCNJJ" started.
2021-03-26 10:09:31.997 +01:00 [DBG] Connection id "0HM7G6Q9SCNJJ" received FIN.
2021-03-26 10:09:32.001 +01:00 [DBG] Failed to authenticate HTTPS connection.
System.Security.Authentication.AuthenticationException: Authentication failed, see inner exception.
 ---> System.ComponentModel.Win32Exception (0x80090327): An unknown error occurred while processing the certificate.
   --- End of inner exception stack trace ---
   at System.Net.Security.SslStream.StartSendAuthResetSignal(ProtocolToken message, AsyncProtocolRequest asyncRequest, ExceptionDispatchInfo exception)
   at System.Net.Security.SslStream.CheckCompletionBeforeNextReceive(ProtocolToken message, AsyncProtocolRequest asyncRequest)
   at System.Net.Security.SslStream.StartSendBlob(Byte[] incoming, Int32 count, AsyncProtocolRequest asyncRequest)
   at System.Net.Security.SslStream.ProcessReceivedBlob(Byte[] buffer, Int32 count, AsyncProtocolRequest asyncRequest)
   at System.Net.Security.SslStream.StartReadFrame(Byte[] buffer, Int32 readBytes, AsyncProtocolRequest asyncRequest)
   at System.Net.Security.SslStream.PartialFrameCallback(AsyncProtocolRequest asyncRequest)
--- End of stack trace from previous location where exception was thrown ---
   at System.Net.Security.SslStream.ThrowIfExceptional()
   at System.Net.Security.SslStream.InternalEndProcessAuthentication(LazyAsyncResult lazyResult)
   at System.Net.Security.SslStream.EndProcessAuthentication(IAsyncResult result)
   at System.Net.Security.SslStream.EndAuthenticateAsServer(IAsyncResult asyncResult)
   at System.Net.Security.SslStream.<>c.<AuthenticateAsServerAsync>b__69_1(IAsyncResult iar)
   at System.Threading.Tasks.TaskFactory`1.FromAsyncCoreLogic(IAsyncResult iar, Func`2 endFunction, Action`1 endAction, Task`1 promise, Boolean requiresSynchronization)
--- End of stack trace from previous location where exception was thrown ---
   at Microsoft.AspNetCore.Server.Kestrel.Https.Internal.HttpsConnectionMiddleware.InnerOnConnectionAsync(ConnectionContext context)
2021-03-26 10:09:32.044 +01:00 [DBG] Connection id "0HM7G6Q9SCNJJ" stopped.
2021-03-26 10:09:32.047 +01:00 [DBG] Connection id "0HM7G6Q9SCNJJ" sending FIN because: "The Socket transport's send loop completed gracefully."
2021-03-26 10:09:32.193 +01:00 [DBG] Connection id "0HM7G6Q9SCNJK" accepted.
2021-03-26 10:09:32.210 +01:00 [DBG] Connection id "0HM7G6Q9SCNJK" started.
2021-03-26 10:09:32.229 +01:00 [DBG] Connection id "0HM7G6Q9SCNJK" received FIN.
2021-03-26 10:09:32.229 +01:00 [DBG] Failed to authenticate HTTPS connection.
System.Security.Authentication.AuthenticationException: Authentication failed, see inner exception.
 ---> System.ComponentModel.Win32Exception (0x80090327): An unknown error occurred while processing the certificate.
   --- End of inner exception stack trace ---
   at System.Net.Security.SslStream.StartSendAuthResetSignal(ProtocolToken message, AsyncProtocolRequest asyncRequest, ExceptionDispatchInfo exception)
   at System.Net.Security.SslStream.CheckCompletionBeforeNextReceive(ProtocolToken message, AsyncProtocolRequest asyncRequest)
   at System.Net.Security.SslStream.StartSendBlob(Byte[] incoming, Int32 count, AsyncProtocolRequest asyncRequest)
   at System.Net.Security.SslStream.ProcessReceivedBlob(Byte[] buffer, Int32 count, AsyncProtocolRequest asyncRequest)
   at System.Net.Security.SslStream.StartReadFrame(Byte[] buffer, Int32 readBytes, AsyncProtocolRequest asyncRequest)
   at System.Net.Security.SslStream.PartialFrameCallback(AsyncProtocolRequest asyncRequest)
--- End of stack trace from previous location where exception was thrown ---
   at System.Net.Security.SslStream.ThrowIfExceptional()
   at System.Net.Security.SslStream.InternalEndProcessAuthentication(LazyAsyncResult lazyResult)
   at System.Net.Security.SslStream.EndProcessAuthentication(IAsyncResult result)
   at System.Net.Security.SslStream.EndAuthenticateAsServer(IAsyncResult asyncResult)
   at System.Net.Security.SslStream.<>c.<AuthenticateAsServerAsync>b__69_1(IAsyncResult iar)
   at System.Threading.Tasks.TaskFactory`1.FromAsyncCoreLogic(IAsyncResult iar, Func`2 endFunction, Action`1 endAction, Task`1 promise, Boolean requiresSynchronization)
--- End of stack trace from previous location where exception was thrown ---
   at Microsoft.AspNetCore.Server.Kestrel.Https.Internal.HttpsConnectionMiddleware.InnerOnConnectionAsync(ConnectionContext context)
2021-03-26 10:09:32.248 +01:00 [DBG] Connection id "0HM7G6Q9SCNJK" stopped.
2021-03-26 10:09:32.250 +01:00 [DBG] Connection id "0HM7G6Q9SCNJK" sending FIN because: "The Socket transport's send loop completed gracefully."
2021-03-26 10:09:32.314 +01:00 [DBG] Connection id "0HM7G6Q9SCNJL" accepted.
2021-03-26 10:09:32.315 +01:00 [DBG] Connection id "0HM7G6Q9SCNJL" started.
2021-03-26 10:09:32.329 +01:00 [INF] Request starting HTTP/2 POST https://localhost:8085/v1/authormanagement/create?name=Pepito&surname=Lopez&email=loajajds%40gmoil.com&phone=9873143  0
2021-03-26 10:09:32.331 +01:00 [DBG] The host 'localhost' is excluded. Skipping HSTS header.
2021-03-26 10:09:32.332 +01:00 [DBG] POST requests are not supported
2021-03-26 10:09:32.363 +01:00 [DBG] AcceptLanguageHeaderRequestCultureProvider returned the following unsupported cultures '["en-US","en"]'.
2021-03-26 10:09:32.365 +01:00 [DBG] POST requests are not supported
2021-03-26 10:09:32.385 +01:00 [DBG] No candidates found for the request path '/v1/authormanagement/create'
2021-03-26 10:09:32.386 +01:00 [DBG] Request did not match any endpoints
2021-03-26 10:09:32.545 +01:00 [DBG] Connection id "0HM7G6Q9SCNJM" accepted.
2021-03-26 10:09:32.547 +01:00 [DBG] Connection id "0HM7G6Q9SCNJM" started.
2021-03-26 10:09:32.561 +01:00 [DBG] AuthenticationScheme: Bearer was not authenticated.
2021-03-26 10:09:32.611 +01:00 [DBG] Request successfully matched the route with name 'null' and template 'v1/authormanagement/create'
2021-03-26 10:09:32.710 +01:00 [INF] Route matched with {action = "CreateAuthor", controller = "Author"}. Executing controller action with signature System.Threading.Tasks.Task`1[Microsoft.AspNetCore.Mvc.ActionResult] CreateAuthor(System.String, System.String, System.String, Int32) on controller Devon4Net.WebAPI.Implementation.Business.AuthorManagement.Controllers.AuthorController (Devon4Net.WebAPI.Implementation).
2021-03-26 10:09:32.714 +01:00 [DBG] Execution plan of authorization filters (in the following order): ["Microsoft.AspNetCore.Mvc.Cors.CorsAuthorizationFilter (Order: -2147483548)"]
2021-03-26 10:09:32.716 +01:00 [DBG] Execution plan of resource filters (in the following order): ["Microsoft.AspNetCore.Mvc.ViewFeatures.Filters.SaveTempDataFilter"]
2021-03-26 10:09:32.717 +01:00 [DBG] Execution plan of action filters (in the following order): ["Microsoft.AspNetCore.Mvc.ModelBinding.UnsupportedContentTypeFilter (Order: -3000)","Microsoft.AspNetCore.Mvc.Infrastructure.ModelStateInvalidFilter (Order: -2000)"]
2021-03-26 10:09:32.725 +01:00 [DBG] Execution plan of exception filters (in the following order): ["None"]
2021-03-26 10:09:32.727 +01:00 [DBG] Execution plan of result filters (in the following order): ["Microsoft.AspNetCore.Mvc.ViewFeatures.Filters.SaveTempDataFilter","Microsoft.AspNetCore.Mvc.Infrastructure.ClientErrorResultFilter (Order: -2000)"]
2021-03-26 10:09:32.732 +01:00 [DBG] The request has an origin header: 'https://localhost:8085'.
2021-03-26 10:09:32.734 +01:00 [INF] CORS policy execution successful.
2021-03-26 10:09:32.747 +01:00 [DBG] Executing controller factory for controller Devon4Net.WebAPI.Implementation.Business.AuthorManagement.Controllers.AuthorController (Devon4Net.WebAPI.Implementation)
2021-03-26 10:09:32.751 +01:00 [DBG] Executed controller factory for controller Devon4Net.WebAPI.Implementation.Business.AuthorManagement.Controllers.AuthorController (Devon4Net.WebAPI.Implementation)
2021-03-26 10:09:32.776 +01:00 [DBG] Attempting to bind parameter 'name' of type 'System.String' ...
2021-03-26 10:09:32.786 +01:00 [DBG] Attempting to bind parameter 'name' of type 'System.String' using the name 'name' in request data ...
2021-03-26 10:09:32.790 +01:00 [DBG] Done attempting to bind parameter 'name' of type 'System.String'.
2021-03-26 10:09:32.791 +01:00 [DBG] Done attempting to bind parameter 'name' of type 'System.String'.
2021-03-26 10:09:32.793 +01:00 [DBG] Attempting to validate the bound parameter 'name' of type 'System.String' ...
2021-03-26 10:09:32.797 +01:00 [DBG] Done attempting to validate the bound parameter 'name' of type 'System.String'.
2021-03-26 10:09:32.800 +01:00 [DBG] Attempting to bind parameter 'surname' of type 'System.String' ...
2021-03-26 10:09:32.801 +01:00 [DBG] Attempting to bind parameter 'surname' of type 'System.String' using the name 'surname' in request data ...
2021-03-26 10:09:32.802 +01:00 [DBG] Done attempting to bind parameter 'surname' of type 'System.String'.
2021-03-26 10:09:32.803 +01:00 [DBG] Done attempting to bind parameter 'surname' of type 'System.String'.
2021-03-26 10:09:32.807 +01:00 [DBG] Attempting to validate the bound parameter 'surname' of type 'System.String' ...
2021-03-26 10:09:32.811 +01:00 [DBG] Done attempting to validate the bound parameter 'surname' of type 'System.String'.
2021-03-26 10:09:32.814 +01:00 [DBG] Attempting to bind parameter 'email' of type 'System.String' ...
2021-03-26 10:09:32.815 +01:00 [DBG] Attempting to bind parameter 'email' of type 'System.String' using the name 'email' in request data ...
2021-03-26 10:09:32.817 +01:00 [DBG] Done attempting to bind parameter 'email' of type 'System.String'.
2021-03-26 10:09:32.819 +01:00 [DBG] Done attempting to bind parameter 'email' of type 'System.String'.
2021-03-26 10:09:32.822 +01:00 [DBG] Attempting to validate the bound parameter 'email' of type 'System.String' ...
2021-03-26 10:09:32.825 +01:00 [DBG] Done attempting to validate the bound parameter 'email' of type 'System.String'.
2021-03-26 10:09:32.826 +01:00 [DBG] Attempting to bind parameter 'phone' of type 'System.Int32' ...
2021-03-26 10:09:32.830 +01:00 [DBG] Attempting to bind parameter 'phone' of type 'System.Int32' using the name 'phone' in request data ...
2021-03-26 10:09:32.833 +01:00 [DBG] Done attempting to bind parameter 'phone' of type 'System.Int32'.
2021-03-26 10:09:32.835 +01:00 [DBG] Done attempting to bind parameter 'phone' of type 'System.Int32'.
2021-03-26 10:09:32.837 +01:00 [DBG] Attempting to validate the bound parameter 'phone' of type 'System.Int32' ...
2021-03-26 10:09:32.845 +01:00 [DBG] Done attempting to validate the bound parameter 'phone' of type 'System.Int32'.
2021-03-26 10:09:32.850 +01:00 [DBG] Executing CreateAuthor from controller AuthorController
2021-03-26 10:09:32.852 +01:00 [DBG] CreateAuthor method from service AuthorService with values : Name = Pepito, Surname = Lopez, Email = loajajds@gmoil.com, Phone = 9873143
2021-03-26 10:09:32.861 +01:00 [DBG] List of registered output formatters, in the following order: ["Microsoft.AspNetCore.Mvc.Formatters.HttpNoContentOutputFormatter","Microsoft.AspNetCore.Mvc.Formatters.StringOutputFormatter","Microsoft.AspNetCore.Mvc.Formatters.StreamOutputFormatter","Microsoft.AspNetCore.Mvc.Formatters.SystemTextJsonOutputFormatter"]
2021-03-26 10:09:32.869 +01:00 [DBG] No information found on request to perform content negotiation.
2021-03-26 10:09:32.875 +01:00 [DBG] Attempting to select an output formatter without using a content type as no explicit content types were specified for the response.
2021-03-26 10:09:32.877 +01:00 [DBG] Attempting to select the first formatter in the output formatters list which can write the result.
2021-03-26 10:09:32.881 +01:00 [DBG] Selected output formatter 'Microsoft.AspNetCore.Mvc.Formatters.SystemTextJsonOutputFormatter' and content type 'application/json' to write the response.
2021-03-26 10:09:32.885 +01:00 [INF] Executing ObjectResult, writing value of type 'Devon4Net.WebAPI.Implementation.Business.AuthorManagement.Dto.AuthorDto'.
2021-03-26 10:09:32.911 +01:00 [INF] Executed action Devon4Net.WebAPI.Implementation.Business.AuthorManagement.Controllers.AuthorController.CreateAuthor (Devon4Net.WebAPI.Implementation) in 171.5158ms
2021-03-26 10:09:32.913 +01:00 [INF] Request finished in 583.9588ms 200 application/json; charset=utf-8
2021-03-26 10:09:38.523 +01:00 [DBG] Connection id "0HM7G6Q9SCNJM" received FIN.
2021-03-26 10:09:38.526 +01:00 [DBG] Connection id "0HM7G6Q9SCNJL" received FIN.
2021-03-26 10:09:38.532 +01:00 [DBG] Connection id "0HM7G6Q9SCNJM" is closed. The last processed stream ID was 0.
2021-03-26 10:09:38.542 +01:00 [DBG] Connection id "0HM7G6Q9SCNJL" is closed. The last processed stream ID was 1.
2021-03-26 10:09:38.544 +01:00 [DBG] Connection id "0HM7G6Q9SCNJM" sending FIN because: "The client closed the connection."
2021-03-26 10:09:38.545 +01:00 [DBG] Connection id "0HM7G6Q9SCNJL" sending FIN because: "The client closed the connection."
2021-03-26 10:09:38.552 +01:00 [DBG] Connection id "0HM7G6Q9SCNJL" stopped.
2021-03-26 10:09:38.552 +01:00 [DBG] Connection id "0HM7G6Q9SCNJM" stopped.
2021-03-26 10:47:40.070 +01:00 [INF] Please setup your database in order to have the RabbitMq messaging backup feature
2021-03-26 10:47:40.579 +01:00 [INF] Please setup your database in order to have the RabbitMq messaging backup feature
2021-03-26 10:47:45.301 +01:00 [DBG] Hosting starting
2021-03-26 10:47:45.433 +01:00 [INF] User profile is available. Using 'C:\Users\apenahig\AppData\Local\ASP.NET\DataProtection-Keys' as key repository and Windows DPAPI to encrypt keys at rest.
2021-03-26 10:47:45.680 +01:00 [DBG] Reading data from file 'C:\Users\apenahig\AppData\Local\ASP.NET\DataProtection-Keys\key-9d073722-32c1-4422-88d8-684df3278e92.xml'.
2021-03-26 10:47:45.720 +01:00 [DBG] Found key {9d073722-32c1-4422-88d8-684df3278e92}.
2021-03-26 10:47:45.741 +01:00 [DBG] Considering key {9d073722-32c1-4422-88d8-684df3278e92} with expiration date 2021-06-21 11:20:35Z as default key.
2021-03-26 10:47:45.754 +01:00 [DBG] Forwarded activator type request from Microsoft.AspNetCore.DataProtection.XmlEncryption.DpapiXmlDecryptor, Microsoft.AspNetCore.DataProtection, Version=3.1.13.0, Culture=neutral, PublicKeyToken=adb9793829ddae60 to Microsoft.AspNetCore.DataProtection.XmlEncryption.DpapiXmlDecryptor, Microsoft.AspNetCore.DataProtection, Culture=neutral, PublicKeyToken=adb9793829ddae60
2021-03-26 10:47:45.760 +01:00 [DBG] Decrypting secret element using Windows DPAPI.
2021-03-26 10:47:45.763 +01:00 [DBG] Forwarded activator type request from Microsoft.AspNetCore.DataProtection.AuthenticatedEncryption.ConfigurationModel.AuthenticatedEncryptorDescriptorDeserializer, Microsoft.AspNetCore.DataProtection, Version=3.1.13.0, Culture=neutral, PublicKeyToken=adb9793829ddae60 to Microsoft.AspNetCore.DataProtection.AuthenticatedEncryption.ConfigurationModel.AuthenticatedEncryptorDescriptorDeserializer, Microsoft.AspNetCore.DataProtection, Culture=neutral, PublicKeyToken=adb9793829ddae60
2021-03-26 10:47:45.774 +01:00 [DBG] Opening CNG algorithm 'AES' from provider 'null' with chaining mode CBC.
2021-03-26 10:47:45.781 +01:00 [DBG] Opening CNG algorithm 'SHA256' from provider 'null' with HMAC.
2021-03-26 10:47:45.788 +01:00 [DBG] Using key {9d073722-32c1-4422-88d8-684df3278e92} as the default key.
2021-03-26 10:47:45.798 +01:00 [DBG] Key ring with default key {9d073722-32c1-4422-88d8-684df3278e92} was loaded during application startup.
2021-03-26 10:47:45.955 +01:00 [DBG] Registered model binder providers, in the following order: ["Microsoft.AspNetCore.Mvc.ModelBinding.Binders.BinderTypeModelBinderProvider","Microsoft.AspNetCore.Mvc.ModelBinding.Binders.ServicesModelBinderProvider","Microsoft.AspNetCore.Mvc.ModelBinding.Binders.BodyModelBinderProvider","Microsoft.AspNetCore.Mvc.ModelBinding.Binders.HeaderModelBinderProvider","Microsoft.AspNetCore.Mvc.ModelBinding.Binders.FloatingPointTypeModelBinderProvider","Microsoft.AspNetCore.Mvc.ModelBinding.Binders.EnumTypeModelBinderProvider","Microsoft.AspNetCore.Mvc.ModelBinding.Binders.SimpleTypeModelBinderProvider","Microsoft.AspNetCore.Mvc.ModelBinding.Binders.CancellationTokenModelBinderProvider","Microsoft.AspNetCore.Mvc.ModelBinding.Binders.ByteArrayModelBinderProvider","Microsoft.AspNetCore.Mvc.ModelBinding.Binders.FormFileModelBinderProvider","Microsoft.AspNetCore.Mvc.ModelBinding.Binders.FormCollectionModelBinderProvider","Microsoft.AspNetCore.Mvc.ModelBinding.Binders.KeyValuePairModelBinderProvider","Microsoft.AspNetCore.Mvc.ModelBinding.Binders.DictionaryModelBinderProvider","Microsoft.AspNetCore.Mvc.ModelBinding.Binders.ArrayModelBinderProvider","Microsoft.AspNetCore.Mvc.ModelBinding.Binders.CollectionModelBinderProvider","Microsoft.AspNetCore.Mvc.ModelBinding.Binders.ComplexTypeModelBinderProvider"]
2021-03-26 10:47:46.011 +01:00 [DBG] Initializing Razor view compiler with no compiled views.
2021-03-26 10:47:46.080 +01:00 [DBG] Failed to locate the development https certificate at 'null'.
2021-03-26 10:47:46.086 +01:00 [WRN] Overriding address(es) 'https://localhost:8085'. Binding to endpoints defined in UseKestrel() instead.
2021-03-26 10:47:46.137 +01:00 [INF] Now listening on: https://0.0.0.0:8085
2021-03-26 10:47:46.139 +01:00 [DBG] Loaded hosting startup assembly Devon4Net.Application.WebAPI
2021-03-26 10:47:46.140 +01:00 [INF] Application started. Press Ctrl+C to shut down.
2021-03-26 10:47:46.140 +01:00 [INF] Hosting environment: Development
2021-03-26 10:47:46.141 +01:00 [INF] Content root path: C:\Users\apenahig\source\repos\devon4net\source\Templates\WebAPI\Devon4Net.Application.WebAPI
2021-03-26 10:47:46.144 +01:00 [DBG] Hosting started
2021-03-26 10:47:46.562 +01:00 [DBG] Connection id "0HM7G7GQU25M5" accepted.
2021-03-26 10:47:46.566 +01:00 [DBG] Connection id "0HM7G7GQU25M5" started.
2021-03-26 10:47:46.604 +01:00 [DBG] Connection id "0HM7G7GQU25M5" received FIN.
2021-03-26 10:47:46.624 +01:00 [DBG] Failed to authenticate HTTPS connection.
System.IO.IOException: Authentication failed because the remote party has closed the transport stream.
   at System.Net.Security.SslStream.StartReadFrame(Byte[] buffer, Int32 readBytes, AsyncProtocolRequest asyncRequest)
   at System.Net.Security.SslStream.StartReceiveBlob(Byte[] buffer, AsyncProtocolRequest asyncRequest)
   at System.Net.Security.SslStream.ForceAuthentication(Boolean receiveFirst, Byte[] buffer, AsyncProtocolRequest asyncRequest)
   at System.Net.Security.SslStream.ProcessAuthentication(LazyAsyncResult lazyResult, CancellationToken cancellationToken)
   at System.Net.Security.SslStream.BeginAuthenticateAsServer(SslServerAuthenticationOptions sslServerAuthenticationOptions, CancellationToken cancellationToken, AsyncCallback asyncCallback, Object asyncState)
   at System.Net.Security.SslStream.<>c.<AuthenticateAsServerAsync>b__69_0(SslServerAuthenticationOptions arg1, CancellationToken arg2, AsyncCallback callback, Object state)
   at System.Threading.Tasks.TaskFactory`1.FromAsyncImpl[TArg1,TArg2](Func`5 beginMethod, Func`2 endFunction, Action`1 endAction, TArg1 arg1, TArg2 arg2, Object state, TaskCreationOptions creationOptions)
   at System.Threading.Tasks.TaskFactory.FromAsync[TArg1,TArg2](Func`5 beginMethod, Action`1 endMethod, TArg1 arg1, TArg2 arg2, Object state, TaskCreationOptions creationOptions)
   at System.Threading.Tasks.TaskFactory.FromAsync[TArg1,TArg2](Func`5 beginMethod, Action`1 endMethod, TArg1 arg1, TArg2 arg2, Object state)
   at System.Net.Security.SslStream.AuthenticateAsServerAsync(SslServerAuthenticationOptions sslServerAuthenticationOptions, CancellationToken cancellationToken)
   at Microsoft.AspNetCore.Server.Kestrel.Https.Internal.HttpsConnectionMiddleware.InnerOnConnectionAsync(ConnectionContext context)
2021-03-26 10:47:46.795 +01:00 [DBG] Connection id "0HM7G7GQU25M5" stopped.
2021-03-26 10:47:46.813 +01:00 [DBG] Connection id "0HM7G7GQU25M5" sending FIN because: "The Socket transport's send loop completed gracefully."
2021-03-26 10:47:50.685 +01:00 [DBG] Connection id "0HM7G7GQU25M6" accepted.
2021-03-26 10:47:50.931 +01:00 [DBG] Connection id "0HM7G7GQU25M6" started.
2021-03-26 10:47:50.973 +01:00 [DBG] Connection id "0HM7G7GQU25M7" accepted.
2021-03-26 10:47:50.985 +01:00 [DBG] Connection id "0HM7G7GQU25M7" started.
2021-03-26 10:47:59.556 +01:00 [DBG] Connection id "0HM7G7GQU25M7" received FIN.
2021-03-26 10:47:59.597 +01:00 [DBG] Connection id "0HM7G7GQU25M6" received FIN.
2021-03-26 10:47:59.613 +01:00 [DBG] Failed to authenticate HTTPS connection.
System.Security.Authentication.AuthenticationException: Authentication failed, see inner exception.
 ---> System.ComponentModel.Win32Exception (0x80090327): An unknown error occurred while processing the certificate.
   --- End of inner exception stack trace ---
   at System.Net.Security.SslStream.StartSendAuthResetSignal(ProtocolToken message, AsyncProtocolRequest asyncRequest, ExceptionDispatchInfo exception)
   at System.Net.Security.SslStream.CheckCompletionBeforeNextReceive(ProtocolToken message, AsyncProtocolRequest asyncRequest)
   at System.Net.Security.SslStream.StartSendBlob(Byte[] incoming, Int32 count, AsyncProtocolRequest asyncRequest)
   at System.Net.Security.SslStream.ProcessReceivedBlob(Byte[] buffer, Int32 count, AsyncProtocolRequest asyncRequest)
   at System.Net.Security.SslStream.StartReadFrame(Byte[] buffer, Int32 readBytes, AsyncProtocolRequest asyncRequest)
   at System.Net.Security.SslStream.PartialFrameCallback(AsyncProtocolRequest asyncRequest)
--- End of stack trace from previous location where exception was thrown ---
   at System.Net.Security.SslStream.ThrowIfExceptional()
   at System.Net.Security.SslStream.InternalEndProcessAuthentication(LazyAsyncResult lazyResult)
   at System.Net.Security.SslStream.EndProcessAuthentication(IAsyncResult result)
   at System.Net.Security.SslStream.EndAuthenticateAsServer(IAsyncResult asyncResult)
   at System.Net.Security.SslStream.<>c.<AuthenticateAsServerAsync>b__69_1(IAsyncResult iar)
   at System.Threading.Tasks.TaskFactory`1.FromAsyncCoreLogic(IAsyncResult iar, Func`2 endFunction, Action`1 endAction, Task`1 promise, Boolean requiresSynchronization)
--- End of stack trace from previous location where exception was thrown ---
   at Microsoft.AspNetCore.Server.Kestrel.Https.Internal.HttpsConnectionMiddleware.InnerOnConnectionAsync(ConnectionContext context)
2021-03-26 10:47:59.613 +01:00 [DBG] Failed to authenticate HTTPS connection.
System.Security.Authentication.AuthenticationException: Authentication failed, see inner exception.
 ---> System.ComponentModel.Win32Exception (0x80090327): An unknown error occurred while processing the certificate.
   --- End of inner exception stack trace ---
   at System.Net.Security.SslStream.StartSendAuthResetSignal(ProtocolToken message, AsyncProtocolRequest asyncRequest, ExceptionDispatchInfo exception)
   at System.Net.Security.SslStream.CheckCompletionBeforeNextReceive(ProtocolToken message, AsyncProtocolRequest asyncRequest)
   at System.Net.Security.SslStream.StartSendBlob(Byte[] incoming, Int32 count, AsyncProtocolRequest asyncRequest)
   at System.Net.Security.SslStream.ProcessReceivedBlob(Byte[] buffer, Int32 count, AsyncProtocolRequest asyncRequest)
   at System.Net.Security.SslStream.StartReadFrame(Byte[] buffer, Int32 readBytes, AsyncProtocolRequest asyncRequest)
   at System.Net.Security.SslStream.PartialFrameCallback(AsyncProtocolRequest asyncRequest)
--- End of stack trace from previous location where exception was thrown ---
   at System.Net.Security.SslStream.ThrowIfExceptional()
   at System.Net.Security.SslStream.InternalEndProcessAuthentication(LazyAsyncResult lazyResult)
   at System.Net.Security.SslStream.EndProcessAuthentication(IAsyncResult result)
   at System.Net.Security.SslStream.EndAuthenticateAsServer(IAsyncResult asyncResult)
   at System.Net.Security.SslStream.<>c.<AuthenticateAsServerAsync>b__69_1(IAsyncResult iar)
   at System.Threading.Tasks.TaskFactory`1.FromAsyncCoreLogic(IAsyncResult iar, Func`2 endFunction, Action`1 endAction, Task`1 promise, Boolean requiresSynchronization)
--- End of stack trace from previous location where exception was thrown ---
   at Microsoft.AspNetCore.Server.Kestrel.Https.Internal.HttpsConnectionMiddleware.InnerOnConnectionAsync(ConnectionContext context)
2021-03-26 10:48:02.083 +01:00 [DBG] Connection id "0HM7G7GQU25M7" sending FIN because: "The connection was aborted by the application via ConnectionContext.Abort()."
2021-03-26 10:48:01.038 +01:00 [DBG] Connection id "0HM7G7GQU25M8" accepted.
2021-03-26 10:47:59.910 +01:00 [DBG] Connection id "0HM7G7GQU25M6" stopped.
2021-03-26 10:48:05.907 +01:00 [DBG] Connection id "0HM7G7GQU25M7" stopped.
2021-03-26 10:48:05.969 +01:00 [DBG] Connection id "0HM7G7GQU25M8" started.
2021-03-26 10:48:05.977 +01:00 [DBG] Connection id "0HM7G7GQU25M9" accepted.
2021-03-26 10:48:06.091 +01:00 [DBG] Connection id "0HM7G7GQU25M6" sending FIN because: "The Socket transport's send loop completed gracefully."
2021-03-26 10:48:06.251 +01:00 [DBG] Connection id "0HM7G7GQU25M9" started.
2021-03-26 10:48:06.705 +01:00 [INF] Request starting HTTP/2 GET https://localhost:8085/swagger/index.html  
2021-03-26 10:48:07.005 +01:00 [DBG] Wildcard detected, all requests with hosts will be allowed.
2021-03-26 10:48:07.021 +01:00 [DBG] The host 'localhost' is excluded. Skipping HSTS header.
2021-03-26 10:48:08.287 +01:00 [DBG] The request path /swagger/index.html does not match an existing file
2021-03-26 10:48:08.470 +01:00 [DBG] AcceptLanguageHeaderRequestCultureProvider returned the following unsupported cultures '["en-US","en"]'.
2021-03-26 10:48:10.611 +01:00 [INF] Request finished in 3950.5302ms 200 text/html;charset=utf-8
2021-03-26 10:48:11.173 +01:00 [INF] Request starting HTTP/2 GET https://localhost:8085/swagger/swagger-ui.css  
2021-03-26 10:48:11.173 +01:00 [INF] Request starting HTTP/2 GET https://localhost:8085/swagger/swagger-ui-bundle.js  
2021-03-26 10:48:11.173 +01:00 [INF] Request starting HTTP/2 GET https://localhost:8085/swagger/swagger-ui-standalone-preset.js  
2021-03-26 10:48:11.233 +01:00 [DBG] The host 'localhost' is excluded. Skipping HSTS header.
2021-03-26 10:48:11.363 +01:00 [DBG] The host 'localhost' is excluded. Skipping HSTS header.
2021-03-26 10:48:11.436 +01:00 [DBG] The host 'localhost' is excluded. Skipping HSTS header.
2021-03-26 10:48:11.473 +01:00 [DBG] The request path /swagger/swagger-ui.css does not match an existing file
2021-03-26 10:48:11.669 +01:00 [DBG] The request path /swagger/swagger-ui-bundle.js does not match an existing file
2021-03-26 10:48:12.002 +01:00 [DBG] The request path /swagger/swagger-ui-standalone-preset.js does not match an existing file
2021-03-26 10:48:12.018 +01:00 [DBG] AcceptLanguageHeaderRequestCultureProvider returned the following unsupported cultures '["en-US","en"]'.
2021-03-26 10:48:12.253 +01:00 [DBG] AcceptLanguageHeaderRequestCultureProvider returned the following unsupported cultures '["en-US","en"]'.
2021-03-26 10:48:12.867 +01:00 [INF] Sending file. Request path: '/swagger-ui.css'. Physical path: 'N/A'
2021-03-26 10:48:12.255 +01:00 [DBG] AcceptLanguageHeaderRequestCultureProvider returned the following unsupported cultures '["en-US","en"]'.
2021-03-26 10:48:12.929 +01:00 [INF] Request finished in 1754.8802ms 200 text/css
2021-03-26 10:48:13.205 +01:00 [INF] Sending file. Request path: '/swagger-ui-standalone-preset.js'. Physical path: 'N/A'
2021-03-26 10:48:13.301 +01:00 [INF] Request finished in 2127.3646ms 200 application/javascript
2021-03-26 10:48:13.388 +01:00 [INF] Sending file. Request path: '/swagger-ui-bundle.js'. Physical path: 'N/A'
2021-03-26 10:48:13.403 +01:00 [INF] Request finished in 2229.8427ms 200 application/javascript
2021-03-26 10:48:13.737 +01:00 [INF] Request starting HTTP/2 GET https://localhost:8085/swagger/v1/swagger.json  
2021-03-26 10:48:13.745 +01:00 [DBG] The host 'localhost' is excluded. Skipping HSTS header.
2021-03-26 10:48:13.748 +01:00 [DBG] The request path /swagger/v1/swagger.json does not match an existing file
2021-03-26 10:48:13.751 +01:00 [DBG] AcceptLanguageHeaderRequestCultureProvider returned the following unsupported cultures '["en-US","en"]'.
2021-03-26 10:48:17.016 +01:00 [INF] Request finished in 3279.0645ms 200 application/json;charset=utf-8
2021-03-26 10:48:35.311 +01:00 [INF] Request starting HTTP/2 POST https://localhost:8085/v1/authormanagement/create?name=asfvas&surname=sdcvasv&email=asva&phone=87373  0
2021-03-26 10:48:35.313 +01:00 [DBG] The host 'localhost' is excluded. Skipping HSTS header.
2021-03-26 10:48:35.315 +01:00 [DBG] POST requests are not supported
2021-03-26 10:48:35.353 +01:00 [DBG] AcceptLanguageHeaderRequestCultureProvider returned the following unsupported cultures '["en-US","en"]'.
2021-03-26 10:48:35.359 +01:00 [DBG] POST requests are not supported
2021-03-26 10:48:35.386 +01:00 [DBG] No candidates found for the request path '/v1/authormanagement/create'
2021-03-26 10:48:35.389 +01:00 [DBG] Request did not match any endpoints
2021-03-26 10:48:35.595 +01:00 [DBG] AuthenticationScheme: Bearer was not authenticated.
2021-03-26 10:48:35.656 +01:00 [DBG] Request successfully matched the route with name 'null' and template 'v1/authormanagement/create'
2021-03-26 10:48:35.775 +01:00 [INF] Route matched with {action = "CreateAuthor", controller = "Author"}. Executing controller action with signature System.Threading.Tasks.Task`1[Microsoft.AspNetCore.Mvc.ActionResult] CreateAuthor(System.String, System.String, System.String, Int32) on controller Devon4Net.WebAPI.Implementation.Business.AuthorManagement.Controllers.AuthorController (Devon4Net.WebAPI.Implementation).
2021-03-26 10:48:35.780 +01:00 [DBG] Execution plan of authorization filters (in the following order): ["Microsoft.AspNetCore.Mvc.Cors.CorsAuthorizationFilter (Order: -2147483548)"]
2021-03-26 10:48:35.782 +01:00 [DBG] Execution plan of resource filters (in the following order): ["Microsoft.AspNetCore.Mvc.ViewFeatures.Filters.SaveTempDataFilter"]
2021-03-26 10:48:35.784 +01:00 [DBG] Execution plan of action filters (in the following order): ["Microsoft.AspNetCore.Mvc.ModelBinding.UnsupportedContentTypeFilter (Order: -3000)","Microsoft.AspNetCore.Mvc.Infrastructure.ModelStateInvalidFilter (Order: -2000)"]
2021-03-26 10:48:35.792 +01:00 [DBG] Execution plan of exception filters (in the following order): ["None"]
2021-03-26 10:48:35.794 +01:00 [DBG] Execution plan of result filters (in the following order): ["Microsoft.AspNetCore.Mvc.ViewFeatures.Filters.SaveTempDataFilter","Microsoft.AspNetCore.Mvc.Infrastructure.ClientErrorResultFilter (Order: -2000)"]
2021-03-26 10:48:35.815 +01:00 [DBG] The request has an origin header: 'https://localhost:8085'.
2021-03-26 10:48:35.817 +01:00 [INF] CORS policy execution successful.
2021-03-26 10:48:35.829 +01:00 [DBG] Executing controller factory for controller Devon4Net.WebAPI.Implementation.Business.AuthorManagement.Controllers.AuthorController (Devon4Net.WebAPI.Implementation)
2021-03-26 10:48:35.841 +01:00 [DBG] Executed controller factory for controller Devon4Net.WebAPI.Implementation.Business.AuthorManagement.Controllers.AuthorController (Devon4Net.WebAPI.Implementation)
2021-03-26 10:48:35.871 +01:00 [DBG] Attempting to bind parameter 'name' of type 'System.String' ...
2021-03-26 10:48:35.899 +01:00 [DBG] Attempting to bind parameter 'name' of type 'System.String' using the name 'name' in request data ...
2021-03-26 10:48:35.903 +01:00 [DBG] Done attempting to bind parameter 'name' of type 'System.String'.
2021-03-26 10:48:35.908 +01:00 [DBG] Done attempting to bind parameter 'name' of type 'System.String'.
2021-03-26 10:48:35.918 +01:00 [DBG] Attempting to validate the bound parameter 'name' of type 'System.String' ...
2021-03-26 10:48:35.938 +01:00 [DBG] Done attempting to validate the bound parameter 'name' of type 'System.String'.
2021-03-26 10:48:35.962 +01:00 [DBG] Attempting to bind parameter 'surname' of type 'System.String' ...
2021-03-26 10:48:35.964 +01:00 [DBG] Attempting to bind parameter 'surname' of type 'System.String' using the name 'surname' in request data ...
2021-03-26 10:48:35.971 +01:00 [DBG] Done attempting to bind parameter 'surname' of type 'System.String'.
2021-03-26 10:48:35.982 +01:00 [DBG] Done attempting to bind parameter 'surname' of type 'System.String'.
2021-03-26 10:48:35.988 +01:00 [DBG] Attempting to validate the bound parameter 'surname' of type 'System.String' ...
2021-03-26 10:48:35.991 +01:00 [DBG] Done attempting to validate the bound parameter 'surname' of type 'System.String'.
2021-03-26 10:48:35.993 +01:00 [DBG] Attempting to bind parameter 'email' of type 'System.String' ...
2021-03-26 10:48:35.994 +01:00 [DBG] Attempting to bind parameter 'email' of type 'System.String' using the name 'email' in request data ...
2021-03-26 10:48:35.997 +01:00 [DBG] Done attempting to bind parameter 'email' of type 'System.String'.
2021-03-26 10:48:36.000 +01:00 [DBG] Done attempting to bind parameter 'email' of type 'System.String'.
2021-03-26 10:48:36.014 +01:00 [DBG] Attempting to validate the bound parameter 'email' of type 'System.String' ...
2021-03-26 10:48:36.022 +01:00 [DBG] Done attempting to validate the bound parameter 'email' of type 'System.String'.
2021-03-26 10:48:36.025 +01:00 [DBG] Attempting to bind parameter 'phone' of type 'System.Int32' ...
2021-03-26 10:48:36.028 +01:00 [DBG] Attempting to bind parameter 'phone' of type 'System.Int32' using the name 'phone' in request data ...
2021-03-26 10:48:36.029 +01:00 [DBG] Done attempting to bind parameter 'phone' of type 'System.Int32'.
2021-03-26 10:48:36.034 +01:00 [DBG] Done attempting to bind parameter 'phone' of type 'System.Int32'.
2021-03-26 10:48:36.038 +01:00 [DBG] Attempting to validate the bound parameter 'phone' of type 'System.Int32' ...
2021-03-26 10:48:36.041 +01:00 [DBG] Done attempting to validate the bound parameter 'phone' of type 'System.Int32'.
2021-03-26 10:48:36.047 +01:00 [DBG] Executing CreateAuthor from controller AuthorController
2021-03-26 10:48:36.049 +01:00 [DBG] CreateAuthor method from service AuthorService with values : Name = asfvas, Surname = sdcvasv, Email = asva, Phone = 87373
2021-03-26 10:50:20.702 +01:00 [DBG] Connection id "0HM7G7GQU25M9" received FIN.
2021-03-26 10:56:44.026 +01:00 [DBG] List of registered output formatters, in the following order: ["Microsoft.AspNetCore.Mvc.Formatters.HttpNoContentOutputFormatter","Microsoft.AspNetCore.Mvc.Formatters.StringOutputFormatter","Microsoft.AspNetCore.Mvc.Formatters.StreamOutputFormatter","Microsoft.AspNetCore.Mvc.Formatters.SystemTextJsonOutputFormatter"]
2021-03-26 10:56:44.036 +01:00 [DBG] Connection id "0HM7G7GQU25M9" is closed. The last processed stream ID was 0.
2021-03-26 10:56:44.074 +01:00 [DBG] Connection id "0HM7G7GQU25M9" sending FIN because: "The client closed the connection."
2021-03-26 10:56:44.083 +01:00 [DBG] No information found on request to perform content negotiation.
2021-03-26 10:56:44.111 +01:00 [DBG] Attempting to select an output formatter without using a content type as no explicit content types were specified for the response.
2021-03-26 10:56:44.111 +01:00 [DBG] Connection id "0HM7G7GQU25M9" stopped.
2021-03-26 10:56:44.120 +01:00 [DBG] Attempting to select the first formatter in the output formatters list which can write the result.
2021-03-26 10:56:44.134 +01:00 [DBG] Selected output formatter 'Microsoft.AspNetCore.Mvc.Formatters.SystemTextJsonOutputFormatter' and content type 'application/json' to write the response.
2021-03-26 10:56:44.148 +01:00 [INF] Executing ObjectResult, writing value of type 'Devon4Net.WebAPI.Implementation.Business.AuthorManagement.Dto.AuthorDto'.
2021-03-26 10:56:44.201 +01:00 [INF] Executed action Devon4Net.WebAPI.Implementation.Business.AuthorManagement.Controllers.AuthorController.CreateAuthor (Devon4Net.WebAPI.Implementation) in 488375.9482ms
2021-03-26 10:56:44.205 +01:00 [INF] Request finished in 488893.7496ms 200 application/json; charset=utf-8
2021-03-26 10:56:48.518 +01:00 [DBG] Connection id "0HM7G7GQU25M8" received FIN.
2021-03-26 10:56:48.523 +01:00 [DBG] Connection id "0HM7G7GQU25M8" is closed. The last processed stream ID was 11.
2021-03-26 10:56:48.523 +01:00 [DBG] Connection id "0HM7G7GQU25M8" sending FIN because: "The client closed the connection."
2021-03-26 10:56:48.538 +01:00 [DBG] Connection id "0HM7G7GQU25M8" stopped.
